STATUS | wrapper  | 2018/05/29 15:33:08 | --> Wrapper Started as Console
STATUS | wrapper  | 2018/05/29 15:33:09 | Launching a JVM...
INFO   | jvm 1    | 2018/05/29 15:33:09 | Wrapper (Version 3.2.3) http://wrapper.tanukisoftware.org
INFO   | jvm 1    | 2018/05/29 15:33:09 |   Copyright 1999-2006 Tanuki Software, Inc.  All Rights Reserved.
INFO   | jvm 1    | 2018/05/29 15:33:09 | 
INFO   | jvm 1    | 2018/05/29 15:33:09 | Java Runtime: Oracle Corporation 1.8.0_171 A:\Program Files\Java\jre1.8.0_171
INFO   | jvm 1    | 2018/05/29 15:33:09 |   Heap sizes: current=125952k  free=115967k  max=932352k
INFO   | jvm 1    | 2018/05/29 15:33:09 |     JVM args: -Dactivemq.home=../.. -Dactivemq.base=../.. -Djavax.net.ssl.keyStorePassword=password -Djavax.net.ssl.trustStorePassword=password -Djavax.net.ssl.keyStore=../../conf/broker.ks -Djavax.net.ssl.trustStore=../../conf/broker.ts -Dcom.sun.management.jmxremote -Dorg.apache.activemq.UseDedicatedTaskRunner=true -Djava.util.logging.config.file=logging.properties -Dactivemq.conf=../../conf -Dactivemq.data=../../data -Djava.security.auth.login.config=../../conf/login.config -Xmx1024m -Djava.library.path=../../bin/win64 -Dwrapper.key=SdFAl3KeOGBN7HOx -Dwrapper.port=32000 -Dwrapper.jvm.port.min=31000 -Dwrapper.jvm.port.max=31999 -Dwrapper.pid=10068 -Dwrapper.version=3.2.3 -Dwrapper.native_library=wrapper -Dwrapper.cpu.timeout=10 -Dwrapper.jvmid=1
INFO   | jvm 1    | 2018/05/29 15:33:09 | Extensions classpath:
INFO   | jvm 1    | 2018/05/29 15:33:09 |   [..\..\lib,..\..\lib\camel,..\..\lib\optional,..\..\lib\web,..\..\lib\extra]
INFO   | jvm 1    | 2018/05/29 15:33:09 | ACTIVEMQ_HOME: ..\..
INFO   | jvm 1    | 2018/05/29 15:33:09 | ACTIVEMQ_BASE: ..\..
INFO   | jvm 1    | 2018/05/29 15:33:09 | ACTIVEMQ_CONF: ..\..\conf
INFO   | jvm 1    | 2018/05/29 15:33:09 | ACTIVEMQ_DATA: ..\..\data
INFO   | jvm 1    | 2018/05/29 15:33:12 | Loading message broker from: xbean:activemq.xml
INFO   | jvm 1    | 2018/05/29 15:33:12 |  INFO | Refreshing org.apache.activemq.xbean.XBeanBrokerFactory$1@283b6c60: startup date [Tue May 29 15:33:12 CST 2018]; root of context hierarchy
INFO   | jvm 1    | 2018/05/29 15:33:13 |  INFO | PListStore:[D:\developTool\apache-activemq-5.12.0\bin\win64\..\..\data\localhost\tmp_storage] started
INFO   | jvm 1    | 2018/05/29 15:33:13 |  INFO | Using Persistence Adapter: KahaDBPersistenceAdapter[D:\developTool\apache-activemq-5.12.0\bin\win64\..\..\data\kahadb]
INFO   | jvm 1    | 2018/05/29 15:33:14 |  INFO | KahaDB is version 6
INFO   | jvm 1    | 2018/05/29 15:33:14 |  INFO | Recovering from the journal @1:1657391
INFO   | jvm 1    | 2018/05/29 15:33:14 |  INFO | Recovery replayed 8244 operations from the journal in 0.193 seconds.
INFO   | jvm 1    | 2018/05/29 15:33:15 |  INFO | Apache ActiveMQ 5.12.0 (localhost, ID:P1H9VOC9DTK2LIO-63384-1527579194828-0:1) is starting
INFO   | jvm 1    | 2018/05/29 15:33:15 |  INFO | Listening for connections at: tcp://P1H9VOC9DTK2LIO:61616?maximumConnections=1000&wireFormat.maxFrameSize=104857600
INFO   | jvm 1    | 2018/05/29 15:33:15 |  INFO | Connector openwire started
INFO   | jvm 1    | 2018/05/29 15:33:15 |  INFO | Listening for connections at: amqp://P1H9VOC9DTK2LIO:5672?maximumConnections=1000&wireFormat.maxFrameSize=104857600
INFO   | jvm 1    | 2018/05/29 15:33:15 |  INFO | Connector amqp started
INFO   | jvm 1    | 2018/05/29 15:33:15 |  INFO | Listening for connections at: stomp://P1H9VOC9DTK2LIO:61613?maximumConnections=1000&wireFormat.maxFrameSize=104857600
INFO   | jvm 1    | 2018/05/29 15:33:15 |  INFO | Connector stomp started
INFO   | jvm 1    | 2018/05/29 15:33:15 |  INFO | Listening for connections at: mqtt://P1H9VOC9DTK2LIO:1883?maximumConnections=1000&wireFormat.maxFrameSize=104857600
INFO   | jvm 1    | 2018/05/29 15:33:15 |  INFO | Connector mqtt started
INFO   | jvm 1    | 2018/05/29 15:33:15 | {}
INFO   | jvm 1    | 2018/05/29 15:33:15 |  INFO | Listening for connections at ws://P1H9VOC9DTK2LIO:61614?maximumConnections=1000&wireFormat.maxFrameSize=104857600
INFO   | jvm 1    | 2018/05/29 15:33:15 |  INFO | Connector ws started
INFO   | jvm 1    | 2018/05/29 15:33:15 |  INFO | Apache ActiveMQ 5.12.0 (localhost, ID:P1H9VOC9DTK2LIO-63384-1527579194828-0:1) started
INFO   | jvm 1    | 2018/05/29 15:33:15 |  INFO | For help or more information please see: http://activemq.apache.org
INFO   | jvm 1    | 2018/05/29 15:33:15 |  WARN | Store limit is 102400 mb (current store usage is 3 mb). The data directory: D:\developTool\apache-activemq-5.12.0\bin\win64\..\..\data\kahadb only has 17238 mb of usable space - resetting to maximum available disk space: 17242 mb
INFO   | jvm 1    | 2018/05/29 15:33:15 |  WARN | Temporary Store limit is 51200 mb, whilst the temporary data directory: D:\developTool\apache-activemq-5.12.0\bin\win64\..\..\data\localhost\tmp_storage only has 17238 mb of usable space - resetting to maximum available 17238 mb.
INFO   | jvm 1    | 2018/05/29 15:33:16 |  INFO | ActiveMQ WebConsole available at http://0.0.0.0:8161/
INFO   | jvm 1    | 2018/05/29 15:33:16 |  INFO | ActiveMQ Jolokia REST API available at http://0.0.0.0:8161/api/jolokia/
INFO   | jvm 1    | 2018/05/29 15:33:16 |  INFO | Initializing Spring FrameworkServlet 'dispatcher'
INFO   | jvm 1    | 2018/05/29 15:33:16 |  INFO | jolokia-agent: No access restrictor found at classpath:/jolokia-access.xml, access to all MBeans is allowed
INFO   | jvm 1    | 2018/05/29 15:42:03 |  WARN | Transport Connection to: tcp://127.0.0.1:63387 failed: java.net.SocketException: Connection reset
STATUS | wrapper  | 2018/05/30 14:42:09 | --> Wrapper Started as Console
STATUS | wrapper  | 2018/05/30 14:42:09 | Launching a JVM...
INFO   | jvm 1    | 2018/05/30 14:42:09 | Wrapper (Version 3.2.3) http://wrapper.tanukisoftware.org
INFO   | jvm 1    | 2018/05/30 14:42:09 |   Copyright 1999-2006 Tanuki Software, Inc.  All Rights Reserved.
INFO   | jvm 1    | 2018/05/30 14:42:09 | 
INFO   | jvm 1    | 2018/05/30 14:42:10 | Java Runtime: Oracle Corporation 1.8.0_171 A:\Program Files\Java\jre1.8.0_171
INFO   | jvm 1    | 2018/05/30 14:42:10 |   Heap sizes: current=125952k  free=115902k  max=932352k
INFO   | jvm 1    | 2018/05/30 14:42:10 |     JVM args: -Dactivemq.home=../.. -Dactivemq.base=../.. -Djavax.net.ssl.keyStorePassword=password -Djavax.net.ssl.trustStorePassword=password -Djavax.net.ssl.keyStore=../../conf/broker.ks -Djavax.net.ssl.trustStore=../../conf/broker.ts -Dcom.sun.management.jmxremote -Dorg.apache.activemq.UseDedicatedTaskRunner=true -Djava.util.logging.config.file=logging.properties -Dactivemq.conf=../../conf -Dactivemq.data=../../data -Djava.security.auth.login.config=../../conf/login.config -Xmx1024m -Djava.library.path=../../bin/win64 -Dwrapper.key=0JOHOhtH3RnYzKdl -Dwrapper.port=32000 -Dwrapper.jvm.port.min=31000 -Dwrapper.jvm.port.max=31999 -Dwrapper.pid=3648 -Dwrapper.version=3.2.3 -Dwrapper.native_library=wrapper -Dwrapper.cpu.timeout=10 -Dwrapper.jvmid=1
INFO   | jvm 1    | 2018/05/30 14:42:10 | Extensions classpath:
INFO   | jvm 1    | 2018/05/30 14:42:10 |   [..\..\lib,..\..\lib\camel,..\..\lib\optional,..\..\lib\web,..\..\lib\extra]
INFO   | jvm 1    | 2018/05/30 14:42:10 | ACTIVEMQ_HOME: ..\..
INFO   | jvm 1    | 2018/05/30 14:42:10 | ACTIVEMQ_BASE: ..\..
INFO   | jvm 1    | 2018/05/30 14:42:10 | ACTIVEMQ_CONF: ..\..\conf
INFO   | jvm 1    | 2018/05/30 14:42:10 | ACTIVEMQ_DATA: ..\..\data
INFO   | jvm 1    | 2018/05/30 14:42:10 | Loading message broker from: xbean:activemq.xml
INFO   | jvm 1    | 2018/05/30 14:42:10 |  INFO | Refreshing org.apache.activemq.xbean.XBeanBrokerFactory$1@7927db74: startup date [Wed May 30 14:42:10 CST 2018]; root of context hierarchy
INFO   | jvm 1    | 2018/05/30 14:42:12 |  INFO | PListStore:[D:\developTool\apache-activemq-5.12.0\bin\win64\..\..\data\localhost\tmp_storage] started
INFO   | jvm 1    | 2018/05/30 14:42:12 |  INFO | Using Persistence Adapter: KahaDBPersistenceAdapter[D:\developTool\apache-activemq-5.12.0\bin\win64\..\..\data\kahadb]
INFO   | jvm 1    | 2018/05/30 14:42:12 |  INFO | KahaDB is version 6
INFO   | jvm 1    | 2018/05/30 14:42:12 |  INFO | Recovering from the journal @1:3736363
INFO   | jvm 1    | 2018/05/30 14:42:13 |  INFO | Recovery replayed 5392 operations from the journal in 0.159 seconds.
INFO   | jvm 1    | 2018/05/30 14:42:13 |  INFO | Apache ActiveMQ 5.12.0 (localhost, ID:P1H9VOC9DTK2LIO-52564-1527662532997-0:1) is starting
INFO   | jvm 1    | 2018/05/30 14:42:13 |  INFO | Listening for connections at: tcp://P1H9VOC9DTK2LIO:61616?maximumConnections=1000&wireFormat.maxFrameSize=104857600
INFO   | jvm 1    | 2018/05/30 14:42:13 |  INFO | Connector openwire started
INFO   | jvm 1    | 2018/05/30 14:42:13 |  INFO | Listening for connections at: amqp://P1H9VOC9DTK2LIO:5672?maximumConnections=1000&wireFormat.maxFrameSize=104857600
INFO   | jvm 1    | 2018/05/30 14:42:13 |  INFO | Connector amqp started
INFO   | jvm 1    | 2018/05/30 14:42:13 |  INFO | Listening for connections at: stomp://P1H9VOC9DTK2LIO:61613?maximumConnections=1000&wireFormat.maxFrameSize=104857600
INFO   | jvm 1    | 2018/05/30 14:42:13 |  INFO | Connector stomp started
INFO   | jvm 1    | 2018/05/30 14:42:13 |  INFO | Listening for connections at: mqtt://P1H9VOC9DTK2LIO:1883?maximumConnections=1000&wireFormat.maxFrameSize=104857600
INFO   | jvm 1    | 2018/05/30 14:42:13 |  INFO | Connector mqtt started
INFO   | jvm 1    | 2018/05/30 14:42:13 | {}
INFO   | jvm 1    | 2018/05/30 14:42:13 |  INFO | Listening for connections at ws://P1H9VOC9DTK2LIO:61614?maximumConnections=1000&wireFormat.maxFrameSize=104857600
INFO   | jvm 1    | 2018/05/30 14:42:13 |  INFO | Connector ws started
INFO   | jvm 1    | 2018/05/30 14:42:13 |  INFO | Apache ActiveMQ 5.12.0 (localhost, ID:P1H9VOC9DTK2LIO-52564-1527662532997-0:1) started
INFO   | jvm 1    | 2018/05/30 14:42:13 |  INFO | For help or more information please see: http://activemq.apache.org
INFO   | jvm 1    | 2018/05/30 14:42:13 |  WARN | Store limit is 102400 mb (current store usage is 4 mb). The data directory: D:\developTool\apache-activemq-5.12.0\bin\win64\..\..\data\kahadb only has 17100 mb of usable space - resetting to maximum available disk space: 17105 mb
INFO   | jvm 1    | 2018/05/30 14:42:13 |  WARN | Temporary Store limit is 51200 mb, whilst the temporary data directory: D:\developTool\apache-activemq-5.12.0\bin\win64\..\..\data\localhost\tmp_storage only has 17100 mb of usable space - resetting to maximum available 17100 mb.
INFO   | jvm 1    | 2018/05/30 14:42:14 |  INFO | ActiveMQ WebConsole available at http://0.0.0.0:8161/
INFO   | jvm 1    | 2018/05/30 14:42:14 |  INFO | ActiveMQ Jolokia REST API available at http://0.0.0.0:8161/api/jolokia/
INFO   | jvm 1    | 2018/05/30 14:42:14 |  INFO | Initializing Spring FrameworkServlet 'dispatcher'
INFO   | jvm 1    | 2018/05/30 14:42:15 |  INFO | jolokia-agent: No access restrictor found at classpath:/jolokia-access.xml, access to all MBeans is allowed
STATUS | wrapper  | 2018/05/31 14:57:36 | --> Wrapper Started as Console
STATUS | wrapper  | 2018/05/31 14:57:36 | Launching a JVM...
INFO   | jvm 1    | 2018/05/31 14:57:37 | Wrapper (Version 3.2.3) http://wrapper.tanukisoftware.org
INFO   | jvm 1    | 2018/05/31 14:57:37 |   Copyright 1999-2006 Tanuki Software, Inc.  All Rights Reserved.
INFO   | jvm 1    | 2018/05/31 14:57:37 | 
INFO   | jvm 1    | 2018/05/31 14:57:37 | Java Runtime: Oracle Corporation 1.8.0_171 A:\Program Files\Java\jre1.8.0_171
INFO   | jvm 1    | 2018/05/31 14:57:37 |   Heap sizes: current=125952k  free=115967k  max=932352k
INFO   | jvm 1    | 2018/05/31 14:57:37 |     JVM args: -Dactivemq.home=../.. -Dactivemq.base=../.. -Djavax.net.ssl.keyStorePassword=password -Djavax.net.ssl.trustStorePassword=password -Djavax.net.ssl.keyStore=../../conf/broker.ks -Djavax.net.ssl.trustStore=../../conf/broker.ts -Dcom.sun.management.jmxremote -Dorg.apache.activemq.UseDedicatedTaskRunner=true -Djava.util.logging.config.file=logging.properties -Dactivemq.conf=../../conf -Dactivemq.data=../../data -Djava.security.auth.login.config=../../conf/login.config -Xmx1024m -Djava.library.path=../../bin/win64 -Dwrapper.key=b6G9d66F6BQOU7LX -Dwrapper.port=32000 -Dwrapper.jvm.port.min=31000 -Dwrapper.jvm.port.max=31999 -Dwrapper.pid=6772 -Dwrapper.version=3.2.3 -Dwrapper.native_library=wrapper -Dwrapper.cpu.timeout=10 -Dwrapper.jvmid=1
INFO   | jvm 1    | 2018/05/31 14:57:37 | Extensions classpath:
INFO   | jvm 1    | 2018/05/31 14:57:37 |   [..\..\lib,..\..\lib\camel,..\..\lib\optional,..\..\lib\web,..\..\lib\extra]
INFO   | jvm 1    | 2018/05/31 14:57:37 | ACTIVEMQ_HOME: ..\..
INFO   | jvm 1    | 2018/05/31 14:57:37 | ACTIVEMQ_BASE: ..\..
INFO   | jvm 1    | 2018/05/31 14:57:37 | ACTIVEMQ_CONF: ..\..\conf
INFO   | jvm 1    | 2018/05/31 14:57:37 | ACTIVEMQ_DATA: ..\..\data
INFO   | jvm 1    | 2018/05/31 14:57:39 | Loading message broker from: xbean:activemq.xml
INFO   | jvm 1    | 2018/05/31 14:57:39 |  INFO | Refreshing org.apache.activemq.xbean.XBeanBrokerFactory$1@7927db74: startup date [Thu May 31 14:57:39 CST 2018]; root of context hierarchy
INFO   | jvm 1    | 2018/05/31 14:57:41 |  INFO | PListStore:[D:\developTool\apache-activemq-5.12.0\bin\win64\..\..\data\localhost\tmp_storage] started
INFO   | jvm 1    | 2018/05/31 14:57:41 |  INFO | Using Persistence Adapter: KahaDBPersistenceAdapter[D:\developTool\apache-activemq-5.12.0\bin\win64\..\..\data\kahadb]
INFO   | jvm 1    | 2018/05/31 14:57:42 |  INFO | KahaDB is version 6
INFO   | jvm 1    | 2018/05/31 14:57:42 |  INFO | Recovering from the journal @1:5096631
INFO   | jvm 1    | 2018/05/31 14:57:42 |  INFO | Recovery replayed 5260 operations from the journal in 0.208 seconds.
INFO   | jvm 1    | 2018/05/31 14:57:42 |  INFO | Apache ActiveMQ 5.12.0 (localhost, ID:P1H9VOC9DTK2LIO-50771-1527749862490-0:1) is starting
INFO   | jvm 1    | 2018/05/31 14:57:42 |  INFO | Listening for connections at: tcp://P1H9VOC9DTK2LIO:61616?maximumConnections=1000&wireFormat.maxFrameSize=104857600
INFO   | jvm 1    | 2018/05/31 14:57:42 |  INFO | Connector openwire started
INFO   | jvm 1    | 2018/05/31 14:57:42 |  INFO | Listening for connections at: amqp://P1H9VOC9DTK2LIO:5672?maximumConnections=1000&wireFormat.maxFrameSize=104857600
INFO   | jvm 1    | 2018/05/31 14:57:42 |  INFO | Connector amqp started
INFO   | jvm 1    | 2018/05/31 14:57:42 |  INFO | Listening for connections at: stomp://P1H9VOC9DTK2LIO:61613?maximumConnections=1000&wireFormat.maxFrameSize=104857600
INFO   | jvm 1    | 2018/05/31 14:57:42 |  INFO | Connector stomp started
INFO   | jvm 1    | 2018/05/31 14:57:42 |  INFO | Listening for connections at: mqtt://P1H9VOC9DTK2LIO:1883?maximumConnections=1000&wireFormat.maxFrameSize=104857600
INFO   | jvm 1    | 2018/05/31 14:57:42 |  INFO | Connector mqtt started
INFO   | jvm 1    | 2018/05/31 14:57:43 | {}
INFO   | jvm 1    | 2018/05/31 14:57:43 |  INFO | Listening for connections at ws://P1H9VOC9DTK2LIO:61614?maximumConnections=1000&wireFormat.maxFrameSize=104857600
INFO   | jvm 1    | 2018/05/31 14:57:43 |  INFO | Connector ws started
INFO   | jvm 1    | 2018/05/31 14:57:43 |  INFO | Apache ActiveMQ 5.12.0 (localhost, ID:P1H9VOC9DTK2LIO-50771-1527749862490-0:1) started
INFO   | jvm 1    | 2018/05/31 14:57:43 |  INFO | For help or more information please see: http://activemq.apache.org
INFO   | jvm 1    | 2018/05/31 14:57:43 |  WARN | Store limit is 102400 mb (current store usage is 6 mb). The data directory: D:\developTool\apache-activemq-5.12.0\bin\win64\..\..\data\kahadb only has 17099 mb of usable space - resetting to maximum available disk space: 17106 mb
INFO   | jvm 1    | 2018/05/31 14:57:43 |  WARN | Temporary Store limit is 51200 mb, whilst the temporary data directory: D:\developTool\apache-activemq-5.12.0\bin\win64\..\..\data\localhost\tmp_storage only has 17099 mb of usable space - resetting to maximum available 17099 mb.
INFO   | jvm 1    | 2018/05/31 14:57:43 |  INFO | ActiveMQ WebConsole available at http://0.0.0.0:8161/
INFO   | jvm 1    | 2018/05/31 14:57:43 |  INFO | ActiveMQ Jolokia REST API available at http://0.0.0.0:8161/api/jolokia/
INFO   | jvm 1    | 2018/05/31 14:57:44 |  INFO | Initializing Spring FrameworkServlet 'dispatcher'
INFO   | jvm 1    | 2018/05/31 14:57:44 |  INFO | jolokia-agent: No access restrictor found at classpath:/jolokia-access.xml, access to all MBeans is allowed
