五月 19, 2018 12:32:38 上午 org.apache.catalina.core.AprLifecycleListener init
信息: Loaded APR based Apache Tomcat Native library 1.1.31 using APR version 1.4.8.
五月 19, 2018 12:32:38 上午 org.apache.catalina.core.AprLifecycleListener init
信息: APR capabilities: IPv6 [true], sendfile [true], accept filters [false], random [true].
五月 19, 2018 12:32:39 上午 org.apache.catalina.core.AprLifecycleListener initializeSSL
信息: OpenSSL successfully initialized (OpenSSL 1.0.1h 5 Jun 2014)
五月 19, 2018 12:32:40 上午 org.apache.coyote.AbstractProtocol init
信息: Initializing ProtocolHandler ["http-apr-8081"]
五月 19, 2018 12:32:40 上午 org.apache.coyote.AbstractProtocol init
信息: Initializing ProtocolHandler ["ajp-apr-8010"]
五月 19, 2018 12:32:40 上午 org.apache.catalina.startup.Catalina load
信息: Initialization processed in 3502 ms
五月 19, 2018 12:32:40 上午 org.apache.catalina.core.StandardService startInternal
信息: Starting service Catalina
五月 19, 2018 12:32:40 上午 org.apache.catalina.core.StandardEngine startInternal
信息: Starting Servlet Engine: Apache Tomcat/7.0.56
五月 19, 2018 12:32:40 上午 org.apache.catalina.startup.HostConfig deployWAR
信息: Deploying web application archive D:\developTool\apache-tomcat-solr\webapps\a.war
五月 19, 2018 12:32:42 上午 org.apache.catalina.util.SessionIdGenerator createSecureRandom
信息: Creation of SecureRandom instance for session ID generation using [SHA1PRNG] took [359] milliseconds.
五月 19, 2018 12:32:42 上午 org.apache.catalina.startup.HostConfig deployWAR
信息: Deployment of web application archive D:\developTool\apache-tomcat-solr\webapps\a.war has finished in 1,852 ms
五月 19, 2018 12:32:42 上午 org.apache.catalina.startup.HostConfig deployDirectory
信息: Deploying web application directory D:\developTool\apache-tomcat-solr\webapps\docs
五月 19, 2018 12:32:42 上午 org.apache.catalina.startup.HostConfig deployDirectory
信息: Deployment of web application directory D:\developTool\apache-tomcat-solr\webapps\docs has finished in 55 ms
五月 19, 2018 12:32:42 上午 org.apache.catalina.startup.HostConfig deployDirectory
信息: Deploying web application directory D:\developTool\apache-tomcat-solr\webapps\examples
五月 19, 2018 12:32:43 上午 org.apache.catalina.startup.HostConfig deployDirectory
信息: Deployment of web application directory D:\developTool\apache-tomcat-solr\webapps\examples has finished in 712 ms
五月 19, 2018 12:32:43 上午 org.apache.catalina.startup.HostConfig deployDirectory
信息: Deploying web application directory D:\developTool\apache-tomcat-solr\webapps\host-manager
五月 19, 2018 12:32:43 上午 org.apache.catalina.startup.HostConfig deployDirectory
信息: Deployment of web application directory D:\developTool\apache-tomcat-solr\webapps\host-manager has finished in 113 ms
五月 19, 2018 12:32:43 上午 org.apache.catalina.startup.HostConfig deployDirectory
信息: Deploying web application directory D:\developTool\apache-tomcat-solr\webapps\manager
五月 19, 2018 12:32:43 上午 org.apache.catalina.startup.HostConfig deployDirectory
信息: Deployment of web application directory D:\developTool\apache-tomcat-solr\webapps\manager has finished in 87 ms
五月 19, 2018 12:32:43 上午 org.apache.catalina.startup.HostConfig deployDirectory
信息: Deploying web application directory D:\developTool\apache-tomcat-solr\webapps\ROOT
五月 19, 2018 12:32:43 上午 org.apache.catalina.startup.HostConfig deployDirectory
信息: Deployment of web application directory D:\developTool\apache-tomcat-solr\webapps\ROOT has finished in 42 ms
五月 19, 2018 12:32:43 上午 org.apache.catalina.startup.HostConfig deployDirectory
信息: Deploying web application directory D:\developTool\apache-tomcat-solr\webapps\solr
五月 19, 2018 12:33:11 上午 org.apache.catalina.startup.HostConfig deployDirectory
信息: Deployment of web application directory D:\developTool\apache-tomcat-solr\webapps\solr has finished in 28,426 ms
五月 19, 2018 12:33:11 上午 org.apache.coyote.AbstractProtocol start
信息: Starting ProtocolHandler ["http-apr-8081"]
五月 19, 2018 12:33:11 上午 org.apache.coyote.AbstractProtocol start
信息: Starting ProtocolHandler ["ajp-apr-8010"]
五月 19, 2018 12:33:11 上午 org.apache.catalina.startup.Catalina start
信息: Server startup in 31490 ms
五月 19, 2018 12:34:22 上午 org.apache.catalina.core.AprLifecycleListener init
信息: Loaded APR based Apache Tomcat Native library 1.1.31 using APR version 1.4.8.
五月 19, 2018 12:34:22 上午 org.apache.catalina.core.AprLifecycleListener init
信息: APR capabilities: IPv6 [true], sendfile [true], accept filters [false], random [true].
五月 19, 2018 12:34:23 上午 org.apache.catalina.core.AprLifecycleListener initializeSSL
信息: OpenSSL successfully initialized (OpenSSL 1.0.1h 5 Jun 2014)
五月 19, 2018 12:34:23 上午 org.apache.coyote.AbstractProtocol init
信息: Initializing ProtocolHandler ["http-apr-8081"]
五月 19, 2018 12:34:24 上午 org.apache.coyote.AbstractProtocol init
信息: Initializing ProtocolHandler ["ajp-apr-8010"]
五月 19, 2018 12:34:24 上午 org.apache.catalina.startup.Catalina load
信息: Initialization processed in 1298 ms
五月 19, 2018 12:34:24 上午 org.apache.catalina.core.StandardService startInternal
信息: Starting service Catalina
五月 19, 2018 12:34:24 上午 org.apache.catalina.core.StandardEngine startInternal
信息: Starting Servlet Engine: Apache Tomcat/7.0.56
五月 19, 2018 12:34:24 上午 org.apache.catalina.startup.HostConfig deployWAR
信息: Deploying web application archive D:\developTool\apache-tomcat-solr8081\webapps\a.war
五月 19, 2018 12:34:24 上午 org.apache.catalina.util.SessionIdGenerator createSecureRandom
信息: Creation of SecureRandom instance for session ID generation using [SHA1PRNG] took [269] milliseconds.
五月 19, 2018 12:34:24 上午 org.apache.catalina.startup.HostConfig deployWAR
信息: Deployment of web application archive D:\developTool\apache-tomcat-solr8081\webapps\a.war has finished in 823 ms
五月 19, 2018 12:34:24 上午 org.apache.catalina.startup.HostConfig deployDirectory
信息: Deploying web application directory D:\developTool\apache-tomcat-solr8081\webapps\docs
五月 19, 2018 12:34:24 上午 org.apache.catalina.startup.HostConfig deployDirectory
信息: Deployment of web application directory D:\developTool\apache-tomcat-solr8081\webapps\docs has finished in 70 ms
五月 19, 2018 12:34:24 上午 org.apache.catalina.startup.HostConfig deployDirectory
信息: Deploying web application directory D:\developTool\apache-tomcat-solr8081\webapps\examples
五月 19, 2018 12:34:25 上午 org.apache.catalina.startup.HostConfig deployDirectory
信息: Deployment of web application directory D:\developTool\apache-tomcat-solr8081\webapps\examples has finished in 752 ms
五月 19, 2018 12:34:25 上午 org.apache.catalina.startup.HostConfig deployDirectory
信息: Deploying web application directory D:\developTool\apache-tomcat-solr8081\webapps\host-manager
五月 19, 2018 12:34:25 上午 org.apache.catalina.startup.HostConfig deployDirectory
信息: Deployment of web application directory D:\developTool\apache-tomcat-solr8081\webapps\host-manager has finished in 91 ms
五月 19, 2018 12:34:25 上午 org.apache.catalina.startup.HostConfig deployDirectory
信息: Deploying web application directory D:\developTool\apache-tomcat-solr8081\webapps\manager
五月 19, 2018 12:34:25 上午 org.apache.catalina.startup.HostConfig deployDirectory
信息: Deployment of web application directory D:\developTool\apache-tomcat-solr8081\webapps\manager has finished in 93 ms
五月 19, 2018 12:34:25 上午 org.apache.catalina.startup.HostConfig deployDirectory
信息: Deploying web application directory D:\developTool\apache-tomcat-solr8081\webapps\ROOT
五月 19, 2018 12:34:25 上午 org.apache.catalina.startup.HostConfig deployDirectory
信息: Deployment of web application directory D:\developTool\apache-tomcat-solr8081\webapps\ROOT has finished in 55 ms
五月 19, 2018 12:34:25 上午 org.apache.catalina.startup.HostConfig deployDirectory
信息: Deploying web application directory D:\developTool\apache-tomcat-solr8081\webapps\solr
五月 19, 2018 12:34:50 上午 org.apache.catalina.startup.HostConfig deployDirectory
信息: Deployment of web application directory D:\developTool\apache-tomcat-solr8081\webapps\solr has finished in 24,778 ms
五月 19, 2018 12:34:50 上午 org.apache.coyote.AbstractProtocol start
信息: Starting ProtocolHandler ["http-apr-8081"]
五月 19, 2018 12:34:50 上午 org.apache.coyote.AbstractProtocol start
信息: Starting ProtocolHandler ["ajp-apr-8010"]
五月 19, 2018 12:34:50 上午 org.apache.catalina.startup.Catalina start
信息: Server startup in 26759 ms
五月 19, 2018 1:45:00 上午 org.apache.catalina.core.AprLifecycleListener init
信息: Loaded APR based Apache Tomcat Native library 1.1.31 using APR version 1.4.8.
五月 19, 2018 1:45:00 上午 org.apache.catalina.core.AprLifecycleListener init
信息: APR capabilities: IPv6 [true], sendfile [true], accept filters [false], random [true].
五月 19, 2018 1:45:01 上午 org.apache.catalina.core.AprLifecycleListener initializeSSL
信息: OpenSSL successfully initialized (OpenSSL 1.0.1h 5 Jun 2014)
五月 19, 2018 1:45:01 上午 org.apache.coyote.AbstractProtocol init
信息: Initializing ProtocolHandler ["http-apr-8081"]
五月 19, 2018 1:45:01 上午 org.apache.coyote.AbstractProtocol init
信息: Initializing ProtocolHandler ["ajp-apr-8010"]
五月 19, 2018 1:45:01 上午 org.apache.catalina.startup.Catalina load
信息: Initialization processed in 1751 ms
五月 19, 2018 1:45:01 上午 org.apache.catalina.core.StandardService startInternal
信息: Starting service Catalina
五月 19, 2018 1:45:01 上午 org.apache.catalina.core.StandardEngine startInternal
信息: Starting Servlet Engine: Apache Tomcat/7.0.56
五月 19, 2018 1:45:01 上午 org.apache.catalina.startup.HostConfig deployWAR
信息: Deploying web application archive D:\developTool\apache-tomcat-solr8081\webapps\a.war
五月 19, 2018 1:45:02 上午 org.apache.catalina.util.SessionIdGenerator createSecureRandom
信息: Creation of SecureRandom instance for session ID generation using [SHA1PRNG] took [289] milliseconds.
五月 19, 2018 1:45:02 上午 org.apache.catalina.startup.HostConfig deployWAR
信息: Deployment of web application archive D:\developTool\apache-tomcat-solr8081\webapps\a.war has finished in 1,007 ms
五月 19, 2018 1:45:02 上午 org.apache.catalina.startup.HostConfig deployDirectory
信息: Deploying web application directory D:\developTool\apache-tomcat-solr8081\webapps\docs
五月 19, 2018 1:45:02 上午 org.apache.catalina.startup.HostConfig deployDirectory
信息: Deployment of web application directory D:\developTool\apache-tomcat-solr8081\webapps\docs has finished in 81 ms
五月 19, 2018 1:45:02 上午 org.apache.catalina.startup.HostConfig deployDirectory
信息: Deploying web application directory D:\developTool\apache-tomcat-solr8081\webapps\examples
五月 19, 2018 1:45:03 上午 org.apache.catalina.startup.HostConfig deployDirectory
信息: Deployment of web application directory D:\developTool\apache-tomcat-solr8081\webapps\examples has finished in 455 ms
五月 19, 2018 1:45:03 上午 org.apache.catalina.startup.HostConfig deployDirectory
信息: Deploying web application directory D:\developTool\apache-tomcat-solr8081\webapps\host-manager
五月 19, 2018 1:45:03 上午 org.apache.catalina.startup.HostConfig deployDirectory
信息: Deployment of web application directory D:\developTool\apache-tomcat-solr8081\webapps\host-manager has finished in 92 ms
五月 19, 2018 1:45:03 上午 org.apache.catalina.startup.HostConfig deployDirectory
信息: Deploying web application directory D:\developTool\apache-tomcat-solr8081\webapps\manager
五月 19, 2018 1:45:03 上午 org.apache.catalina.startup.HostConfig deployDirectory
信息: Deployment of web application directory D:\developTool\apache-tomcat-solr8081\webapps\manager has finished in 76 ms
五月 19, 2018 1:45:03 上午 org.apache.catalina.startup.HostConfig deployDirectory
信息: Deploying web application directory D:\developTool\apache-tomcat-solr8081\webapps\ROOT
五月 19, 2018 1:45:03 上午 org.apache.catalina.startup.HostConfig deployDirectory
信息: Deployment of web application directory D:\developTool\apache-tomcat-solr8081\webapps\ROOT has finished in 56 ms
五月 19, 2018 1:45:03 上午 org.apache.catalina.startup.HostConfig deployDirectory
信息: Deploying web application directory D:\developTool\apache-tomcat-solr8081\webapps\solr
五月 19, 2018 1:45:10 上午 org.apache.catalina.startup.HostConfig deployDirectory
信息: Deployment of web application directory D:\developTool\apache-tomcat-solr8081\webapps\solr has finished in 6,549 ms
五月 19, 2018 1:45:10 上午 org.apache.coyote.AbstractProtocol start
信息: Starting ProtocolHandler ["http-apr-8081"]
五月 19, 2018 1:45:10 上午 org.apache.coyote.AbstractProtocol start
信息: Starting ProtocolHandler ["ajp-apr-8010"]
五月 19, 2018 1:45:10 上午 org.apache.catalina.startup.Catalina start
信息: Server startup in 8496 ms
五月 19, 2018 2:16:38 下午 org.apache.catalina.core.AprLifecycleListener init
信息: Loaded APR based Apache Tomcat Native library 1.1.31 using APR version 1.4.8.
五月 19, 2018 2:16:38 下午 org.apache.catalina.core.AprLifecycleListener init
信息: APR capabilities: IPv6 [true], sendfile [true], accept filters [false], random [true].
五月 19, 2018 2:16:41 下午 org.apache.catalina.core.AprLifecycleListener initializeSSL
信息: OpenSSL successfully initialized (OpenSSL 1.0.1h 5 Jun 2014)
五月 19, 2018 2:16:46 下午 org.apache.coyote.AbstractProtocol init
信息: Initializing ProtocolHandler ["http-apr-8081"]
五月 19, 2018 2:16:47 下午 org.apache.coyote.AbstractProtocol init
信息: Initializing ProtocolHandler ["ajp-apr-8010"]
五月 19, 2018 2:16:47 下午 org.apache.catalina.startup.Catalina load
信息: Initialization processed in 14669 ms
五月 19, 2018 2:16:47 下午 org.apache.catalina.core.StandardService startInternal
信息: Starting service Catalina
五月 19, 2018 2:16:47 下午 org.apache.catalina.core.StandardEngine startInternal
信息: Starting Servlet Engine: Apache Tomcat/7.0.56
五月 19, 2018 2:16:47 下午 org.apache.catalina.startup.HostConfig deployWAR
信息: Deploying web application archive D:\developTool\apache-tomcat-solr8081\webapps\a.war
五月 19, 2018 2:16:53 下午 org.apache.catalina.util.SessionIdGenerator createSecureRandom
信息: Creation of SecureRandom instance for session ID generation using [SHA1PRNG] took [1,256] milliseconds.
五月 19, 2018 2:16:53 下午 org.apache.catalina.startup.HostConfig deployWAR
信息: Deployment of web application archive D:\developTool\apache-tomcat-solr8081\webapps\a.war has finished in 5,783 ms
五月 19, 2018 2:16:53 下午 org.apache.catalina.startup.HostConfig deployDirectory
信息: Deploying web application directory D:\developTool\apache-tomcat-solr8081\webapps\docs
五月 19, 2018 2:16:53 下午 org.apache.catalina.startup.HostConfig deployDirectory
信息: Deployment of web application directory D:\developTool\apache-tomcat-solr8081\webapps\docs has finished in 175 ms
五月 19, 2018 2:16:53 下午 org.apache.catalina.startup.HostConfig deployDirectory
信息: Deploying web application directory D:\developTool\apache-tomcat-solr8081\webapps\examples
五月 19, 2018 2:16:56 下午 org.apache.catalina.startup.HostConfig deployDirectory
信息: Deployment of web application directory D:\developTool\apache-tomcat-solr8081\webapps\examples has finished in 2,794 ms
五月 19, 2018 2:16:56 下午 org.apache.catalina.startup.HostConfig deployDirectory
信息: Deploying web application directory D:\developTool\apache-tomcat-solr8081\webapps\host-manager
五月 19, 2018 2:16:56 下午 org.apache.catalina.startup.HostConfig deployDirectory
信息: Deployment of web application directory D:\developTool\apache-tomcat-solr8081\webapps\host-manager has finished in 223 ms
五月 19, 2018 2:16:56 下午 org.apache.catalina.startup.HostConfig deployDirectory
信息: Deploying web application directory D:\developTool\apache-tomcat-solr8081\webapps\manager
五月 19, 2018 2:16:57 下午 org.apache.catalina.startup.HostConfig deployDirectory
信息: Deployment of web application directory D:\developTool\apache-tomcat-solr8081\webapps\manager has finished in 311 ms
五月 19, 2018 2:16:57 下午 org.apache.catalina.startup.HostConfig deployDirectory
信息: Deploying web application directory D:\developTool\apache-tomcat-solr8081\webapps\ROOT
五月 19, 2018 2:16:57 下午 org.apache.catalina.startup.HostConfig deployDirectory
信息: Deployment of web application directory D:\developTool\apache-tomcat-solr8081\webapps\ROOT has finished in 123 ms
五月 19, 2018 2:16:57 下午 org.apache.catalina.startup.HostConfig deployDirectory
信息: Deploying web application directory D:\developTool\apache-tomcat-solr8081\webapps\solr
五月 19, 2018 2:17:32 下午 org.apache.catalina.startup.HostConfig deployDirectory
信息: Deployment of web application directory D:\developTool\apache-tomcat-solr8081\webapps\solr has finished in 35,397 ms
五月 19, 2018 2:17:32 下午 org.apache.coyote.AbstractProtocol start
信息: Starting ProtocolHandler ["http-apr-8081"]
五月 19, 2018 2:17:32 下午 org.apache.coyote.AbstractProtocol start
信息: Starting ProtocolHandler ["ajp-apr-8010"]
五月 19, 2018 2:17:32 下午 org.apache.catalina.startup.Catalina start
信息: Server startup in 45683 ms
五月 19, 2018 6:20:44 下午 org.apache.catalina.core.AprLifecycleListener init
信息: Loaded APR based Apache Tomcat Native library 1.1.31 using APR version 1.4.8.
五月 19, 2018 6:20:44 下午 org.apache.catalina.core.AprLifecycleListener init
信息: APR capabilities: IPv6 [true], sendfile [true], accept filters [false], random [true].
五月 19, 2018 6:20:46 下午 org.apache.catalina.core.AprLifecycleListener initializeSSL
信息: OpenSSL successfully initialized (OpenSSL 1.0.1h 5 Jun 2014)
五月 19, 2018 6:20:47 下午 org.apache.coyote.AbstractProtocol init
信息: Initializing ProtocolHandler ["http-apr-9000"]
五月 19, 2018 6:20:47 下午 org.apache.coyote.AbstractProtocol init
信息: Initializing ProtocolHandler ["ajp-apr-8010"]
五月 19, 2018 6:20:47 下午 org.apache.catalina.startup.Catalina load
信息: Initialization processed in 5158 ms
五月 19, 2018 6:20:47 下午 org.apache.catalina.core.StandardService startInternal
信息: Starting service Catalina
五月 19, 2018 6:20:47 下午 org.apache.catalina.core.StandardEngine startInternal
信息: Starting Servlet Engine: Apache Tomcat/7.0.56
五月 19, 2018 6:20:48 下午 org.apache.catalina.startup.HostConfig deployWAR
信息: Deploying web application archive D:\developTool\apache-tomcat-solr9000\webapps\a.war
五月 19, 2018 6:20:51 下午 org.apache.catalina.util.SessionIdGenerator createSecureRandom
信息: Creation of SecureRandom instance for session ID generation using [SHA1PRNG] took [405] milliseconds.
五月 19, 2018 6:20:51 下午 org.apache.catalina.startup.HostConfig deployWAR
信息: Deployment of web application archive D:\developTool\apache-tomcat-solr9000\webapps\a.war has finished in 3,656 ms
五月 19, 2018 6:20:51 下午 org.apache.catalina.startup.HostConfig deployDirectory
信息: Deploying web application directory D:\developTool\apache-tomcat-solr9000\webapps\docs
五月 19, 2018 6:20:51 下午 org.apache.catalina.startup.HostConfig deployDirectory
信息: Deployment of web application directory D:\developTool\apache-tomcat-solr9000\webapps\docs has finished in 131 ms
五月 19, 2018 6:20:51 下午 org.apache.catalina.startup.HostConfig deployDirectory
信息: Deploying web application directory D:\developTool\apache-tomcat-solr9000\webapps\examples
五月 19, 2018 6:20:53 下午 org.apache.catalina.startup.HostConfig deployDirectory
信息: Deployment of web application directory D:\developTool\apache-tomcat-solr9000\webapps\examples has finished in 1,232 ms
五月 19, 2018 6:20:53 下午 org.apache.catalina.startup.HostConfig deployDirectory
信息: Deploying web application directory D:\developTool\apache-tomcat-solr9000\webapps\host-manager
五月 19, 2018 6:20:53 下午 org.apache.catalina.startup.HostConfig deployDirectory
信息: Deployment of web application directory D:\developTool\apache-tomcat-solr9000\webapps\host-manager has finished in 146 ms
五月 19, 2018 6:20:53 下午 org.apache.catalina.startup.HostConfig deployDirectory
信息: Deploying web application directory D:\developTool\apache-tomcat-solr9000\webapps\manager
五月 19, 2018 6:20:53 下午 org.apache.catalina.startup.HostConfig deployDirectory
信息: Deployment of web application directory D:\developTool\apache-tomcat-solr9000\webapps\manager has finished in 112 ms
五月 19, 2018 6:20:53 下午 org.apache.catalina.startup.HostConfig deployDirectory
信息: Deploying web application directory D:\developTool\apache-tomcat-solr9000\webapps\ROOT
五月 19, 2018 6:20:53 下午 org.apache.catalina.startup.HostConfig deployDirectory
信息: Deployment of web application directory D:\developTool\apache-tomcat-solr9000\webapps\ROOT has finished in 53 ms
五月 19, 2018 6:20:53 下午 org.apache.catalina.startup.HostConfig deployDirectory
信息: Deploying web application directory D:\developTool\apache-tomcat-solr9000\webapps\solr
五月 19, 2018 6:21:24 下午 org.apache.catalina.startup.HostConfig deployDirectory
信息: Deployment of web application directory D:\developTool\apache-tomcat-solr9000\webapps\solr has finished in 30,649 ms
五月 19, 2018 6:21:24 下午 org.apache.coyote.AbstractProtocol start
信息: Starting ProtocolHandler ["http-apr-9000"]
五月 19, 2018 6:21:24 下午 org.apache.coyote.AbstractProtocol start
信息: Starting ProtocolHandler ["ajp-apr-8010"]
五月 19, 2018 6:21:24 下午 org.apache.catalina.startup.Catalina start
信息: Server startup in 36423 ms
