二月 12, 2018 3:36:05 下午 org.apache.catalina.core.AprLifecycleListener init
信息: Loaded APR based Apache Tomcat Native library 1.1.31 using APR version 1.4.8.
二月 12, 2018 3:36:06 下午 org.apache.catalina.core.AprLifecycleListener init
信息: APR capabilities: IPv6 [true], sendfile [true], accept filters [false], random [true].
二月 12, 2018 3:36:07 下午 org.apache.catalina.core.AprLifecycleListener initializeSSL
信息: OpenSSL successfully initialized (OpenSSL 1.0.1h 5 Jun 2014)
二月 12, 2018 3:36:08 下午 org.apache.coyote.AbstractProtocol init
信息: Initializing ProtocolHandler ["http-apr-8081"]
二月 12, 2018 3:36:08 下午 org.apache.coyote.AbstractProtocol init
信息: Initializing ProtocolHandler ["ajp-apr-8010"]
二月 12, 2018 3:36:08 下午 org.apache.catalina.startup.Catalina load
信息: Initialization processed in 3801 ms
二月 12, 2018 3:36:08 下午 org.apache.catalina.core.StandardService startInternal
信息: Starting service Catalina
二月 12, 2018 3:36:08 下午 org.apache.catalina.core.StandardEngine startInternal
信息: Starting Servlet Engine: Apache Tomcat/7.0.56
二月 12, 2018 3:36:08 下午 org.apache.catalina.startup.HostConfig deployDirectory
信息: Deploying web application directory D:\developTool\apache-tomcat-7.0.56bak\webapps\docs
二月 12, 2018 3:36:10 下午 org.apache.catalina.util.SessionIdGenerator createSecureRandom
信息: Creation of SecureRandom instance for session ID generation using [SHA1PRNG] took [426] milliseconds.
二月 12, 2018 3:36:10 下午 org.apache.catalina.startup.HostConfig deployDirectory
信息: Deployment of web application directory D:\developTool\apache-tomcat-7.0.56bak\webapps\docs has finished in 1,558 ms
二月 12, 2018 3:36:10 下午 org.apache.catalina.startup.HostConfig deployDirectory
信息: Deploying web application directory D:\developTool\apache-tomcat-7.0.56bak\webapps\examples
二月 12, 2018 3:36:11 下午 org.apache.catalina.startup.HostConfig deployDirectory
信息: Deployment of web application directory D:\developTool\apache-tomcat-7.0.56bak\webapps\examples has finished in 1,217 ms
二月 12, 2018 3:36:11 下午 org.apache.catalina.startup.HostConfig deployDirectory
信息: Deploying web application directory D:\developTool\apache-tomcat-7.0.56bak\webapps\host-manager
二月 12, 2018 3:36:11 下午 org.apache.catalina.startup.HostConfig deployDirectory
信息: Deployment of web application directory D:\developTool\apache-tomcat-7.0.56bak\webapps\host-manager has finished in 134 ms
二月 12, 2018 3:36:11 下午 org.apache.catalina.startup.HostConfig deployDirectory
信息: Deploying web application directory D:\developTool\apache-tomcat-7.0.56bak\webapps\manager
二月 12, 2018 3:36:11 下午 org.apache.catalina.startup.HostConfig deployDirectory
信息: Deployment of web application directory D:\developTool\apache-tomcat-7.0.56bak\webapps\manager has finished in 78 ms
二月 12, 2018 3:36:11 下午 org.apache.catalina.startup.HostConfig deployDirectory
信息: Deploying web application directory D:\developTool\apache-tomcat-7.0.56bak\webapps\ROOT
二月 12, 2018 3:36:11 下午 org.apache.catalina.startup.HostConfig deployDirectory
信息: Deployment of web application directory D:\developTool\apache-tomcat-7.0.56bak\webapps\ROOT has finished in 45 ms
二月 12, 2018 3:36:11 下午 org.apache.catalina.startup.HostConfig deployDirectory
信息: Deploying web application directory D:\developTool\apache-tomcat-7.0.56bak\webapps\solr
二月 12, 2018 3:36:22 下午 org.apache.catalina.startup.HostConfig deployDirectory
信息: Deployment of web application directory D:\developTool\apache-tomcat-7.0.56bak\webapps\solr has finished in 10,365 ms
二月 12, 2018 3:36:22 下午 org.apache.coyote.AbstractProtocol start
信息: Starting ProtocolHandler ["http-apr-8081"]
二月 12, 2018 3:36:22 下午 org.apache.coyote.AbstractProtocol start
信息: Starting ProtocolHandler ["ajp-apr-8010"]
二月 12, 2018 3:36:22 下午 org.apache.catalina.startup.Catalina start
信息: Server startup in 13558 ms
二月 12, 2018 3:43:28 下午 org.apache.catalina.core.AprLifecycleListener init
信息: Loaded APR based Apache Tomcat Native library 1.1.31 using APR version 1.4.8.
二月 12, 2018 3:43:29 下午 org.apache.catalina.core.AprLifecycleListener init
信息: APR capabilities: IPv6 [true], sendfile [true], accept filters [false], random [true].
二月 12, 2018 3:43:29 下午 org.apache.catalina.core.AprLifecycleListener initializeSSL
信息: OpenSSL successfully initialized (OpenSSL 1.0.1h 5 Jun 2014)
二月 12, 2018 3:43:29 下午 org.apache.coyote.AbstractProtocol init
信息: Initializing ProtocolHandler ["http-apr-8081"]
二月 12, 2018 3:43:29 下午 org.apache.coyote.AbstractProtocol init
信息: Initializing ProtocolHandler ["ajp-apr-8010"]
二月 12, 2018 3:43:29 下午 org.apache.catalina.startup.Catalina load
信息: Initialization processed in 1153 ms
二月 12, 2018 3:43:29 下午 org.apache.catalina.core.StandardService startInternal
信息: Starting service Catalina
二月 12, 2018 3:43:29 下午 org.apache.catalina.core.StandardEngine startInternal
信息: Starting Servlet Engine: Apache Tomcat/7.0.56
二月 12, 2018 3:43:30 下午 org.apache.catalina.startup.HostConfig deployWAR
信息: Deploying web application archive D:\developTool\apache-tomcat-7.0.56bak\webapps\a.war
二月 12, 2018 3:43:30 下午 org.apache.catalina.util.SessionIdGenerator createSecureRandom
信息: Creation of SecureRandom instance for session ID generation using [SHA1PRNG] took [247] milliseconds.
二月 12, 2018 3:43:30 下午 org.apache.catalina.startup.HostConfig deployWAR
信息: Deployment of web application archive D:\developTool\apache-tomcat-7.0.56bak\webapps\a.war has finished in 916 ms
二月 12, 2018 3:43:30 下午 org.apache.catalina.startup.HostConfig deployDirectory
信息: Deploying web application directory D:\developTool\apache-tomcat-7.0.56bak\webapps\docs
二月 12, 2018 3:43:30 下午 org.apache.catalina.startup.HostConfig deployDirectory
信息: Deployment of web application directory D:\developTool\apache-tomcat-7.0.56bak\webapps\docs has finished in 52 ms
二月 12, 2018 3:43:30 下午 org.apache.catalina.startup.HostConfig deployDirectory
信息: Deploying web application directory D:\developTool\apache-tomcat-7.0.56bak\webapps\examples
二月 12, 2018 3:43:31 下午 org.apache.catalina.startup.HostConfig deployDirectory
信息: Deployment of web application directory D:\developTool\apache-tomcat-7.0.56bak\webapps\examples has finished in 359 ms
二月 12, 2018 3:43:31 下午 org.apache.catalina.startup.HostConfig deployDirectory
信息: Deploying web application directory D:\developTool\apache-tomcat-7.0.56bak\webapps\host-manager
二月 12, 2018 3:43:31 下午 org.apache.catalina.startup.HostConfig deployDirectory
信息: Deployment of web application directory D:\developTool\apache-tomcat-7.0.56bak\webapps\host-manager has finished in 86 ms
二月 12, 2018 3:43:31 下午 org.apache.catalina.startup.HostConfig deployDirectory
信息: Deploying web application directory D:\developTool\apache-tomcat-7.0.56bak\webapps\manager
二月 12, 2018 3:43:31 下午 org.apache.catalina.startup.HostConfig deployDirectory
信息: Deployment of web application directory D:\developTool\apache-tomcat-7.0.56bak\webapps\manager has finished in 68 ms
二月 12, 2018 3:43:31 下午 org.apache.catalina.startup.HostConfig deployDirectory
信息: Deploying web application directory D:\developTool\apache-tomcat-7.0.56bak\webapps\ROOT
二月 12, 2018 3:43:31 下午 org.apache.catalina.startup.HostConfig deployDirectory
信息: Deployment of web application directory D:\developTool\apache-tomcat-7.0.56bak\webapps\ROOT has finished in 43 ms
二月 12, 2018 3:43:31 下午 org.apache.catalina.startup.HostConfig deployDirectory
信息: Deploying web application directory D:\developTool\apache-tomcat-7.0.56bak\webapps\solr
二月 12, 2018 3:43:37 下午 org.apache.catalina.startup.HostConfig deployDirectory
信息: Deployment of web application directory D:\developTool\apache-tomcat-7.0.56bak\webapps\solr has finished in 5,949 ms
二月 12, 2018 3:43:37 下午 org.apache.coyote.AbstractProtocol start
信息: Starting ProtocolHandler ["http-apr-8081"]
二月 12, 2018 3:43:37 下午 org.apache.coyote.AbstractProtocol start
信息: Starting ProtocolHandler ["ajp-apr-8010"]
二月 12, 2018 3:43:37 下午 org.apache.catalina.startup.Catalina start
信息: Server startup in 7584 ms
