五月 18, 2018 12:32:17 上午 org.apache.catalina.core.AprLifecycleListener init
信息: Loaded APR based Apache Tomcat Native library 1.1.31 using APR version 1.4.8.
五月 18, 2018 12:32:17 上午 org.apache.catalina.core.AprLifecycleListener init
信息: APR capabilities: IPv6 [true], sendfile [true], accept filters [false], random [true].
五月 18, 2018 12:32:18 上午 org.apache.catalina.core.AprLifecycleListener initializeSSL
信息: OpenSSL successfully initialized (OpenSSL 1.0.1h 5 Jun 2014)
五月 18, 2018 12:32:19 上午 org.apache.coyote.AbstractProtocol init
信息: Initializing ProtocolHandler ["http-apr-8081"]
五月 18, 2018 12:32:19 上午 org.apache.coyote.AbstractProtocol init
信息: Initializing ProtocolHandler ["ajp-apr-8010"]
五月 18, 2018 12:32:19 上午 org.apache.catalina.startup.Catalina load
信息: Initialization processed in 3836 ms
五月 18, 2018 12:32:19 上午 org.apache.catalina.core.StandardService startInternal
信息: Starting service Catalina
五月 18, 2018 12:32:19 上午 org.apache.catalina.core.StandardEngine startInternal
信息: Starting Servlet Engine: Apache Tomcat/7.0.56
五月 18, 2018 12:32:19 上午 org.apache.catalina.startup.HostConfig deployWAR
信息: Deploying web application archive D:\developTool\apache-tomcat-7.0.56bak\webapps\a.war
五月 18, 2018 12:32:21 上午 org.apache.catalina.util.SessionIdGenerator createSecureRandom
信息: Creation of SecureRandom instance for session ID generation using [SHA1PRNG] took [316] milliseconds.
五月 18, 2018 12:32:21 上午 org.apache.catalina.startup.HostConfig deployWAR
信息: Deployment of web application archive D:\developTool\apache-tomcat-7.0.56bak\webapps\a.war has finished in 1,974 ms
五月 18, 2018 12:32:21 上午 org.apache.catalina.startup.HostConfig deployDirectory
信息: Deploying web application directory D:\developTool\apache-tomcat-7.0.56bak\webapps\docs
五月 18, 2018 12:32:21 上午 org.apache.catalina.startup.HostConfig deployDirectory
信息: Deployment of web application directory D:\developTool\apache-tomcat-7.0.56bak\webapps\docs has finished in 54 ms
五月 18, 2018 12:32:21 上午 org.apache.catalina.startup.HostConfig deployDirectory
信息: Deploying web application directory D:\developTool\apache-tomcat-7.0.56bak\webapps\examples
五月 18, 2018 12:32:22 上午 org.apache.catalina.startup.HostConfig deployDirectory
信息: Deployment of web application directory D:\developTool\apache-tomcat-7.0.56bak\webapps\examples has finished in 791 ms
五月 18, 2018 12:32:22 上午 org.apache.catalina.startup.HostConfig deployDirectory
信息: Deploying web application directory D:\developTool\apache-tomcat-7.0.56bak\webapps\host-manager
五月 18, 2018 12:32:22 上午 org.apache.catalina.startup.HostConfig deployDirectory
信息: Deployment of web application directory D:\developTool\apache-tomcat-7.0.56bak\webapps\host-manager has finished in 113 ms
五月 18, 2018 12:32:22 上午 org.apache.catalina.startup.HostConfig deployDirectory
信息: Deploying web application directory D:\developTool\apache-tomcat-7.0.56bak\webapps\manager
五月 18, 2018 12:32:22 上午 org.apache.catalina.startup.HostConfig deployDirectory
信息: Deployment of web application directory D:\developTool\apache-tomcat-7.0.56bak\webapps\manager has finished in 84 ms
五月 18, 2018 12:32:22 上午 org.apache.catalina.startup.HostConfig deployDirectory
信息: Deploying web application directory D:\developTool\apache-tomcat-7.0.56bak\webapps\ROOT
五月 18, 2018 12:32:22 上午 org.apache.catalina.startup.HostConfig deployDirectory
信息: Deployment of web application directory D:\developTool\apache-tomcat-7.0.56bak\webapps\ROOT has finished in 45 ms
五月 18, 2018 12:32:22 上午 org.apache.catalina.startup.HostConfig deployDirectory
信息: Deploying web application directory D:\developTool\apache-tomcat-7.0.56bak\webapps\solr
五月 18, 2018 12:32:33 上午 org.apache.catalina.startup.HostConfig deployDirectory
信息: Deployment of web application directory D:\developTool\apache-tomcat-7.0.56bak\webapps\solr has finished in 10,314 ms
五月 18, 2018 12:32:33 上午 org.apache.coyote.AbstractProtocol start
信息: Starting ProtocolHandler ["http-apr-8081"]
五月 18, 2018 12:32:33 上午 org.apache.coyote.AbstractProtocol start
信息: Starting ProtocolHandler ["ajp-apr-8010"]
五月 18, 2018 12:32:33 上午 org.apache.catalina.startup.Catalina start
信息: Server startup in 13630 ms
