十二月 25, 2017 2:50:50 下午 org.apache.catalina.core.AprLifecycleListener init
信息: Loaded APR based Apache Tomcat Native library 1.1.31 using APR version 1.4.8.
十二月 25, 2017 2:50:50 下午 org.apache.catalina.core.AprLifecycleListener init
信息: APR capabilities: IPv6 [true], sendfile [true], accept filters [false], random [true].
十二月 25, 2017 2:50:52 下午 org.apache.catalina.core.AprLifecycleListener initializeSSL
信息: OpenSSL successfully initialized (OpenSSL 1.0.1h 5 Jun 2014)
十二月 25, 2017 2:50:53 下午 org.apache.coyote.AbstractProtocol init
信息: Initializing ProtocolHandler ["http-apr-8080"]
十二月 25, 2017 2:50:53 下午 org.apache.coyote.AbstractProtocol init
严重: Failed to initialize end point associated with ProtocolHandler ["http-apr-8080"]
java.lang.Exception: Socket bind failed: [730013] ???????????????í????×??????・??????×?
	at org.apache.tomcat.util.net.AprEndpoint.bind(AprEndpoint.java:453)
	at org.apache.tomcat.util.net.AbstractEndpoint.init(AbstractEndpoint.java:646)
	at org.apache.coyote.AbstractProtocol.init(AbstractProtocol.java:434)
	at org.apache.catalina.connector.Connector.initInternal(Connector.java:978)
	at org.apache.catalina.util.LifecycleBase.init(LifecycleBase.java:102)
	at org.apache.catalina.core.StandardService.initInternal(StandardService.java:559)
	at org.apache.catalina.util.LifecycleBase.init(LifecycleBase.java:102)
	at org.apache.catalina.core.StandardServer.initInternal(StandardServer.java:821)
	at org.apache.catalina.util.LifecycleBase.init(LifecycleBase.java:102)
	at org.apache.catalina.startup.Catalina.load(Catalina.java:638)
	at org.apache.catalina.startup.Catalina.load(Catalina.java:663)
	at sun.reflect.NativeMethodAccessorImpl.invoke0(Native Method)
	at sun.reflect.NativeMethodAccessorImpl.invoke(NativeMethodAccessorImpl.java:62)
	at sun.reflect.DelegatingMethodAccessorImpl.invoke(DelegatingMethodAccessorImpl.java:43)
	at java.lang.reflect.Method.invoke(Method.java:498)
	at org.apache.catalina.startup.Bootstrap.load(Bootstrap.java:280)
	at org.apache.catalina.startup.Bootstrap.main(Bootstrap.java:454)

十二月 25, 2017 2:50:53 下午 org.apache.catalina.core.StandardService initInternal
严重: Failed to initialize connector [Connector[HTTP/1.1-8080]]
org.apache.catalina.LifecycleException: Failed to initialize component [Connector[HTTP/1.1-8080]]
	at org.apache.catalina.util.LifecycleBase.init(LifecycleBase.java:106)
	at org.apache.catalina.core.StandardService.initInternal(StandardService.java:559)
	at org.apache.catalina.util.LifecycleBase.init(LifecycleBase.java:102)
	at org.apache.catalina.core.StandardServer.initInternal(StandardServer.java:821)
	at org.apache.catalina.util.LifecycleBase.init(LifecycleBase.java:102)
	at org.apache.catalina.startup.Catalina.load(Catalina.java:638)
	at org.apache.catalina.startup.Catalina.load(Catalina.java:663)
	at sun.reflect.NativeMethodAccessorImpl.invoke0(Native Method)
	at sun.reflect.NativeMethodAccessorImpl.invoke(NativeMethodAccessorImpl.java:62)
	at sun.reflect.DelegatingMethodAccessorImpl.invoke(DelegatingMethodAccessorImpl.java:43)
	at java.lang.reflect.Method.invoke(Method.java:498)
	at org.apache.catalina.startup.Bootstrap.load(Bootstrap.java:280)
	at org.apache.catalina.startup.Bootstrap.main(Bootstrap.java:454)
Caused by: org.apache.catalina.LifecycleException: Protocol handler initialization failed
	at org.apache.catalina.connector.Connector.initInternal(Connector.java:980)
	at org.apache.catalina.util.LifecycleBase.init(LifecycleBase.java:102)
	... 12 more
Caused by: java.lang.Exception: Socket bind failed: [730013] ???????????????í????×??????・??????×?
	at org.apache.tomcat.util.net.AprEndpoint.bind(AprEndpoint.java:453)
	at org.apache.tomcat.util.net.AbstractEndpoint.init(AbstractEndpoint.java:646)
	at org.apache.coyote.AbstractProtocol.init(AbstractProtocol.java:434)
	at org.apache.catalina.connector.Connector.initInternal(Connector.java:978)
	... 13 more

十二月 25, 2017 2:50:53 下午 org.apache.coyote.AbstractProtocol init
信息: Initializing ProtocolHandler ["ajp-apr-8009"]
十二月 25, 2017 2:50:53 下午 org.apache.coyote.AbstractProtocol init
严重: Failed to initialize end point associated with ProtocolHandler ["ajp-apr-8009"]
java.lang.Exception: Socket bind failed: [730013] ???????????????í????×??????・??????×?
	at org.apache.tomcat.util.net.AprEndpoint.bind(AprEndpoint.java:453)
	at org.apache.tomcat.util.net.AbstractEndpoint.init(AbstractEndpoint.java:646)
	at org.apache.coyote.AbstractProtocol.init(AbstractProtocol.java:434)
	at org.apache.catalina.connector.Connector.initInternal(Connector.java:978)
	at org.apache.catalina.util.LifecycleBase.init(LifecycleBase.java:102)
	at org.apache.catalina.core.StandardService.initInternal(StandardService.java:559)
	at org.apache.catalina.util.LifecycleBase.init(LifecycleBase.java:102)
	at org.apache.catalina.core.StandardServer.initInternal(StandardServer.java:821)
	at org.apache.catalina.util.LifecycleBase.init(LifecycleBase.java:102)
	at org.apache.catalina.startup.Catalina.load(Catalina.java:638)
	at org.apache.catalina.startup.Catalina.load(Catalina.java:663)
	at sun.reflect.NativeMethodAccessorImpl.invoke0(Native Method)
	at sun.reflect.NativeMethodAccessorImpl.invoke(NativeMethodAccessorImpl.java:62)
	at sun.reflect.DelegatingMethodAccessorImpl.invoke(DelegatingMethodAccessorImpl.java:43)
	at java.lang.reflect.Method.invoke(Method.java:498)
	at org.apache.catalina.startup.Bootstrap.load(Bootstrap.java:280)
	at org.apache.catalina.startup.Bootstrap.main(Bootstrap.java:454)

十二月 25, 2017 2:50:53 下午 org.apache.catalina.core.StandardService initInternal
严重: Failed to initialize connector [Connector[AJP/1.3-8009]]
org.apache.catalina.LifecycleException: Failed to initialize component [Connector[AJP/1.3-8009]]
	at org.apache.catalina.util.LifecycleBase.init(LifecycleBase.java:106)
	at org.apache.catalina.core.StandardService.initInternal(StandardService.java:559)
	at org.apache.catalina.util.LifecycleBase.init(LifecycleBase.java:102)
	at org.apache.catalina.core.StandardServer.initInternal(StandardServer.java:821)
	at org.apache.catalina.util.LifecycleBase.init(LifecycleBase.java:102)
	at org.apache.catalina.startup.Catalina.load(Catalina.java:638)
	at org.apache.catalina.startup.Catalina.load(Catalina.java:663)
	at sun.reflect.NativeMethodAccessorImpl.invoke0(Native Method)
	at sun.reflect.NativeMethodAccessorImpl.invoke(NativeMethodAccessorImpl.java:62)
	at sun.reflect.DelegatingMethodAccessorImpl.invoke(DelegatingMethodAccessorImpl.java:43)
	at java.lang.reflect.Method.invoke(Method.java:498)
	at org.apache.catalina.startup.Bootstrap.load(Bootstrap.java:280)
	at org.apache.catalina.startup.Bootstrap.main(Bootstrap.java:454)
Caused by: org.apache.catalina.LifecycleException: Protocol handler initialization failed
	at org.apache.catalina.connector.Connector.initInternal(Connector.java:980)
	at org.apache.catalina.util.LifecycleBase.init(LifecycleBase.java:102)
	... 12 more
Caused by: java.lang.Exception: Socket bind failed: [730013] ???????????????í????×??????・??????×?
	at org.apache.tomcat.util.net.AprEndpoint.bind(AprEndpoint.java:453)
	at org.apache.tomcat.util.net.AbstractEndpoint.init(AbstractEndpoint.java:646)
	at org.apache.coyote.AbstractProtocol.init(AbstractProtocol.java:434)
	at org.apache.catalina.connector.Connector.initInternal(Connector.java:978)
	... 13 more

十二月 25, 2017 2:50:53 下午 org.apache.catalina.startup.Catalina load
信息: Initialization processed in 3838 ms
十二月 25, 2017 2:50:53 下午 org.apache.catalina.core.StandardService startInternal
信息: Starting service Catalina
十二月 25, 2017 2:50:53 下午 org.apache.catalina.core.StandardEngine startInternal
信息: Starting Servlet Engine: Apache Tomcat/7.0.56
十二月 25, 2017 2:50:53 下午 org.apache.catalina.startup.HostConfig deployWAR
信息: Deploying web application archive C:\Program Files\Apache Software Foundation\apache-tomcat-7.0.56bak\webapps\apache-solr-3.5.0.war
十二月 25, 2017 2:50:55 下午 org.apache.catalina.util.SessionIdGenerator createSecureRandom
信息: Creation of SecureRandom instance for session ID generation using [SHA1PRNG] took [359] milliseconds.
十二月 25, 2017 2:50:55 下午 org.apache.solr.core.SolrResourceLoader locateSolrHome
信息: No /solr/home in JNDI
十二月 25, 2017 2:50:55 下午 org.apache.solr.core.SolrResourceLoader locateSolrHome
信息: solr home defaulted to 'solr/' (could not find system property or JNDI)
十二月 25, 2017 2:50:55 下午 org.apache.solr.core.SolrResourceLoader <init>
信息: Solr home set to 'solr/'
十二月 25, 2017 2:50:55 下午 org.apache.solr.servlet.SolrDispatchFilter init
信息: SolrDispatchFilter.init()
十二月 25, 2017 2:50:55 下午 org.apache.solr.core.SolrResourceLoader locateSolrHome
信息: No /solr/home in JNDI
十二月 25, 2017 2:50:55 下午 org.apache.solr.core.SolrResourceLoader locateSolrHome
信息: solr home defaulted to 'solr/' (could not find system property or JNDI)
十二月 25, 2017 2:50:55 下午 org.apache.solr.core.CoreContainer$Initializer initialize
信息: looking for solr.xml: C:\Program Files\Apache Software Foundation\apache-tomcat-7.0.56bak\bin\solr\solr.xml
十二月 25, 2017 2:50:55 下午 org.apache.solr.core.SolrResourceLoader locateSolrHome
信息: No /solr/home in JNDI
十二月 25, 2017 2:50:55 下午 org.apache.solr.core.SolrResourceLoader locateSolrHome
信息: solr home defaulted to 'solr/' (could not find system property or JNDI)
十二月 25, 2017 2:50:55 下午 org.apache.solr.core.CoreContainer <init>
信息: New CoreContainer: solrHome=solr/ instance=2003732557
十二月 25, 2017 2:50:55 下午 org.apache.solr.core.SolrResourceLoader <init>
信息: Solr home set to 'solr/'
十二月 25, 2017 2:50:55 下午 org.apache.solr.core.SolrResourceLoader <init>
信息: Solr home set to 'solr\.\'
十二月 25, 2017 2:50:55 下午 org.apache.solr.common.SolrException log
严重: java.lang.RuntimeException: Can't find resource 'solrconfig.xml' in classpath or 'solr\.\conf/', cwd=C:\Program Files\Apache Software Foundation\apache-tomcat-7.0.56bak\bin
	at org.apache.solr.core.SolrResourceLoader.openResource(SolrResourceLoader.java:268)
	at org.apache.solr.core.SolrResourceLoader.openConfig(SolrResourceLoader.java:234)
	at org.apache.solr.core.Config.<init>(Config.java:141)
	at org.apache.solr.core.SolrConfig.<init>(SolrConfig.java:131)
	at org.apache.solr.core.CoreContainer.create(CoreContainer.java:435)
	at org.apache.solr.core.CoreContainer.load(CoreContainer.java:316)
	at org.apache.solr.core.CoreContainer$Initializer.initialize(CoreContainer.java:133)
	at org.apache.solr.servlet.SolrDispatchFilter.init(SolrDispatchFilter.java:94)
	at org.apache.catalina.core.ApplicationFilterConfig.initFilter(ApplicationFilterConfig.java:279)
	at org.apache.catalina.core.ApplicationFilterConfig.getFilter(ApplicationFilterConfig.java:260)
	at org.apache.catalina.core.ApplicationFilterConfig.<init>(ApplicationFilterConfig.java:105)
	at org.apache.catalina.core.StandardContext.filterStart(StandardContext.java:4830)
	at org.apache.catalina.core.StandardContext.startInternal(StandardContext.java:5510)
	at org.apache.catalina.util.LifecycleBase.start(LifecycleBase.java:150)
	at org.apache.catalina.core.ContainerBase.addChildInternal(ContainerBase.java:901)
	at org.apache.catalina.core.ContainerBase.addChild(ContainerBase.java:877)
	at org.apache.catalina.core.StandardHost.addChild(StandardHost.java:649)
	at org.apache.catalina.startup.HostConfig.deployWAR(HostConfig.java:1083)
	at org.apache.catalina.startup.HostConfig$DeployWar.run(HostConfig.java:1879)
	at java.util.concurrent.Executors$RunnableAdapter.call(Executors.java:511)
	at java.util.concurrent.FutureTask.run(FutureTask.java:266)
	at java.util.concurrent.ThreadPoolExecutor.runWorker(ThreadPoolExecutor.java:1142)
	at java.util.concurrent.ThreadPoolExecutor$Worker.run(ThreadPoolExecutor.java:617)
	at java.lang.Thread.run(Thread.java:745)

十二月 25, 2017 2:50:55 下午 org.apache.solr.servlet.SolrDispatchFilter init
信息: user.dir=C:\Program Files\Apache Software Foundation\apache-tomcat-7.0.56bak\bin
十二月 25, 2017 2:50:55 下午 org.apache.solr.servlet.SolrDispatchFilter init
信息: SolrDispatchFilter.init() done
十二月 25, 2017 2:50:55 下午 org.apache.solr.servlet.SolrServlet init
信息: SolrServlet.init()
十二月 25, 2017 2:50:55 下午 org.apache.solr.core.SolrResourceLoader locateSolrHome
信息: No /solr/home in JNDI
十二月 25, 2017 2:50:55 下午 org.apache.solr.core.SolrResourceLoader locateSolrHome
信息: solr home defaulted to 'solr/' (could not find system property or JNDI)
十二月 25, 2017 2:50:55 下午 org.apache.solr.servlet.SolrServlet init
信息: SolrServlet.init() done
十二月 25, 2017 2:50:55 下午 org.apache.solr.core.SolrResourceLoader locateSolrHome
信息: No /solr/home in JNDI
十二月 25, 2017 2:50:55 下午 org.apache.solr.core.SolrResourceLoader locateSolrHome
信息: solr home defaulted to 'solr/' (could not find system property or JNDI)
十二月 25, 2017 2:50:55 下午 org.apache.solr.servlet.SolrUpdateServlet init
信息: SolrUpdateServlet.init() done
十二月 25, 2017 2:51:06 下午 org.apache.catalina.startup.HostConfig deployWAR
信息: Deployment of web application archive C:\Program Files\Apache Software Foundation\apache-tomcat-7.0.56bak\webapps\apache-solr-3.5.0.war has finished in 12,839 ms
十二月 25, 2017 2:51:06 下午 org.apache.catalina.startup.HostConfig deployDirectory
信息: Deploying web application directory C:\Program Files\Apache Software Foundation\apache-tomcat-7.0.56bak\webapps\docs
十二月 25, 2017 2:51:06 下午 org.apache.catalina.startup.HostConfig deployDirectory
信息: Deployment of web application directory C:\Program Files\Apache Software Foundation\apache-tomcat-7.0.56bak\webapps\docs has finished in 76 ms
十二月 25, 2017 2:51:06 下午 org.apache.catalina.startup.HostConfig deployDirectory
信息: Deploying web application directory C:\Program Files\Apache Software Foundation\apache-tomcat-7.0.56bak\webapps\examples
十二月 25, 2017 2:51:07 下午 org.apache.catalina.startup.HostConfig deployDirectory
信息: Deployment of web application directory C:\Program Files\Apache Software Foundation\apache-tomcat-7.0.56bak\webapps\examples has finished in 1,221 ms
十二月 25, 2017 2:51:07 下午 org.apache.catalina.startup.HostConfig deployDirectory
信息: Deploying web application directory C:\Program Files\Apache Software Foundation\apache-tomcat-7.0.56bak\webapps\host-manager
十二月 25, 2017 2:51:07 下午 org.apache.catalina.startup.HostConfig deployDirectory
信息: Deployment of web application directory C:\Program Files\Apache Software Foundation\apache-tomcat-7.0.56bak\webapps\host-manager has finished in 170 ms
十二月 25, 2017 2:51:07 下午 org.apache.catalina.startup.HostConfig deployDirectory
信息: Deploying web application directory C:\Program Files\Apache Software Foundation\apache-tomcat-7.0.56bak\webapps\manager
十二月 25, 2017 2:51:07 下午 org.apache.catalina.startup.HostConfig deployDirectory
信息: Deployment of web application directory C:\Program Files\Apache Software Foundation\apache-tomcat-7.0.56bak\webapps\manager has finished in 98 ms
十二月 25, 2017 2:51:07 下午 org.apache.catalina.startup.HostConfig deployDirectory
信息: Deploying web application directory C:\Program Files\Apache Software Foundation\apache-tomcat-7.0.56bak\webapps\ROOT
十二月 25, 2017 2:51:07 下午 org.apache.catalina.startup.HostConfig deployDirectory
信息: Deployment of web application directory C:\Program Files\Apache Software Foundation\apache-tomcat-7.0.56bak\webapps\ROOT has finished in 55 ms
十二月 25, 2017 2:51:07 下午 org.apache.catalina.startup.Catalina start
信息: Server startup in 14636 ms
十二月 25, 2017 2:51:07 下午 org.apache.catalina.core.StandardServer await
严重: StandardServer.await: create[localhost:8005]: 
java.net.BindException: Address already in use: JVM_Bind
	at java.net.DualStackPlainSocketImpl.bind0(Native Method)
	at java.net.DualStackPlainSocketImpl.socketBind(DualStackPlainSocketImpl.java:106)
	at java.net.AbstractPlainSocketImpl.bind(AbstractPlainSocketImpl.java:387)
	at java.net.PlainSocketImpl.bind(PlainSocketImpl.java:190)
	at java.net.ServerSocket.bind(ServerSocket.java:375)
	at java.net.ServerSocket.<init>(ServerSocket.java:237)
	at org.apache.catalina.core.StandardServer.await(StandardServer.java:427)
	at org.apache.catalina.startup.Catalina.await(Catalina.java:777)
	at org.apache.catalina.startup.Catalina.start(Catalina.java:723)
	at sun.reflect.NativeMethodAccessorImpl.invoke0(Native Method)
	at sun.reflect.NativeMethodAccessorImpl.invoke(NativeMethodAccessorImpl.java:62)
	at sun.reflect.DelegatingMethodAccessorImpl.invoke(DelegatingMethodAccessorImpl.java:43)
	at java.lang.reflect.Method.invoke(Method.java:498)
	at org.apache.catalina.startup.Bootstrap.start(Bootstrap.java:321)
	at org.apache.catalina.startup.Bootstrap.main(Bootstrap.java:455)

十二月 25, 2017 2:51:07 下午 org.apache.coyote.AbstractProtocol pause
信息: Pausing ProtocolHandler ["http-apr-8080"]
十二月 25, 2017 2:51:07 下午 org.apache.coyote.AbstractProtocol pause
信息: Pausing ProtocolHandler ["ajp-apr-8009"]
十二月 25, 2017 2:51:07 下午 org.apache.catalina.core.StandardService stopInternal
信息: Stopping service Catalina
十二月 25, 2017 2:51:07 下午 org.apache.coyote.AbstractProtocol stop
信息: Stopping ProtocolHandler ["http-apr-8080"]
十二月 25, 2017 2:51:07 下午 org.apache.coyote.AbstractProtocol destroy
信息: Destroying ProtocolHandler ["http-apr-8080"]
十二月 25, 2017 2:51:07 下午 org.apache.coyote.AbstractProtocol stop
信息: Stopping ProtocolHandler ["ajp-apr-8009"]
十二月 25, 2017 2:51:08 下午 org.apache.coyote.AbstractProtocol destroy
信息: Destroying ProtocolHandler ["ajp-apr-8009"]
十二月 25, 2017 2:51:22 下午 org.apache.catalina.core.AprLifecycleListener init
信息: Loaded APR based Apache Tomcat Native library 1.1.31 using APR version 1.4.8.
十二月 25, 2017 2:51:22 下午 org.apache.catalina.core.AprLifecycleListener init
信息: APR capabilities: IPv6 [true], sendfile [true], accept filters [false], random [true].
十二月 25, 2017 2:51:23 下午 org.apache.catalina.core.AprLifecycleListener initializeSSL
信息: OpenSSL successfully initialized (OpenSSL 1.0.1h 5 Jun 2014)
十二月 25, 2017 2:51:23 下午 org.apache.coyote.AbstractProtocol init
信息: Initializing ProtocolHandler ["http-apr-8080"]
十二月 25, 2017 2:51:23 下午 org.apache.coyote.AbstractProtocol init
严重: Failed to initialize end point associated with ProtocolHandler ["http-apr-8080"]
java.lang.Exception: Socket bind failed: [730013] ???????????????í????×??????・??????×?
	at org.apache.tomcat.util.net.AprEndpoint.bind(AprEndpoint.java:453)
	at org.apache.tomcat.util.net.AbstractEndpoint.init(AbstractEndpoint.java:646)
	at org.apache.coyote.AbstractProtocol.init(AbstractProtocol.java:434)
	at org.apache.catalina.connector.Connector.initInternal(Connector.java:978)
	at org.apache.catalina.util.LifecycleBase.init(LifecycleBase.java:102)
	at org.apache.catalina.core.StandardService.initInternal(StandardService.java:559)
	at org.apache.catalina.util.LifecycleBase.init(LifecycleBase.java:102)
	at org.apache.catalina.core.StandardServer.initInternal(StandardServer.java:821)
	at org.apache.catalina.util.LifecycleBase.init(LifecycleBase.java:102)
	at org.apache.catalina.startup.Catalina.load(Catalina.java:638)
	at org.apache.catalina.startup.Catalina.load(Catalina.java:663)
	at sun.reflect.NativeMethodAccessorImpl.invoke0(Native Method)
	at sun.reflect.NativeMethodAccessorImpl.invoke(NativeMethodAccessorImpl.java:62)
	at sun.reflect.DelegatingMethodAccessorImpl.invoke(DelegatingMethodAccessorImpl.java:43)
	at java.lang.reflect.Method.invoke(Method.java:498)
	at org.apache.catalina.startup.Bootstrap.load(Bootstrap.java:280)
	at org.apache.catalina.startup.Bootstrap.main(Bootstrap.java:454)

十二月 25, 2017 2:51:23 下午 org.apache.catalina.core.StandardService initInternal
严重: Failed to initialize connector [Connector[HTTP/1.1-8080]]
org.apache.catalina.LifecycleException: Failed to initialize component [Connector[HTTP/1.1-8080]]
	at org.apache.catalina.util.LifecycleBase.init(LifecycleBase.java:106)
	at org.apache.catalina.core.StandardService.initInternal(StandardService.java:559)
	at org.apache.catalina.util.LifecycleBase.init(LifecycleBase.java:102)
	at org.apache.catalina.core.StandardServer.initInternal(StandardServer.java:821)
	at org.apache.catalina.util.LifecycleBase.init(LifecycleBase.java:102)
	at org.apache.catalina.startup.Catalina.load(Catalina.java:638)
	at org.apache.catalina.startup.Catalina.load(Catalina.java:663)
	at sun.reflect.NativeMethodAccessorImpl.invoke0(Native Method)
	at sun.reflect.NativeMethodAccessorImpl.invoke(NativeMethodAccessorImpl.java:62)
	at sun.reflect.DelegatingMethodAccessorImpl.invoke(DelegatingMethodAccessorImpl.java:43)
	at java.lang.reflect.Method.invoke(Method.java:498)
	at org.apache.catalina.startup.Bootstrap.load(Bootstrap.java:280)
	at org.apache.catalina.startup.Bootstrap.main(Bootstrap.java:454)
Caused by: org.apache.catalina.LifecycleException: Protocol handler initialization failed
	at org.apache.catalina.connector.Connector.initInternal(Connector.java:980)
	at org.apache.catalina.util.LifecycleBase.init(LifecycleBase.java:102)
	... 12 more
Caused by: java.lang.Exception: Socket bind failed: [730013] ???????????????í????×??????・??????×?
	at org.apache.tomcat.util.net.AprEndpoint.bind(AprEndpoint.java:453)
	at org.apache.tomcat.util.net.AbstractEndpoint.init(AbstractEndpoint.java:646)
	at org.apache.coyote.AbstractProtocol.init(AbstractProtocol.java:434)
	at org.apache.catalina.connector.Connector.initInternal(Connector.java:978)
	... 13 more

十二月 25, 2017 2:51:23 下午 org.apache.coyote.AbstractProtocol init
信息: Initializing ProtocolHandler ["ajp-apr-8009"]
十二月 25, 2017 2:51:23 下午 org.apache.coyote.AbstractProtocol init
严重: Failed to initialize end point associated with ProtocolHandler ["ajp-apr-8009"]
java.lang.Exception: Socket bind failed: [730013] ???????????????í????×??????・??????×?
	at org.apache.tomcat.util.net.AprEndpoint.bind(AprEndpoint.java:453)
	at org.apache.tomcat.util.net.AbstractEndpoint.init(AbstractEndpoint.java:646)
	at org.apache.coyote.AbstractProtocol.init(AbstractProtocol.java:434)
	at org.apache.catalina.connector.Connector.initInternal(Connector.java:978)
	at org.apache.catalina.util.LifecycleBase.init(LifecycleBase.java:102)
	at org.apache.catalina.core.StandardService.initInternal(StandardService.java:559)
	at org.apache.catalina.util.LifecycleBase.init(LifecycleBase.java:102)
	at org.apache.catalina.core.StandardServer.initInternal(StandardServer.java:821)
	at org.apache.catalina.util.LifecycleBase.init(LifecycleBase.java:102)
	at org.apache.catalina.startup.Catalina.load(Catalina.java:638)
	at org.apache.catalina.startup.Catalina.load(Catalina.java:663)
	at sun.reflect.NativeMethodAccessorImpl.invoke0(Native Method)
	at sun.reflect.NativeMethodAccessorImpl.invoke(NativeMethodAccessorImpl.java:62)
	at sun.reflect.DelegatingMethodAccessorImpl.invoke(DelegatingMethodAccessorImpl.java:43)
	at java.lang.reflect.Method.invoke(Method.java:498)
	at org.apache.catalina.startup.Bootstrap.load(Bootstrap.java:280)
	at org.apache.catalina.startup.Bootstrap.main(Bootstrap.java:454)

十二月 25, 2017 2:51:23 下午 org.apache.catalina.core.StandardService initInternal
严重: Failed to initialize connector [Connector[AJP/1.3-8009]]
org.apache.catalina.LifecycleException: Failed to initialize component [Connector[AJP/1.3-8009]]
	at org.apache.catalina.util.LifecycleBase.init(LifecycleBase.java:106)
	at org.apache.catalina.core.StandardService.initInternal(StandardService.java:559)
	at org.apache.catalina.util.LifecycleBase.init(LifecycleBase.java:102)
	at org.apache.catalina.core.StandardServer.initInternal(StandardServer.java:821)
	at org.apache.catalina.util.LifecycleBase.init(LifecycleBase.java:102)
	at org.apache.catalina.startup.Catalina.load(Catalina.java:638)
	at org.apache.catalina.startup.Catalina.load(Catalina.java:663)
	at sun.reflect.NativeMethodAccessorImpl.invoke0(Native Method)
	at sun.reflect.NativeMethodAccessorImpl.invoke(NativeMethodAccessorImpl.java:62)
	at sun.reflect.DelegatingMethodAccessorImpl.invoke(DelegatingMethodAccessorImpl.java:43)
	at java.lang.reflect.Method.invoke(Method.java:498)
	at org.apache.catalina.startup.Bootstrap.load(Bootstrap.java:280)
	at org.apache.catalina.startup.Bootstrap.main(Bootstrap.java:454)
Caused by: org.apache.catalina.LifecycleException: Protocol handler initialization failed
	at org.apache.catalina.connector.Connector.initInternal(Connector.java:980)
	at org.apache.catalina.util.LifecycleBase.init(LifecycleBase.java:102)
	... 12 more
Caused by: java.lang.Exception: Socket bind failed: [730013] ???????????????í????×??????・??????×?
	at org.apache.tomcat.util.net.AprEndpoint.bind(AprEndpoint.java:453)
	at org.apache.tomcat.util.net.AbstractEndpoint.init(AbstractEndpoint.java:646)
	at org.apache.coyote.AbstractProtocol.init(AbstractProtocol.java:434)
	at org.apache.catalina.connector.Connector.initInternal(Connector.java:978)
	... 13 more

十二月 25, 2017 2:51:23 下午 org.apache.catalina.startup.Catalina load
信息: Initialization processed in 1406 ms
十二月 25, 2017 2:51:23 下午 org.apache.catalina.core.StandardService startInternal
信息: Starting service Catalina
十二月 25, 2017 2:51:23 下午 org.apache.catalina.core.StandardEngine startInternal
信息: Starting Servlet Engine: Apache Tomcat/7.0.56
十二月 25, 2017 2:51:23 下午 org.apache.catalina.startup.HostConfig deployWAR
信息: Deploying web application archive C:\Program Files\Apache Software Foundation\apache-tomcat-7.0.56bak\webapps\apache-solr-3.5.0.war
十二月 25, 2017 2:51:24 下午 org.apache.catalina.util.SessionIdGenerator createSecureRandom
信息: Creation of SecureRandom instance for session ID generation using [SHA1PRNG] took [254] milliseconds.
十二月 25, 2017 2:51:24 下午 org.apache.solr.core.SolrResourceLoader locateSolrHome
信息: No /solr/home in JNDI
十二月 25, 2017 2:51:24 下午 org.apache.solr.core.SolrResourceLoader locateSolrHome
信息: solr home defaulted to 'solr/' (could not find system property or JNDI)
十二月 25, 2017 2:51:24 下午 org.apache.solr.core.SolrResourceLoader <init>
信息: Solr home set to 'solr/'
十二月 25, 2017 2:51:24 下午 org.apache.solr.servlet.SolrDispatchFilter init
信息: SolrDispatchFilter.init()
十二月 25, 2017 2:51:24 下午 org.apache.solr.core.SolrResourceLoader locateSolrHome
信息: No /solr/home in JNDI
十二月 25, 2017 2:51:24 下午 org.apache.solr.core.SolrResourceLoader locateSolrHome
信息: solr home defaulted to 'solr/' (could not find system property or JNDI)
十二月 25, 2017 2:51:24 下午 org.apache.solr.core.CoreContainer$Initializer initialize
信息: looking for solr.xml: C:\Program Files\Apache Software Foundation\apache-tomcat-7.0.56bak\bin\solr\solr.xml
十二月 25, 2017 2:51:24 下午 org.apache.solr.core.SolrResourceLoader locateSolrHome
信息: No /solr/home in JNDI
十二月 25, 2017 2:51:24 下午 org.apache.solr.core.SolrResourceLoader locateSolrHome
信息: solr home defaulted to 'solr/' (could not find system property or JNDI)
十二月 25, 2017 2:51:24 下午 org.apache.solr.core.CoreContainer <init>
信息: New CoreContainer: solrHome=solr/ instance=1824160737
十二月 25, 2017 2:51:24 下午 org.apache.solr.core.SolrResourceLoader <init>
信息: Solr home set to 'solr/'
十二月 25, 2017 2:51:25 下午 org.apache.solr.core.SolrResourceLoader <init>
信息: Solr home set to 'solr\.\'
十二月 25, 2017 2:51:25 下午 org.apache.solr.common.SolrException log
严重: java.lang.RuntimeException: Can't find resource 'solrconfig.xml' in classpath or 'solr\.\conf/', cwd=C:\Program Files\Apache Software Foundation\apache-tomcat-7.0.56bak\bin
	at org.apache.solr.core.SolrResourceLoader.openResource(SolrResourceLoader.java:268)
	at org.apache.solr.core.SolrResourceLoader.openConfig(SolrResourceLoader.java:234)
	at org.apache.solr.core.Config.<init>(Config.java:141)
	at org.apache.solr.core.SolrConfig.<init>(SolrConfig.java:131)
	at org.apache.solr.core.CoreContainer.create(CoreContainer.java:435)
	at org.apache.solr.core.CoreContainer.load(CoreContainer.java:316)
	at org.apache.solr.core.CoreContainer$Initializer.initialize(CoreContainer.java:133)
	at org.apache.solr.servlet.SolrDispatchFilter.init(SolrDispatchFilter.java:94)
	at org.apache.catalina.core.ApplicationFilterConfig.initFilter(ApplicationFilterConfig.java:279)
	at org.apache.catalina.core.ApplicationFilterConfig.getFilter(ApplicationFilterConfig.java:260)
	at org.apache.catalina.core.ApplicationFilterConfig.<init>(ApplicationFilterConfig.java:105)
	at org.apache.catalina.core.StandardContext.filterStart(StandardContext.java:4830)
	at org.apache.catalina.core.StandardContext.startInternal(StandardContext.java:5510)
	at org.apache.catalina.util.LifecycleBase.start(LifecycleBase.java:150)
	at org.apache.catalina.core.ContainerBase.addChildInternal(ContainerBase.java:901)
	at org.apache.catalina.core.ContainerBase.addChild(ContainerBase.java:877)
	at org.apache.catalina.core.StandardHost.addChild(StandardHost.java:649)
	at org.apache.catalina.startup.HostConfig.deployWAR(HostConfig.java:1083)
	at org.apache.catalina.startup.HostConfig$DeployWar.run(HostConfig.java:1879)
	at java.util.concurrent.Executors$RunnableAdapter.call(Executors.java:511)
	at java.util.concurrent.FutureTask.run(FutureTask.java:266)
	at java.util.concurrent.ThreadPoolExecutor.runWorker(ThreadPoolExecutor.java:1142)
	at java.util.concurrent.ThreadPoolExecutor$Worker.run(ThreadPoolExecutor.java:617)
	at java.lang.Thread.run(Thread.java:745)

十二月 25, 2017 2:51:25 下午 org.apache.solr.servlet.SolrDispatchFilter init
信息: user.dir=C:\Program Files\Apache Software Foundation\apache-tomcat-7.0.56bak\bin
十二月 25, 2017 2:51:25 下午 org.apache.solr.servlet.SolrDispatchFilter init
信息: SolrDispatchFilter.init() done
十二月 25, 2017 2:51:25 下午 org.apache.solr.servlet.SolrServlet init
信息: SolrServlet.init()
十二月 25, 2017 2:51:25 下午 org.apache.solr.core.SolrResourceLoader locateSolrHome
信息: No /solr/home in JNDI
十二月 25, 2017 2:51:25 下午 org.apache.solr.core.SolrResourceLoader locateSolrHome
信息: solr home defaulted to 'solr/' (could not find system property or JNDI)
十二月 25, 2017 2:51:25 下午 org.apache.solr.servlet.SolrServlet init
信息: SolrServlet.init() done
十二月 25, 2017 2:51:25 下午 org.apache.solr.core.SolrResourceLoader locateSolrHome
信息: No /solr/home in JNDI
十二月 25, 2017 2:51:25 下午 org.apache.solr.core.SolrResourceLoader locateSolrHome
信息: solr home defaulted to 'solr/' (could not find system property or JNDI)
十二月 25, 2017 2:51:25 下午 org.apache.solr.servlet.SolrUpdateServlet init
信息: SolrUpdateServlet.init() done
十二月 25, 2017 2:51:34 下午 org.apache.catalina.startup.HostConfig deployWAR
信息: Deployment of web application archive C:\Program Files\Apache Software Foundation\apache-tomcat-7.0.56bak\webapps\apache-solr-3.5.0.war has finished in 10,316 ms
十二月 25, 2017 2:51:34 下午 org.apache.catalina.startup.HostConfig deployDirectory
信息: Deploying web application directory C:\Program Files\Apache Software Foundation\apache-tomcat-7.0.56bak\webapps\docs
十二月 25, 2017 2:51:34 下午 org.apache.catalina.startup.HostConfig deployDirectory
信息: Deployment of web application directory C:\Program Files\Apache Software Foundation\apache-tomcat-7.0.56bak\webapps\docs has finished in 42 ms
十二月 25, 2017 2:51:34 下午 org.apache.catalina.startup.HostConfig deployDirectory
信息: Deploying web application directory C:\Program Files\Apache Software Foundation\apache-tomcat-7.0.56bak\webapps\examples
十二月 25, 2017 2:51:34 下午 org.apache.catalina.startup.HostConfig deployDirectory
信息: Deployment of web application directory C:\Program Files\Apache Software Foundation\apache-tomcat-7.0.56bak\webapps\examples has finished in 325 ms
十二月 25, 2017 2:51:34 下午 org.apache.catalina.startup.HostConfig deployDirectory
信息: Deploying web application directory C:\Program Files\Apache Software Foundation\apache-tomcat-7.0.56bak\webapps\host-manager
十二月 25, 2017 2:51:34 下午 org.apache.catalina.startup.HostConfig deployDirectory
信息: Deployment of web application directory C:\Program Files\Apache Software Foundation\apache-tomcat-7.0.56bak\webapps\host-manager has finished in 63 ms
十二月 25, 2017 2:51:34 下午 org.apache.catalina.startup.HostConfig deployDirectory
信息: Deploying web application directory C:\Program Files\Apache Software Foundation\apache-tomcat-7.0.56bak\webapps\manager
十二月 25, 2017 2:51:34 下午 org.apache.catalina.startup.HostConfig deployDirectory
信息: Deployment of web application directory C:\Program Files\Apache Software Foundation\apache-tomcat-7.0.56bak\webapps\manager has finished in 54 ms
十二月 25, 2017 2:51:34 下午 org.apache.catalina.startup.HostConfig deployDirectory
信息: Deploying web application directory C:\Program Files\Apache Software Foundation\apache-tomcat-7.0.56bak\webapps\ROOT
十二月 25, 2017 2:51:34 下午 org.apache.catalina.startup.HostConfig deployDirectory
信息: Deployment of web application directory C:\Program Files\Apache Software Foundation\apache-tomcat-7.0.56bak\webapps\ROOT has finished in 53 ms
十二月 25, 2017 2:51:34 下午 org.apache.catalina.startup.Catalina start
信息: Server startup in 10948 ms
十二月 25, 2017 2:51:42 下午 org.apache.catalina.core.AprLifecycleListener init
信息: Loaded APR based Apache Tomcat Native library 1.1.31 using APR version 1.4.8.
十二月 25, 2017 2:51:42 下午 org.apache.catalina.core.AprLifecycleListener init
信息: APR capabilities: IPv6 [true], sendfile [true], accept filters [false], random [true].
十二月 25, 2017 2:51:43 下午 org.apache.catalina.core.AprLifecycleListener initializeSSL
信息: OpenSSL successfully initialized (OpenSSL 1.0.1h 5 Jun 2014)
十二月 25, 2017 2:51:43 下午 org.apache.coyote.AbstractProtocol init
信息: Initializing ProtocolHandler ["http-apr-8080"]
十二月 25, 2017 2:51:43 下午 org.apache.coyote.AbstractProtocol init
信息: Initializing ProtocolHandler ["ajp-apr-8009"]
十二月 25, 2017 2:51:43 下午 org.apache.catalina.startup.Catalina load
信息: Initialization processed in 1391 ms
十二月 25, 2017 2:51:43 下午 org.apache.catalina.core.StandardService startInternal
信息: Starting service Catalina
十二月 25, 2017 2:51:43 下午 org.apache.catalina.core.StandardEngine startInternal
信息: Starting Servlet Engine: Apache Tomcat/7.0.56
十二月 25, 2017 2:51:43 下午 org.apache.catalina.startup.HostConfig deployWAR
信息: Deploying web application archive C:\Program Files\Apache Software Foundation\apache-tomcat-7.0.56bak\webapps\apache-solr-3.5.0.war
十二月 25, 2017 2:51:44 下午 org.apache.catalina.util.SessionIdGenerator createSecureRandom
信息: Creation of SecureRandom instance for session ID generation using [SHA1PRNG] took [247] milliseconds.
十二月 25, 2017 2:51:44 下午 org.apache.solr.core.SolrResourceLoader locateSolrHome
信息: No /solr/home in JNDI
十二月 25, 2017 2:51:44 下午 org.apache.solr.core.SolrResourceLoader locateSolrHome
信息: solr home defaulted to 'solr/' (could not find system property or JNDI)
十二月 25, 2017 2:51:44 下午 org.apache.solr.core.SolrResourceLoader <init>
信息: Solr home set to 'solr/'
十二月 25, 2017 2:51:44 下午 org.apache.solr.servlet.SolrDispatchFilter init
信息: SolrDispatchFilter.init()
十二月 25, 2017 2:51:44 下午 org.apache.solr.core.SolrResourceLoader locateSolrHome
信息: No /solr/home in JNDI
十二月 25, 2017 2:51:44 下午 org.apache.solr.core.SolrResourceLoader locateSolrHome
信息: solr home defaulted to 'solr/' (could not find system property or JNDI)
十二月 25, 2017 2:51:44 下午 org.apache.solr.core.CoreContainer$Initializer initialize
信息: looking for solr.xml: C:\Program Files\Apache Software Foundation\apache-tomcat-7.0.56bak\bin\solr\solr.xml
十二月 25, 2017 2:51:44 下午 org.apache.solr.core.SolrResourceLoader locateSolrHome
信息: No /solr/home in JNDI
十二月 25, 2017 2:51:44 下午 org.apache.solr.core.SolrResourceLoader locateSolrHome
信息: solr home defaulted to 'solr/' (could not find system property or JNDI)
十二月 25, 2017 2:51:44 下午 org.apache.solr.core.CoreContainer <init>
信息: New CoreContainer: solrHome=solr/ instance=1099965439
十二月 25, 2017 2:51:44 下午 org.apache.solr.core.SolrResourceLoader <init>
信息: Solr home set to 'solr/'
十二月 25, 2017 2:51:44 下午 org.apache.solr.core.SolrResourceLoader <init>
信息: Solr home set to 'solr\.\'
十二月 25, 2017 2:51:44 下午 org.apache.solr.common.SolrException log
严重: java.lang.RuntimeException: Can't find resource 'solrconfig.xml' in classpath or 'solr\.\conf/', cwd=C:\Program Files\Apache Software Foundation\apache-tomcat-7.0.56bak\bin
	at org.apache.solr.core.SolrResourceLoader.openResource(SolrResourceLoader.java:268)
	at org.apache.solr.core.SolrResourceLoader.openConfig(SolrResourceLoader.java:234)
	at org.apache.solr.core.Config.<init>(Config.java:141)
	at org.apache.solr.core.SolrConfig.<init>(SolrConfig.java:131)
	at org.apache.solr.core.CoreContainer.create(CoreContainer.java:435)
	at org.apache.solr.core.CoreContainer.load(CoreContainer.java:316)
	at org.apache.solr.core.CoreContainer$Initializer.initialize(CoreContainer.java:133)
	at org.apache.solr.servlet.SolrDispatchFilter.init(SolrDispatchFilter.java:94)
	at org.apache.catalina.core.ApplicationFilterConfig.initFilter(ApplicationFilterConfig.java:279)
	at org.apache.catalina.core.ApplicationFilterConfig.getFilter(ApplicationFilterConfig.java:260)
	at org.apache.catalina.core.ApplicationFilterConfig.<init>(ApplicationFilterConfig.java:105)
	at org.apache.catalina.core.StandardContext.filterStart(StandardContext.java:4830)
	at org.apache.catalina.core.StandardContext.startInternal(StandardContext.java:5510)
	at org.apache.catalina.util.LifecycleBase.start(LifecycleBase.java:150)
	at org.apache.catalina.core.ContainerBase.addChildInternal(ContainerBase.java:901)
	at org.apache.catalina.core.ContainerBase.addChild(ContainerBase.java:877)
	at org.apache.catalina.core.StandardHost.addChild(StandardHost.java:649)
	at org.apache.catalina.startup.HostConfig.deployWAR(HostConfig.java:1083)
	at org.apache.catalina.startup.HostConfig$DeployWar.run(HostConfig.java:1879)
	at java.util.concurrent.Executors$RunnableAdapter.call(Executors.java:511)
	at java.util.concurrent.FutureTask.run(FutureTask.java:266)
	at java.util.concurrent.ThreadPoolExecutor.runWorker(ThreadPoolExecutor.java:1142)
	at java.util.concurrent.ThreadPoolExecutor$Worker.run(ThreadPoolExecutor.java:617)
	at java.lang.Thread.run(Thread.java:745)

十二月 25, 2017 2:51:44 下午 org.apache.solr.servlet.SolrDispatchFilter init
信息: user.dir=C:\Program Files\Apache Software Foundation\apache-tomcat-7.0.56bak\bin
十二月 25, 2017 2:51:44 下午 org.apache.solr.servlet.SolrDispatchFilter init
信息: SolrDispatchFilter.init() done
十二月 25, 2017 2:51:44 下午 org.apache.solr.servlet.SolrServlet init
信息: SolrServlet.init()
十二月 25, 2017 2:51:44 下午 org.apache.solr.core.SolrResourceLoader locateSolrHome
信息: No /solr/home in JNDI
十二月 25, 2017 2:51:44 下午 org.apache.solr.core.SolrResourceLoader locateSolrHome
信息: solr home defaulted to 'solr/' (could not find system property or JNDI)
十二月 25, 2017 2:51:44 下午 org.apache.solr.servlet.SolrServlet init
信息: SolrServlet.init() done
十二月 25, 2017 2:51:44 下午 org.apache.solr.core.SolrResourceLoader locateSolrHome
信息: No /solr/home in JNDI
十二月 25, 2017 2:51:44 下午 org.apache.solr.core.SolrResourceLoader locateSolrHome
信息: solr home defaulted to 'solr/' (could not find system property or JNDI)
十二月 25, 2017 2:51:44 下午 org.apache.solr.servlet.SolrUpdateServlet init
信息: SolrUpdateServlet.init() done
十二月 25, 2017 2:51:53 下午 org.apache.catalina.startup.HostConfig deployWAR
信息: Deployment of web application archive C:\Program Files\Apache Software Foundation\apache-tomcat-7.0.56bak\webapps\apache-solr-3.5.0.war has finished in 10,300 ms
十二月 25, 2017 2:51:53 下午 org.apache.catalina.startup.HostConfig deployDirectory
信息: Deploying web application directory C:\Program Files\Apache Software Foundation\apache-tomcat-7.0.56bak\webapps\docs
十二月 25, 2017 2:51:53 下午 org.apache.catalina.startup.HostConfig deployDirectory
信息: Deployment of web application directory C:\Program Files\Apache Software Foundation\apache-tomcat-7.0.56bak\webapps\docs has finished in 48 ms
十二月 25, 2017 2:51:53 下午 org.apache.catalina.startup.HostConfig deployDirectory
信息: Deploying web application directory C:\Program Files\Apache Software Foundation\apache-tomcat-7.0.56bak\webapps\examples
十二月 25, 2017 2:51:54 下午 org.apache.catalina.startup.HostConfig deployDirectory
信息: Deployment of web application directory C:\Program Files\Apache Software Foundation\apache-tomcat-7.0.56bak\webapps\examples has finished in 322 ms
十二月 25, 2017 2:51:54 下午 org.apache.catalina.startup.HostConfig deployDirectory
信息: Deploying web application directory C:\Program Files\Apache Software Foundation\apache-tomcat-7.0.56bak\webapps\host-manager
十二月 25, 2017 2:51:54 下午 org.apache.catalina.startup.HostConfig deployDirectory
信息: Deployment of web application directory C:\Program Files\Apache Software Foundation\apache-tomcat-7.0.56bak\webapps\host-manager has finished in 65 ms
十二月 25, 2017 2:51:54 下午 org.apache.catalina.startup.HostConfig deployDirectory
信息: Deploying web application directory C:\Program Files\Apache Software Foundation\apache-tomcat-7.0.56bak\webapps\manager
十二月 25, 2017 2:51:54 下午 org.apache.catalina.startup.HostConfig deployDirectory
信息: Deployment of web application directory C:\Program Files\Apache Software Foundation\apache-tomcat-7.0.56bak\webapps\manager has finished in 49 ms
十二月 25, 2017 2:51:54 下午 org.apache.catalina.startup.HostConfig deployDirectory
信息: Deploying web application directory C:\Program Files\Apache Software Foundation\apache-tomcat-7.0.56bak\webapps\ROOT
十二月 25, 2017 2:51:54 下午 org.apache.catalina.startup.HostConfig deployDirectory
信息: Deployment of web application directory C:\Program Files\Apache Software Foundation\apache-tomcat-7.0.56bak\webapps\ROOT has finished in 47 ms
十二月 25, 2017 2:51:54 下午 org.apache.coyote.AbstractProtocol start
信息: Starting ProtocolHandler ["http-apr-8080"]
十二月 25, 2017 2:51:54 下午 org.apache.coyote.AbstractProtocol start
信息: Starting ProtocolHandler ["ajp-apr-8009"]
十二月 25, 2017 2:51:54 下午 org.apache.catalina.startup.Catalina start
信息: Server startup in 10934 ms
十二月 25, 2017 2:51:54 下午 org.apache.catalina.core.StandardServer await
严重: StandardServer.await: create[localhost:8005]: 
java.net.BindException: Address already in use: JVM_Bind
	at java.net.DualStackPlainSocketImpl.bind0(Native Method)
	at java.net.DualStackPlainSocketImpl.socketBind(DualStackPlainSocketImpl.java:106)
	at java.net.AbstractPlainSocketImpl.bind(AbstractPlainSocketImpl.java:387)
	at java.net.PlainSocketImpl.bind(PlainSocketImpl.java:190)
	at java.net.ServerSocket.bind(ServerSocket.java:375)
	at java.net.ServerSocket.<init>(ServerSocket.java:237)
	at org.apache.catalina.core.StandardServer.await(StandardServer.java:427)
	at org.apache.catalina.startup.Catalina.await(Catalina.java:777)
	at org.apache.catalina.startup.Catalina.start(Catalina.java:723)
	at sun.reflect.NativeMethodAccessorImpl.invoke0(Native Method)
	at sun.reflect.NativeMethodAccessorImpl.invoke(NativeMethodAccessorImpl.java:62)
	at sun.reflect.DelegatingMethodAccessorImpl.invoke(DelegatingMethodAccessorImpl.java:43)
	at java.lang.reflect.Method.invoke(Method.java:498)
	at org.apache.catalina.startup.Bootstrap.start(Bootstrap.java:321)
	at org.apache.catalina.startup.Bootstrap.main(Bootstrap.java:455)

十二月 25, 2017 2:51:54 下午 org.apache.coyote.AbstractProtocol pause
信息: Pausing ProtocolHandler ["http-apr-8080"]
十二月 25, 2017 2:51:54 下午 org.apache.coyote.AbstractProtocol pause
信息: Pausing ProtocolHandler ["ajp-apr-8009"]
十二月 25, 2017 2:51:54 下午 org.apache.catalina.core.StandardService stopInternal
信息: Stopping service Catalina
十二月 25, 2017 2:51:54 下午 org.apache.coyote.AbstractProtocol stop
信息: Stopping ProtocolHandler ["http-apr-8080"]
十二月 25, 2017 2:51:54 下午 org.apache.coyote.AbstractProtocol stop
信息: Stopping ProtocolHandler ["ajp-apr-8009"]
十二月 25, 2017 2:51:54 下午 org.apache.coyote.AbstractProtocol destroy
信息: Destroying ProtocolHandler ["http-apr-8080"]
十二月 25, 2017 2:51:54 下午 org.apache.coyote.AbstractProtocol destroy
信息: Destroying ProtocolHandler ["ajp-apr-8009"]
十二月 25, 2017 2:52:57 下午 org.apache.catalina.core.AprLifecycleListener init
信息: Loaded APR based Apache Tomcat Native library 1.1.31 using APR version 1.4.8.
十二月 25, 2017 2:52:57 下午 org.apache.catalina.core.AprLifecycleListener init
信息: APR capabilities: IPv6 [true], sendfile [true], accept filters [false], random [true].
十二月 25, 2017 2:52:58 下午 org.apache.catalina.core.AprLifecycleListener initializeSSL
信息: OpenSSL successfully initialized (OpenSSL 1.0.1h 5 Jun 2014)
十二月 25, 2017 2:52:58 下午 org.apache.coyote.AbstractProtocol init
信息: Initializing ProtocolHandler ["http-apr-8080"]
十二月 25, 2017 2:52:58 下午 org.apache.coyote.AbstractProtocol init
信息: Initializing ProtocolHandler ["ajp-apr-8009"]
十二月 25, 2017 2:52:58 下午 org.apache.catalina.startup.Catalina load
信息: Initialization processed in 1348 ms
十二月 25, 2017 2:52:58 下午 org.apache.catalina.core.StandardService startInternal
信息: Starting service Catalina
十二月 25, 2017 2:52:58 下午 org.apache.catalina.core.StandardEngine startInternal
信息: Starting Servlet Engine: Apache Tomcat/7.0.56
十二月 25, 2017 2:52:58 下午 org.apache.catalina.startup.HostConfig deployWAR
信息: Deploying web application archive C:\Program Files\Apache Software Foundation\apache-tomcat-7.0.56bak\webapps\apache-solr-3.5.0.war
十二月 25, 2017 2:52:59 下午 org.apache.catalina.util.SessionIdGenerator createSecureRandom
信息: Creation of SecureRandom instance for session ID generation using [SHA1PRNG] took [274] milliseconds.
十二月 25, 2017 2:52:59 下午 org.apache.solr.core.SolrResourceLoader locateSolrHome
信息: No /solr/home in JNDI
十二月 25, 2017 2:52:59 下午 org.apache.solr.core.SolrResourceLoader locateSolrHome
信息: solr home defaulted to 'solr/' (could not find system property or JNDI)
十二月 25, 2017 2:52:59 下午 org.apache.solr.core.SolrResourceLoader <init>
信息: Solr home set to 'solr/'
十二月 25, 2017 2:52:59 下午 org.apache.solr.servlet.SolrDispatchFilter init
信息: SolrDispatchFilter.init()
十二月 25, 2017 2:52:59 下午 org.apache.solr.core.SolrResourceLoader locateSolrHome
信息: No /solr/home in JNDI
十二月 25, 2017 2:52:59 下午 org.apache.solr.core.SolrResourceLoader locateSolrHome
信息: solr home defaulted to 'solr/' (could not find system property or JNDI)
十二月 25, 2017 2:52:59 下午 org.apache.solr.core.CoreContainer$Initializer initialize
信息: looking for solr.xml: C:\Program Files\Apache Software Foundation\apache-tomcat-7.0.56bak\bin\solr\solr.xml
十二月 25, 2017 2:52:59 下午 org.apache.solr.core.SolrResourceLoader locateSolrHome
信息: No /solr/home in JNDI
十二月 25, 2017 2:52:59 下午 org.apache.solr.core.SolrResourceLoader locateSolrHome
信息: solr home defaulted to 'solr/' (could not find system property or JNDI)
十二月 25, 2017 2:52:59 下午 org.apache.solr.core.CoreContainer <init>
信息: New CoreContainer: solrHome=solr/ instance=953840694
十二月 25, 2017 2:52:59 下午 org.apache.solr.core.SolrResourceLoader <init>
信息: Solr home set to 'solr/'
十二月 25, 2017 2:52:59 下午 org.apache.solr.core.SolrResourceLoader <init>
信息: Solr home set to 'solr\.\'
十二月 25, 2017 2:52:59 下午 org.apache.solr.common.SolrException log
严重: java.lang.RuntimeException: Can't find resource 'solrconfig.xml' in classpath or 'solr\.\conf/', cwd=C:\Program Files\Apache Software Foundation\apache-tomcat-7.0.56bak\bin
	at org.apache.solr.core.SolrResourceLoader.openResource(SolrResourceLoader.java:268)
	at org.apache.solr.core.SolrResourceLoader.openConfig(SolrResourceLoader.java:234)
	at org.apache.solr.core.Config.<init>(Config.java:141)
	at org.apache.solr.core.SolrConfig.<init>(SolrConfig.java:131)
	at org.apache.solr.core.CoreContainer.create(CoreContainer.java:435)
	at org.apache.solr.core.CoreContainer.load(CoreContainer.java:316)
	at org.apache.solr.core.CoreContainer$Initializer.initialize(CoreContainer.java:133)
	at org.apache.solr.servlet.SolrDispatchFilter.init(SolrDispatchFilter.java:94)
	at org.apache.catalina.core.ApplicationFilterConfig.initFilter(ApplicationFilterConfig.java:279)
	at org.apache.catalina.core.ApplicationFilterConfig.getFilter(ApplicationFilterConfig.java:260)
	at org.apache.catalina.core.ApplicationFilterConfig.<init>(ApplicationFilterConfig.java:105)
	at org.apache.catalina.core.StandardContext.filterStart(StandardContext.java:4830)
	at org.apache.catalina.core.StandardContext.startInternal(StandardContext.java:5510)
	at org.apache.catalina.util.LifecycleBase.start(LifecycleBase.java:150)
	at org.apache.catalina.core.ContainerBase.addChildInternal(ContainerBase.java:901)
	at org.apache.catalina.core.ContainerBase.addChild(ContainerBase.java:877)
	at org.apache.catalina.core.StandardHost.addChild(StandardHost.java:649)
	at org.apache.catalina.startup.HostConfig.deployWAR(HostConfig.java:1083)
	at org.apache.catalina.startup.HostConfig$DeployWar.run(HostConfig.java:1879)
	at java.util.concurrent.Executors$RunnableAdapter.call(Executors.java:511)
	at java.util.concurrent.FutureTask.run(FutureTask.java:266)
	at java.util.concurrent.ThreadPoolExecutor.runWorker(ThreadPoolExecutor.java:1142)
	at java.util.concurrent.ThreadPoolExecutor$Worker.run(ThreadPoolExecutor.java:617)
	at java.lang.Thread.run(Thread.java:745)

十二月 25, 2017 2:52:59 下午 org.apache.solr.servlet.SolrDispatchFilter init
信息: user.dir=C:\Program Files\Apache Software Foundation\apache-tomcat-7.0.56bak\bin
十二月 25, 2017 2:52:59 下午 org.apache.solr.servlet.SolrDispatchFilter init
信息: SolrDispatchFilter.init() done
十二月 25, 2017 2:52:59 下午 org.apache.solr.servlet.SolrServlet init
信息: SolrServlet.init()
十二月 25, 2017 2:52:59 下午 org.apache.solr.core.SolrResourceLoader locateSolrHome
信息: No /solr/home in JNDI
十二月 25, 2017 2:52:59 下午 org.apache.solr.core.SolrResourceLoader locateSolrHome
信息: solr home defaulted to 'solr/' (could not find system property or JNDI)
十二月 25, 2017 2:52:59 下午 org.apache.solr.servlet.SolrServlet init
信息: SolrServlet.init() done
十二月 25, 2017 2:52:59 下午 org.apache.solr.core.SolrResourceLoader locateSolrHome
信息: No /solr/home in JNDI
十二月 25, 2017 2:52:59 下午 org.apache.solr.core.SolrResourceLoader locateSolrHome
信息: solr home defaulted to 'solr/' (could not find system property or JNDI)
十二月 25, 2017 2:52:59 下午 org.apache.solr.servlet.SolrUpdateServlet init
信息: SolrUpdateServlet.init() done
十二月 25, 2017 2:53:08 下午 org.apache.catalina.startup.HostConfig deployWAR
信息: Deployment of web application archive C:\Program Files\Apache Software Foundation\apache-tomcat-7.0.56bak\webapps\apache-solr-3.5.0.war has finished in 10,341 ms
十二月 25, 2017 2:53:08 下午 org.apache.catalina.startup.HostConfig deployDirectory
信息: Deploying web application directory C:\Program Files\Apache Software Foundation\apache-tomcat-7.0.56bak\webapps\docs
十二月 25, 2017 2:53:08 下午 org.apache.catalina.startup.HostConfig deployDirectory
信息: Deployment of web application directory C:\Program Files\Apache Software Foundation\apache-tomcat-7.0.56bak\webapps\docs has finished in 67 ms
十二月 25, 2017 2:53:08 下午 org.apache.catalina.startup.HostConfig deployDirectory
信息: Deploying web application directory C:\Program Files\Apache Software Foundation\apache-tomcat-7.0.56bak\webapps\examples
十二月 25, 2017 2:53:09 下午 org.apache.catalina.startup.HostConfig deployDirectory
信息: Deployment of web application directory C:\Program Files\Apache Software Foundation\apache-tomcat-7.0.56bak\webapps\examples has finished in 290 ms
十二月 25, 2017 2:53:09 下午 org.apache.catalina.startup.HostConfig deployDirectory
信息: Deploying web application directory C:\Program Files\Apache Software Foundation\apache-tomcat-7.0.56bak\webapps\host-manager
十二月 25, 2017 2:53:09 下午 org.apache.catalina.startup.HostConfig deployDirectory
信息: Deployment of web application directory C:\Program Files\Apache Software Foundation\apache-tomcat-7.0.56bak\webapps\host-manager has finished in 57 ms
十二月 25, 2017 2:53:09 下午 org.apache.catalina.startup.HostConfig deployDirectory
信息: Deploying web application directory C:\Program Files\Apache Software Foundation\apache-tomcat-7.0.56bak\webapps\manager
十二月 25, 2017 2:53:09 下午 org.apache.catalina.startup.HostConfig deployDirectory
信息: Deployment of web application directory C:\Program Files\Apache Software Foundation\apache-tomcat-7.0.56bak\webapps\manager has finished in 60 ms
十二月 25, 2017 2:53:09 下午 org.apache.catalina.startup.HostConfig deployDirectory
信息: Deploying web application directory C:\Program Files\Apache Software Foundation\apache-tomcat-7.0.56bak\webapps\ROOT
十二月 25, 2017 2:53:09 下午 org.apache.catalina.startup.HostConfig deployDirectory
信息: Deployment of web application directory C:\Program Files\Apache Software Foundation\apache-tomcat-7.0.56bak\webapps\ROOT has finished in 46 ms
十二月 25, 2017 2:53:09 下午 org.apache.coyote.AbstractProtocol start
信息: Starting ProtocolHandler ["http-apr-8080"]
十二月 25, 2017 2:53:09 下午 org.apache.coyote.AbstractProtocol start
信息: Starting ProtocolHandler ["ajp-apr-8009"]
十二月 25, 2017 2:53:09 下午 org.apache.catalina.startup.Catalina start
信息: Server startup in 10935 ms
十二月 25, 2017 2:53:09 下午 org.apache.catalina.core.StandardServer await
严重: StandardServer.await: create[localhost:8005]: 
java.net.BindException: Address already in use: JVM_Bind
	at java.net.DualStackPlainSocketImpl.bind0(Native Method)
	at java.net.DualStackPlainSocketImpl.socketBind(DualStackPlainSocketImpl.java:106)
	at java.net.AbstractPlainSocketImpl.bind(AbstractPlainSocketImpl.java:387)
	at java.net.PlainSocketImpl.bind(PlainSocketImpl.java:190)
	at java.net.ServerSocket.bind(ServerSocket.java:375)
	at java.net.ServerSocket.<init>(ServerSocket.java:237)
	at org.apache.catalina.core.StandardServer.await(StandardServer.java:427)
	at org.apache.catalina.startup.Catalina.await(Catalina.java:777)
	at org.apache.catalina.startup.Catalina.start(Catalina.java:723)
	at sun.reflect.NativeMethodAccessorImpl.invoke0(Native Method)
	at sun.reflect.NativeMethodAccessorImpl.invoke(NativeMethodAccessorImpl.java:62)
	at sun.reflect.DelegatingMethodAccessorImpl.invoke(DelegatingMethodAccessorImpl.java:43)
	at java.lang.reflect.Method.invoke(Method.java:498)
	at org.apache.catalina.startup.Bootstrap.start(Bootstrap.java:321)
	at org.apache.catalina.startup.Bootstrap.main(Bootstrap.java:455)

十二月 25, 2017 2:53:09 下午 org.apache.coyote.AbstractProtocol pause
信息: Pausing ProtocolHandler ["http-apr-8080"]
十二月 25, 2017 2:53:09 下午 org.apache.coyote.AbstractProtocol pause
信息: Pausing ProtocolHandler ["ajp-apr-8009"]
十二月 25, 2017 2:53:09 下午 org.apache.catalina.core.StandardService stopInternal
信息: Stopping service Catalina
十二月 25, 2017 2:53:09 下午 org.apache.coyote.AbstractProtocol stop
信息: Stopping ProtocolHandler ["http-apr-8080"]
十二月 25, 2017 2:53:09 下午 org.apache.coyote.AbstractProtocol stop
信息: Stopping ProtocolHandler ["ajp-apr-8009"]
十二月 25, 2017 2:53:09 下午 org.apache.coyote.AbstractProtocol destroy
信息: Destroying ProtocolHandler ["http-apr-8080"]
十二月 25, 2017 2:53:09 下午 org.apache.coyote.AbstractProtocol destroy
信息: Destroying ProtocolHandler ["ajp-apr-8009"]
十二月 25, 2017 2:59:05 下午 org.apache.catalina.startup.HostConfig reload
信息: Reloading context [/apache-solr-3.5.0]
十二月 25, 2017 2:59:05 下午 org.apache.catalina.core.StandardContext reload
信息: Reloading Context with name [/apache-solr-3.5.0] has started
十二月 25, 2017 2:59:05 下午 org.apache.solr.core.SolrResourceLoader locateSolrHome
信息: Using JNDI solr.home: D:/solrhome
十二月 25, 2017 2:59:05 下午 org.apache.solr.core.SolrResourceLoader <init>
信息: Solr home set to 'D:/solrhome\'
十二月 25, 2017 2:59:05 下午 org.apache.solr.servlet.SolrDispatchFilter init
信息: SolrDispatchFilter.init()
十二月 25, 2017 2:59:05 下午 org.apache.solr.core.SolrResourceLoader locateSolrHome
信息: Using JNDI solr.home: D:/solrhome
十二月 25, 2017 2:59:05 下午 org.apache.solr.core.CoreContainer$Initializer initialize
信息: looking for solr.xml: D:\solrhome\solr.xml
十二月 25, 2017 2:59:05 下午 org.apache.solr.core.SolrResourceLoader locateSolrHome
信息: Using JNDI solr.home: D:/solrhome
十二月 25, 2017 2:59:05 下午 org.apache.solr.core.CoreContainer <init>
信息: New CoreContainer: solrHome=D:/solrhome\ instance=2135962174
十二月 25, 2017 2:59:05 下午 org.apache.solr.core.SolrResourceLoader <init>
信息: Solr home set to 'D:/solrhome\'
十二月 25, 2017 2:59:05 下午 org.apache.solr.core.SolrResourceLoader <init>
信息: Solr home set to 'D:\solrhome\.\'
十二月 25, 2017 2:59:05 下午 org.apache.solr.common.SolrException log
严重: java.lang.RuntimeException: Can't find resource 'solrconfig.xml' in classpath or 'D:\solrhome\.\conf/', cwd=C:\Program Files\Apache Software Foundation\apache-tomcat-7.0.56bak\bin
	at org.apache.solr.core.SolrResourceLoader.openResource(SolrResourceLoader.java:268)
	at org.apache.solr.core.SolrResourceLoader.openConfig(SolrResourceLoader.java:234)
	at org.apache.solr.core.Config.<init>(Config.java:141)
	at org.apache.solr.core.SolrConfig.<init>(SolrConfig.java:131)
	at org.apache.solr.core.CoreContainer.create(CoreContainer.java:435)
	at org.apache.solr.core.CoreContainer.load(CoreContainer.java:316)
	at org.apache.solr.core.CoreContainer$Initializer.initialize(CoreContainer.java:133)
	at org.apache.solr.servlet.SolrDispatchFilter.init(SolrDispatchFilter.java:94)
	at org.apache.catalina.core.ApplicationFilterConfig.initFilter(ApplicationFilterConfig.java:279)
	at org.apache.catalina.core.ApplicationFilterConfig.getFilter(ApplicationFilterConfig.java:260)
	at org.apache.catalina.core.ApplicationFilterConfig.<init>(ApplicationFilterConfig.java:105)
	at org.apache.catalina.core.StandardContext.filterStart(StandardContext.java:4830)
	at org.apache.catalina.core.StandardContext.startInternal(StandardContext.java:5510)
	at org.apache.catalina.util.LifecycleBase.start(LifecycleBase.java:150)
	at org.apache.catalina.core.StandardContext.reload(StandardContext.java:4009)
	at org.apache.catalina.startup.HostConfig.reload(HostConfig.java:1481)
	at org.apache.catalina.startup.HostConfig.checkResources(HostConfig.java:1464)
	at org.apache.catalina.startup.HostConfig.check(HostConfig.java:1648)
	at org.apache.catalina.startup.HostConfig.lifecycleEvent(HostConfig.java:328)
	at org.apache.catalina.util.LifecycleSupport.fireLifecycleEvent(LifecycleSupport.java:117)
	at org.apache.catalina.util.LifecycleBase.fireLifecycleEvent(LifecycleBase.java:90)
	at org.apache.catalina.core.ContainerBase.backgroundProcess(ContainerBase.java:1374)
	at org.apache.catalina.core.ContainerBase$ContainerBackgroundProcessor.processChildren(ContainerBase.java:1546)
	at org.apache.catalina.core.ContainerBase$ContainerBackgroundProcessor.processChildren(ContainerBase.java:1556)
	at org.apache.catalina.core.ContainerBase$ContainerBackgroundProcessor.run(ContainerBase.java:1524)
	at java.lang.Thread.run(Thread.java:745)

十二月 25, 2017 2:59:05 下午 org.apache.solr.servlet.SolrDispatchFilter init
信息: user.dir=C:\Program Files\Apache Software Foundation\apache-tomcat-7.0.56bak\bin
十二月 25, 2017 2:59:05 下午 org.apache.solr.servlet.SolrDispatchFilter init
信息: SolrDispatchFilter.init() done
十二月 25, 2017 2:59:05 下午 org.apache.solr.servlet.SolrServlet init
信息: SolrServlet.init()
十二月 25, 2017 2:59:05 下午 org.apache.solr.core.SolrResourceLoader locateSolrHome
信息: Using JNDI solr.home: D:/solrhome
十二月 25, 2017 2:59:05 下午 org.apache.solr.servlet.SolrServlet init
信息: SolrServlet.init() done
十二月 25, 2017 2:59:05 下午 org.apache.solr.core.SolrResourceLoader locateSolrHome
信息: Using JNDI solr.home: D:/solrhome
十二月 25, 2017 2:59:05 下午 org.apache.solr.servlet.SolrUpdateServlet init
信息: SolrUpdateServlet.init() done
十二月 25, 2017 2:59:14 下午 org.apache.catalina.core.StandardContext reload
信息: Reloading Context with name [/apache-solr-3.5.0] is completed
十二月 25, 2017 3:06:47 下午 org.apache.catalina.core.AprLifecycleListener init
信息: Loaded APR based Apache Tomcat Native library 1.1.31 using APR version 1.4.8.
十二月 25, 2017 3:06:47 下午 org.apache.catalina.core.AprLifecycleListener init
信息: APR capabilities: IPv6 [true], sendfile [true], accept filters [false], random [true].
十二月 25, 2017 3:06:48 下午 org.apache.catalina.core.AprLifecycleListener initializeSSL
信息: OpenSSL successfully initialized (OpenSSL 1.0.1h 5 Jun 2014)
十二月 25, 2017 3:06:48 下午 org.apache.coyote.AbstractProtocol init
信息: Initializing ProtocolHandler ["http-apr-8080"]
十二月 25, 2017 3:06:48 下午 org.apache.coyote.AbstractProtocol init
信息: Initializing ProtocolHandler ["ajp-apr-8009"]
十二月 25, 2017 3:06:48 下午 org.apache.catalina.startup.Catalina load
信息: Initialization processed in 1438 ms
十二月 25, 2017 3:06:48 下午 org.apache.catalina.core.StandardService startInternal
信息: Starting service Catalina
十二月 25, 2017 3:06:48 下午 org.apache.catalina.core.StandardEngine startInternal
信息: Starting Servlet Engine: Apache Tomcat/7.0.56
十二月 25, 2017 3:06:48 下午 org.apache.catalina.startup.HostConfig deployWAR
信息: Deploying web application archive C:\Program Files\Apache Software Foundation\apache-tomcat-7.0.56bak\webapps\apache-solr-3.5.0.war
十二月 25, 2017 3:06:49 下午 org.apache.catalina.util.SessionIdGenerator createSecureRandom
信息: Creation of SecureRandom instance for session ID generation using [SHA1PRNG] took [240] milliseconds.
十二月 25, 2017 3:06:49 下午 org.apache.solr.core.SolrResourceLoader locateSolrHome
信息: Using JNDI solr.home: D:/solrhome
十二月 25, 2017 3:06:49 下午 org.apache.solr.core.SolrResourceLoader <init>
信息: Solr home set to 'D:/solrhome\'
十二月 25, 2017 3:06:49 下午 org.apache.solr.servlet.SolrDispatchFilter init
信息: SolrDispatchFilter.init()
十二月 25, 2017 3:06:50 下午 org.apache.solr.core.SolrResourceLoader locateSolrHome
信息: Using JNDI solr.home: D:/solrhome
十二月 25, 2017 3:06:50 下午 org.apache.solr.core.CoreContainer$Initializer initialize
信息: looking for solr.xml: D:\solrhome\solr.xml
十二月 25, 2017 3:06:50 下午 org.apache.solr.core.SolrResourceLoader locateSolrHome
信息: Using JNDI solr.home: D:/solrhome
十二月 25, 2017 3:06:50 下午 org.apache.solr.core.CoreContainer <init>
信息: New CoreContainer: solrHome=D:/solrhome\ instance=925283968
十二月 25, 2017 3:06:50 下午 org.apache.solr.core.SolrResourceLoader <init>
信息: Solr home set to 'D:/solrhome\'
十二月 25, 2017 3:06:50 下午 org.apache.solr.core.SolrResourceLoader <init>
信息: Solr home set to 'D:\solrhome\.\'
十二月 25, 2017 3:06:50 下午 org.apache.solr.common.SolrException log
严重: java.lang.RuntimeException: Can't find resource 'solrconfig.xml' in classpath or 'D:\solrhome\.\conf/', cwd=C:\Program Files\Apache Software Foundation\apache-tomcat-7.0.56bak\bin
	at org.apache.solr.core.SolrResourceLoader.openResource(SolrResourceLoader.java:268)
	at org.apache.solr.core.SolrResourceLoader.openConfig(SolrResourceLoader.java:234)
	at org.apache.solr.core.Config.<init>(Config.java:141)
	at org.apache.solr.core.SolrConfig.<init>(SolrConfig.java:131)
	at org.apache.solr.core.CoreContainer.create(CoreContainer.java:435)
	at org.apache.solr.core.CoreContainer.load(CoreContainer.java:316)
	at org.apache.solr.core.CoreContainer$Initializer.initialize(CoreContainer.java:133)
	at org.apache.solr.servlet.SolrDispatchFilter.init(SolrDispatchFilter.java:94)
	at org.apache.catalina.core.ApplicationFilterConfig.initFilter(ApplicationFilterConfig.java:279)
	at org.apache.catalina.core.ApplicationFilterConfig.getFilter(ApplicationFilterConfig.java:260)
	at org.apache.catalina.core.ApplicationFilterConfig.<init>(ApplicationFilterConfig.java:105)
	at org.apache.catalina.core.StandardContext.filterStart(StandardContext.java:4830)
	at org.apache.catalina.core.StandardContext.startInternal(StandardContext.java:5510)
	at org.apache.catalina.util.LifecycleBase.start(LifecycleBase.java:150)
	at org.apache.catalina.core.ContainerBase.addChildInternal(ContainerBase.java:901)
	at org.apache.catalina.core.ContainerBase.addChild(ContainerBase.java:877)
	at org.apache.catalina.core.StandardHost.addChild(StandardHost.java:649)
	at org.apache.catalina.startup.HostConfig.deployWAR(HostConfig.java:1083)
	at org.apache.catalina.startup.HostConfig$DeployWar.run(HostConfig.java:1879)
	at java.util.concurrent.Executors$RunnableAdapter.call(Executors.java:511)
	at java.util.concurrent.FutureTask.run(FutureTask.java:266)
	at java.util.concurrent.ThreadPoolExecutor.runWorker(ThreadPoolExecutor.java:1142)
	at java.util.concurrent.ThreadPoolExecutor$Worker.run(ThreadPoolExecutor.java:617)
	at java.lang.Thread.run(Thread.java:745)

十二月 25, 2017 3:06:50 下午 org.apache.solr.servlet.SolrDispatchFilter init
信息: user.dir=C:\Program Files\Apache Software Foundation\apache-tomcat-7.0.56bak\bin
十二月 25, 2017 3:06:50 下午 org.apache.solr.servlet.SolrDispatchFilter init
信息: SolrDispatchFilter.init() done
十二月 25, 2017 3:06:50 下午 org.apache.solr.servlet.SolrServlet init
信息: SolrServlet.init()
十二月 25, 2017 3:06:50 下午 org.apache.solr.core.SolrResourceLoader locateSolrHome
信息: Using JNDI solr.home: D:/solrhome
十二月 25, 2017 3:06:50 下午 org.apache.solr.servlet.SolrServlet init
信息: SolrServlet.init() done
十二月 25, 2017 3:06:50 下午 org.apache.solr.core.SolrResourceLoader locateSolrHome
信息: Using JNDI solr.home: D:/solrhome
十二月 25, 2017 3:06:50 下午 org.apache.solr.servlet.SolrUpdateServlet init
信息: SolrUpdateServlet.init() done
十二月 25, 2017 3:06:59 下午 org.apache.catalina.startup.HostConfig deployWAR
信息: Deployment of web application archive C:\Program Files\Apache Software Foundation\apache-tomcat-7.0.56bak\webapps\apache-solr-3.5.0.war has finished in 10,345 ms
十二月 25, 2017 3:06:59 下午 org.apache.catalina.startup.HostConfig deployDirectory
信息: Deploying web application directory C:\Program Files\Apache Software Foundation\apache-tomcat-7.0.56bak\webapps\docs
十二月 25, 2017 3:06:59 下午 org.apache.catalina.startup.HostConfig deployDirectory
信息: Deployment of web application directory C:\Program Files\Apache Software Foundation\apache-tomcat-7.0.56bak\webapps\docs has finished in 59 ms
十二月 25, 2017 3:06:59 下午 org.apache.catalina.startup.HostConfig deployDirectory
信息: Deploying web application directory C:\Program Files\Apache Software Foundation\apache-tomcat-7.0.56bak\webapps\examples
十二月 25, 2017 3:06:59 下午 org.apache.catalina.startup.HostConfig deployDirectory
信息: Deployment of web application directory C:\Program Files\Apache Software Foundation\apache-tomcat-7.0.56bak\webapps\examples has finished in 323 ms
十二月 25, 2017 3:06:59 下午 org.apache.catalina.startup.HostConfig deployDirectory
信息: Deploying web application directory C:\Program Files\Apache Software Foundation\apache-tomcat-7.0.56bak\webapps\host-manager
十二月 25, 2017 3:06:59 下午 org.apache.catalina.startup.HostConfig deployDirectory
信息: Deployment of web application directory C:\Program Files\Apache Software Foundation\apache-tomcat-7.0.56bak\webapps\host-manager has finished in 58 ms
十二月 25, 2017 3:06:59 下午 org.apache.catalina.startup.HostConfig deployDirectory
信息: Deploying web application directory C:\Program Files\Apache Software Foundation\apache-tomcat-7.0.56bak\webapps\manager
十二月 25, 2017 3:06:59 下午 org.apache.catalina.startup.HostConfig deployDirectory
信息: Deployment of web application directory C:\Program Files\Apache Software Foundation\apache-tomcat-7.0.56bak\webapps\manager has finished in 57 ms
十二月 25, 2017 3:06:59 下午 org.apache.catalina.startup.HostConfig deployDirectory
信息: Deploying web application directory C:\Program Files\Apache Software Foundation\apache-tomcat-7.0.56bak\webapps\ROOT
十二月 25, 2017 3:06:59 下午 org.apache.catalina.startup.HostConfig deployDirectory
信息: Deployment of web application directory C:\Program Files\Apache Software Foundation\apache-tomcat-7.0.56bak\webapps\ROOT has finished in 76 ms
十二月 25, 2017 3:06:59 下午 org.apache.coyote.AbstractProtocol start
信息: Starting ProtocolHandler ["http-apr-8080"]
十二月 25, 2017 3:06:59 下午 org.apache.coyote.AbstractProtocol start
信息: Starting ProtocolHandler ["ajp-apr-8009"]
十二月 25, 2017 3:06:59 下午 org.apache.catalina.startup.Catalina start
信息: Server startup in 11002 ms
十二月 25, 2017 3:08:42 下午 org.apache.catalina.core.AprLifecycleListener init
信息: Loaded APR based Apache Tomcat Native library 1.1.31 using APR version 1.4.8.
十二月 25, 2017 3:08:42 下午 org.apache.catalina.core.AprLifecycleListener init
信息: APR capabilities: IPv6 [true], sendfile [true], accept filters [false], random [true].
十二月 25, 2017 3:08:43 下午 org.apache.catalina.core.AprLifecycleListener initializeSSL
信息: OpenSSL successfully initialized (OpenSSL 1.0.1h 5 Jun 2014)
十二月 25, 2017 3:08:43 下午 org.apache.coyote.AbstractProtocol init
信息: Initializing ProtocolHandler ["http-apr-8080"]
十二月 25, 2017 3:08:43 下午 org.apache.coyote.AbstractProtocol init
信息: Initializing ProtocolHandler ["ajp-apr-8009"]
十二月 25, 2017 3:08:43 下午 org.apache.catalina.startup.Catalina load
信息: Initialization processed in 1302 ms
十二月 25, 2017 3:08:43 下午 org.apache.catalina.core.StandardService startInternal
信息: Starting service Catalina
十二月 25, 2017 3:08:43 下午 org.apache.catalina.core.StandardEngine startInternal
信息: Starting Servlet Engine: Apache Tomcat/7.0.56
十二月 25, 2017 3:08:43 下午 org.apache.catalina.startup.HostConfig deployWAR
信息: Deploying web application archive C:\Program Files\Apache Software Foundation\apache-tomcat-7.0.56bak\webapps\apache-solr-3.5.0.war
十二月 25, 2017 3:08:44 下午 org.apache.catalina.util.SessionIdGenerator createSecureRandom
信息: Creation of SecureRandom instance for session ID generation using [SHA1PRNG] took [229] milliseconds.
十二月 25, 2017 3:08:44 下午 org.apache.solr.core.SolrResourceLoader locateSolrHome
信息: Using JNDI solr.home: D:/solrhome
十二月 25, 2017 3:08:44 下午 org.apache.solr.core.SolrResourceLoader <init>
信息: Solr home set to 'D:/solrhome\'
十二月 25, 2017 3:08:44 下午 org.apache.solr.servlet.SolrDispatchFilter init
信息: SolrDispatchFilter.init()
十二月 25, 2017 3:08:44 下午 org.apache.solr.core.SolrResourceLoader locateSolrHome
信息: Using JNDI solr.home: D:/solrhome
十二月 25, 2017 3:08:44 下午 org.apache.solr.core.CoreContainer$Initializer initialize
信息: looking for solr.xml: D:\solrhome\solr.xml
十二月 25, 2017 3:08:44 下午 org.apache.solr.core.SolrResourceLoader locateSolrHome
信息: Using JNDI solr.home: D:/solrhome
十二月 25, 2017 3:08:44 下午 org.apache.solr.core.CoreContainer <init>
信息: New CoreContainer: solrHome=D:/solrhome\ instance=925283968
十二月 25, 2017 3:08:44 下午 org.apache.solr.core.SolrResourceLoader <init>
信息: Solr home set to 'D:/solrhome\'
十二月 25, 2017 3:08:44 下午 org.apache.solr.core.SolrResourceLoader <init>
信息: Solr home set to 'D:\solrhome\.\'
十二月 25, 2017 3:08:44 下午 org.apache.solr.common.SolrException log
严重: java.lang.RuntimeException: Can't find resource 'solrconfig.xml' in classpath or 'D:\solrhome\.\conf/', cwd=C:\Program Files\Apache Software Foundation\apache-tomcat-7.0.56bak\bin
	at org.apache.solr.core.SolrResourceLoader.openResource(SolrResourceLoader.java:268)
	at org.apache.solr.core.SolrResourceLoader.openConfig(SolrResourceLoader.java:234)
	at org.apache.solr.core.Config.<init>(Config.java:141)
	at org.apache.solr.core.SolrConfig.<init>(SolrConfig.java:131)
	at org.apache.solr.core.CoreContainer.create(CoreContainer.java:435)
	at org.apache.solr.core.CoreContainer.load(CoreContainer.java:316)
	at org.apache.solr.core.CoreContainer$Initializer.initialize(CoreContainer.java:133)
	at org.apache.solr.servlet.SolrDispatchFilter.init(SolrDispatchFilter.java:94)
	at org.apache.catalina.core.ApplicationFilterConfig.initFilter(ApplicationFilterConfig.java:279)
	at org.apache.catalina.core.ApplicationFilterConfig.getFilter(ApplicationFilterConfig.java:260)
	at org.apache.catalina.core.ApplicationFilterConfig.<init>(ApplicationFilterConfig.java:105)
	at org.apache.catalina.core.StandardContext.filterStart(StandardContext.java:4830)
	at org.apache.catalina.core.StandardContext.startInternal(StandardContext.java:5510)
	at org.apache.catalina.util.LifecycleBase.start(LifecycleBase.java:150)
	at org.apache.catalina.core.ContainerBase.addChildInternal(ContainerBase.java:901)
	at org.apache.catalina.core.ContainerBase.addChild(ContainerBase.java:877)
	at org.apache.catalina.core.StandardHost.addChild(StandardHost.java:649)
	at org.apache.catalina.startup.HostConfig.deployWAR(HostConfig.java:1083)
	at org.apache.catalina.startup.HostConfig$DeployWar.run(HostConfig.java:1879)
	at java.util.concurrent.Executors$RunnableAdapter.call(Executors.java:511)
	at java.util.concurrent.FutureTask.run(FutureTask.java:266)
	at java.util.concurrent.ThreadPoolExecutor.runWorker(ThreadPoolExecutor.java:1142)
	at java.util.concurrent.ThreadPoolExecutor$Worker.run(ThreadPoolExecutor.java:617)
	at java.lang.Thread.run(Thread.java:745)

十二月 25, 2017 3:08:44 下午 org.apache.solr.servlet.SolrDispatchFilter init
信息: user.dir=C:\Program Files\Apache Software Foundation\apache-tomcat-7.0.56bak\bin
十二月 25, 2017 3:08:44 下午 org.apache.solr.servlet.SolrDispatchFilter init
信息: SolrDispatchFilter.init() done
十二月 25, 2017 3:08:44 下午 org.apache.solr.servlet.SolrServlet init
信息: SolrServlet.init()
十二月 25, 2017 3:08:44 下午 org.apache.solr.core.SolrResourceLoader locateSolrHome
信息: Using JNDI solr.home: D:/solrhome
十二月 25, 2017 3:08:44 下午 org.apache.solr.servlet.SolrServlet init
信息: SolrServlet.init() done
十二月 25, 2017 3:08:44 下午 org.apache.solr.core.SolrResourceLoader locateSolrHome
信息: Using JNDI solr.home: D:/solrhome
十二月 25, 2017 3:08:44 下午 org.apache.solr.servlet.SolrUpdateServlet init
信息: SolrUpdateServlet.init() done
十二月 25, 2017 3:08:53 下午 org.apache.catalina.startup.HostConfig deployWAR
信息: Deployment of web application archive C:\Program Files\Apache Software Foundation\apache-tomcat-7.0.56bak\webapps\apache-solr-3.5.0.war has finished in 10,295 ms
十二月 25, 2017 3:08:53 下午 org.apache.catalina.startup.HostConfig deployDirectory
信息: Deploying web application directory C:\Program Files\Apache Software Foundation\apache-tomcat-7.0.56bak\webapps\docs
十二月 25, 2017 3:08:53 下午 org.apache.catalina.startup.HostConfig deployDirectory
信息: Deployment of web application directory C:\Program Files\Apache Software Foundation\apache-tomcat-7.0.56bak\webapps\docs has finished in 58 ms
十二月 25, 2017 3:08:53 下午 org.apache.catalina.startup.HostConfig deployDirectory
信息: Deploying web application directory C:\Program Files\Apache Software Foundation\apache-tomcat-7.0.56bak\webapps\examples
十二月 25, 2017 3:08:54 下午 org.apache.catalina.startup.HostConfig deployDirectory
信息: Deployment of web application directory C:\Program Files\Apache Software Foundation\apache-tomcat-7.0.56bak\webapps\examples has finished in 306 ms
十二月 25, 2017 3:08:54 下午 org.apache.catalina.startup.HostConfig deployDirectory
信息: Deploying web application directory C:\Program Files\Apache Software Foundation\apache-tomcat-7.0.56bak\webapps\host-manager
十二月 25, 2017 3:08:54 下午 org.apache.catalina.startup.HostConfig deployDirectory
信息: Deployment of web application directory C:\Program Files\Apache Software Foundation\apache-tomcat-7.0.56bak\webapps\host-manager has finished in 57 ms
十二月 25, 2017 3:08:54 下午 org.apache.catalina.startup.HostConfig deployDirectory
信息: Deploying web application directory C:\Program Files\Apache Software Foundation\apache-tomcat-7.0.56bak\webapps\manager
十二月 25, 2017 3:08:54 下午 org.apache.catalina.startup.HostConfig deployDirectory
信息: Deployment of web application directory C:\Program Files\Apache Software Foundation\apache-tomcat-7.0.56bak\webapps\manager has finished in 51 ms
十二月 25, 2017 3:08:54 下午 org.apache.catalina.startup.HostConfig deployDirectory
信息: Deploying web application directory C:\Program Files\Apache Software Foundation\apache-tomcat-7.0.56bak\webapps\ROOT
十二月 25, 2017 3:08:54 下午 org.apache.catalina.startup.HostConfig deployDirectory
信息: Deployment of web application directory C:\Program Files\Apache Software Foundation\apache-tomcat-7.0.56bak\webapps\ROOT has finished in 60 ms
十二月 25, 2017 3:08:54 下午 org.apache.coyote.AbstractProtocol start
信息: Starting ProtocolHandler ["http-apr-8080"]
十二月 25, 2017 3:08:54 下午 org.apache.coyote.AbstractProtocol start
信息: Starting ProtocolHandler ["ajp-apr-8009"]
十二月 25, 2017 3:08:54 下午 org.apache.catalina.startup.Catalina start
信息: Server startup in 10973 ms
