五月 25, 2018 7:11:29 下午 org.apache.catalina.core.AprLifecycleListener init
信息: Loaded APR based Apache Tomcat Native library 1.1.31 using APR version 1.4.8.
五月 25, 2018 7:11:29 下午 org.apache.catalina.core.AprLifecycleListener init
信息: APR capabilities: IPv6 [true], sendfile [true], accept filters [false], random [true].
五月 25, 2018 7:11:31 下午 org.apache.catalina.core.AprLifecycleListener initializeSSL
信息: OpenSSL successfully initialized (OpenSSL 1.0.1h 5 Jun 2014)
五月 25, 2018 7:11:32 下午 org.apache.coyote.AbstractProtocol init
信息: Initializing ProtocolHandler ["http-apr-9000"]
五月 25, 2018 7:11:32 下午 org.apache.coyote.AbstractProtocol init
信息: Initializing ProtocolHandler ["ajp-apr-8010"]
五月 25, 2018 7:11:32 下午 org.apache.catalina.startup.Catalina load
信息: Initialization processed in 4549 ms
五月 25, 2018 7:11:32 下午 org.apache.catalina.core.StandardService startInternal
信息: Starting service Catalina
五月 25, 2018 7:11:32 下午 org.apache.catalina.core.StandardEngine startInternal
信息: Starting Servlet Engine: Apache Tomcat/7.0.56
五月 25, 2018 7:11:32 下午 org.apache.catalina.startup.HostConfig deployWAR
信息: Deploying web application archive D:\developTool\apache-tomcat-solr9000\webapps\a.war
五月 25, 2018 7:11:35 下午 org.apache.catalina.util.SessionIdGenerator createSecureRandom
信息: Creation of SecureRandom instance for session ID generation using [SHA1PRNG] took [373] milliseconds.
五月 25, 2018 7:11:35 下午 org.apache.catalina.startup.HostConfig deployWAR
信息: Deployment of web application archive D:\developTool\apache-tomcat-solr9000\webapps\a.war has finished in 2,768 ms
五月 25, 2018 7:11:35 下午 org.apache.catalina.startup.HostConfig deployDirectory
信息: Deploying web application directory D:\developTool\apache-tomcat-solr9000\webapps\docs
五月 25, 2018 7:11:35 下午 org.apache.catalina.startup.HostConfig deployDirectory
信息: Deployment of web application directory D:\developTool\apache-tomcat-solr9000\webapps\docs has finished in 74 ms
五月 25, 2018 7:11:35 下午 org.apache.catalina.startup.HostConfig deployDirectory
信息: Deploying web application directory D:\developTool\apache-tomcat-solr9000\webapps\examples
五月 25, 2018 7:11:36 下午 org.apache.catalina.startup.HostConfig deployDirectory
信息: Deployment of web application directory D:\developTool\apache-tomcat-solr9000\webapps\examples has finished in 1,038 ms
五月 25, 2018 7:11:36 下午 org.apache.catalina.startup.HostConfig deployDirectory
信息: Deploying web application directory D:\developTool\apache-tomcat-solr9000\webapps\host-manager
五月 25, 2018 7:11:36 下午 org.apache.catalina.startup.HostConfig deployDirectory
信息: Deployment of web application directory D:\developTool\apache-tomcat-solr9000\webapps\host-manager has finished in 184 ms
五月 25, 2018 7:11:36 下午 org.apache.catalina.startup.HostConfig deployDirectory
信息: Deploying web application directory D:\developTool\apache-tomcat-solr9000\webapps\manager
五月 25, 2018 7:11:37 下午 org.apache.catalina.startup.HostConfig deployDirectory
信息: Deployment of web application directory D:\developTool\apache-tomcat-solr9000\webapps\manager has finished in 129 ms
五月 25, 2018 7:11:37 下午 org.apache.catalina.startup.HostConfig deployDirectory
信息: Deploying web application directory D:\developTool\apache-tomcat-solr9000\webapps\ROOT
五月 25, 2018 7:11:37 下午 org.apache.catalina.startup.HostConfig deployDirectory
信息: Deployment of web application directory D:\developTool\apache-tomcat-solr9000\webapps\ROOT has finished in 66 ms
五月 25, 2018 7:11:37 下午 org.apache.catalina.startup.HostConfig deployDirectory
信息: Deploying web application directory D:\developTool\apache-tomcat-solr9000\webapps\solr
五月 25, 2018 7:11:50 下午 org.apache.catalina.startup.HostConfig deployDirectory
信息: Deployment of web application directory D:\developTool\apache-tomcat-solr9000\webapps\solr has finished in 12,891 ms
五月 25, 2018 7:11:50 下午 org.apache.coyote.AbstractProtocol start
信息: Starting ProtocolHandler ["http-apr-9000"]
五月 25, 2018 7:11:50 下午 org.apache.coyote.AbstractProtocol start
信息: Starting ProtocolHandler ["ajp-apr-8010"]
五月 25, 2018 7:11:50 下午 org.apache.catalina.startup.Catalina start
信息: Server startup in 17840 ms
