七月 08, 2017 8:49:52 下午 org.apache.catalina.core.AprLifecycleListener init
信息: Loaded APR based Apache Tomcat Native library 1.1.31 using APR version 1.4.8.
七月 08, 2017 8:49:52 下午 org.apache.catalina.core.AprLifecycleListener init
信息: APR capabilities: IPv6 [true], sendfile [true], accept filters [false], random [true].
七月 08, 2017 8:49:54 下午 org.apache.catalina.core.AprLifecycleListener initializeSSL
信息: OpenSSL successfully initialized (OpenSSL 1.0.1h 5 Jun 2014)
七月 08, 2017 8:49:56 下午 org.apache.coyote.AbstractProtocol init
信息: Initializing ProtocolHandler ["http-apr-8080"]
七月 08, 2017 8:49:56 下午 org.apache.coyote.AbstractProtocol init
信息: Initializing ProtocolHandler ["ajp-apr-8009"]
七月 08, 2017 8:49:56 下午 org.apache.catalina.startup.Catalina load
信息: Initialization processed in 5066 ms
七月 08, 2017 8:49:56 下午 org.apache.catalina.core.StandardService startInternal
信息: Starting service Catalina
七月 08, 2017 8:49:56 下午 org.apache.catalina.core.StandardEngine startInternal
信息: Starting Servlet Engine: Apache Tomcat/7.0.56
七月 08, 2017 8:49:56 下午 org.apache.catalina.startup.HostConfig deployWAR
信息: Deploying web application archive C:\Program Files\Apache Software Foundation\apache-tomcat-7.0.56\webapps\mini.war
七月 08, 2017 8:50:05 下午 org.springframework.web.context.ContextLoader initWebApplicationContext
信息: Root WebApplicationContext: initialization started
七月 08, 2017 8:50:06 下午 org.springframework.web.context.support.XmlWebApplicationContext prepareRefresh
信息: Refreshing Root WebApplicationContext: startup date [Sat Jul 08 20:50:06 CST 2017]; root of context hierarchy
七月 08, 2017 8:50:06 下午 org.springframework.beans.factory.xml.XmlBeanDefinitionReader loadBeanDefinitions
信息: Loading XML bean definitions from class path resource [bean.xml]
七月 08, 2017 8:50:07 下午 com.mchange.v2.log.MLog <clinit>
信息: MLog clients using java 1.4+ standard logging.
七月 08, 2017 8:50:08 下午 com.mchange.v2.c3p0.C3P0Registry banner
信息: Initializing c3p0-0.9.2.1 [built 20-March-2013 10:47:27 +0000; debug? true; trace: 10]
七月 08, 2017 8:50:08 下午 org.hibernate.annotations.common.reflection.java.JavaReflectionManager <clinit>
INFO: HCANN000001: Hibernate Commons Annotations {4.0.4.Final}
七月 08, 2017 8:50:08 下午 org.hibernate.Version logVersion
INFO: HHH000412: Hibernate Core {4.3.5.Final}
七月 08, 2017 8:50:08 下午 org.hibernate.cfg.Environment <clinit>
INFO: HHH000206: hibernate.properties not found
七月 08, 2017 8:50:08 下午 org.hibernate.cfg.Environment buildBytecodeProvider
INFO: HHH000021: Bytecode provider name : javassist
七月 08, 2017 8:50:09 下午 com.mchange.v2.c3p0.impl.AbstractPoolBackedDataSource getPoolManager
信息: Initializing c3p0 pool... com.mchange.v2.c3p0.ComboPooledDataSource [ acquireIncrement -> 3, acquireRetryAttempts -> 30, acquireRetryDelay -> 1000, autoCommitOnClose -> false, automaticTestTable -> null, breakAfterAcquireFailure -> false, checkoutTimeout -> 0, connectionCustomizerClassName -> null, connectionTesterClassName -> com.mchange.v2.c3p0.impl.DefaultConnectionTester, dataSourceName -> 1hge71e9p9i44m9eqq8oc|76e01073, debugUnreturnedConnectionStackTraces -> false, description -> null, driverClass -> com.mysql.jdbc.Driver, factoryClassLocation -> null, forceIgnoreUnresolvedTransactions -> false, identityToken -> 1hge71e9p9i44m9eqq8oc|76e01073, idleConnectionTestPeriod -> 0, initialPoolSize -> 1, jdbcUrl -> jdbc:mysql://localhost/mini, maxAdministrativeTaskTime -> 0, maxConnectionAge -> 0, maxIdleTime -> 30, maxIdleTimeExcessConnections -> 0, maxPoolSize -> 40, maxStatements -> 0, maxStatementsPerConnection -> 0, minPoolSize -> 2, numHelperThreads -> 3, preferredTestQuery -> null, properties -> {user=******, password=******}, propertyCycle -> 0, statementCacheNumDeferredCloseThreads -> 0, testConnectionOnCheckin -> false, testConnectionOnCheckout -> false, unreturnedConnectionTimeout -> 0, userOverrides -> {}, usesTraditionalReflectiveProxies -> false ]
七月 08, 2017 8:50:10 下午 org.hibernate.dialect.Dialect <init>
INFO: HHH000400: Using dialect: org.hibernate.dialect.MySQLDialect
七月 08, 2017 8:50:10 下午 org.hibernate.engine.jdbc.internal.LobCreatorBuilder useContextualLobCreation
INFO: HHH000424: Disabling contextual LOB creation as createClob() method threw error : java.lang.reflect.InvocationTargetException
七月 08, 2017 8:50:11 下午 org.hibernate.engine.transaction.internal.TransactionFactoryInitiator initiateService
INFO: HHH000399: Using default transaction strategy (direct JDBC transactions)
七月 08, 2017 8:50:11 下午 org.hibernate.hql.internal.ast.ASTQueryTranslatorFactory <init>
INFO: HHH000397: Using ASTQueryTranslatorFactory
七月 08, 2017 8:50:12 下午 org.hibernate.tool.hbm2ddl.SchemaUpdate execute
INFO: HHH000228: Running hbm2ddl schema update
七月 08, 2017 8:50:12 下午 org.hibernate.tool.hbm2ddl.SchemaUpdate execute
INFO: HHH000102: Fetching database metadata
七月 08, 2017 8:50:12 下午 org.hibernate.tool.hbm2ddl.SchemaUpdate execute
INFO: HHH000396: Updating schema
七月 08, 2017 8:50:12 下午 org.hibernate.tool.hbm2ddl.TableMetadata <init>
INFO: HHH000261: Table found: mini.comment
七月 08, 2017 8:50:12 下午 org.hibernate.tool.hbm2ddl.TableMetadata <init>
INFO: HHH000037: Columns: [newsid, publishtime, commentid, soncount, userid, content]
七月 08, 2017 8:50:12 下午 org.hibernate.tool.hbm2ddl.TableMetadata <init>
INFO: HHH000108: Foreign keys: [comment_ibfk_1]
七月 08, 2017 8:50:12 下午 org.hibernate.tool.hbm2ddl.TableMetadata <init>
INFO: HHH000126: Indexes: [comment_ibfk_1, primary]
七月 08, 2017 8:50:12 下午 org.hibernate.tool.hbm2ddl.TableMetadata <init>
INFO: HHH000261: Table found: mini.reply
七月 08, 2017 8:50:12 下午 org.hibernate.tool.hbm2ddl.TableMetadata <init>
INFO: HHH000037: Columns: [newsid, publishtime, replyid, commentid, userid, replyuserid, content]
七月 08, 2017 8:50:12 下午 org.hibernate.tool.hbm2ddl.TableMetadata <init>
INFO: HHH000108: Foreign keys: [reply_ibfk_2, reply_ibfk_3, reply_ibfk_1]
七月 08, 2017 8:50:12 下午 org.hibernate.tool.hbm2ddl.TableMetadata <init>
INFO: HHH000126: Indexes: [reply_ibfk_2, reply_ibfk_1, replyuserid, primary]
七月 08, 2017 8:50:12 下午 org.hibernate.tool.hbm2ddl.TableMetadata <init>
INFO: HHH000261: Table found: mini.wxuser
七月 08, 2017 8:50:12 下午 org.hibernate.tool.hbm2ddl.TableMetadata <init>
INFO: HHH000037: Columns: [country, unionid, gender, province, avatarurl, city, openid, nickname, userid]
七月 08, 2017 8:50:12 下午 org.hibernate.tool.hbm2ddl.TableMetadata <init>
INFO: HHH000108: Foreign keys: []
七月 08, 2017 8:50:12 下午 org.hibernate.tool.hbm2ddl.TableMetadata <init>
INFO: HHH000126: Indexes: [primary]
七月 08, 2017 8:50:12 下午 org.hibernate.tool.hbm2ddl.SchemaUpdate execute
INFO: HHH000232: Schema update complete
七月 08, 2017 8:50:12 下午 org.springframework.orm.hibernate4.HibernateTransactionManager afterPropertiesSet
信息: Using DataSource [com.mchange.v2.c3p0.ComboPooledDataSource [ acquireIncrement -> 3, acquireRetryAttempts -> 30, acquireRetryDelay -> 1000, autoCommitOnClose -> false, automaticTestTable -> null, breakAfterAcquireFailure -> false, checkoutTimeout -> 0, connectionCustomizerClassName -> null, connectionTesterClassName -> com.mchange.v2.c3p0.impl.DefaultConnectionTester, dataSourceName -> 1hge71e9p9i44m9eqq8oc|76e01073, debugUnreturnedConnectionStackTraces -> false, description -> null, driverClass -> com.mysql.jdbc.Driver, factoryClassLocation -> null, forceIgnoreUnresolvedTransactions -> false, identityToken -> 1hge71e9p9i44m9eqq8oc|76e01073, idleConnectionTestPeriod -> 0, initialPoolSize -> 1, jdbcUrl -> jdbc:mysql://localhost/mini, maxAdministrativeTaskTime -> 0, maxConnectionAge -> 0, maxIdleTime -> 30, maxIdleTimeExcessConnections -> 0, maxPoolSize -> 40, maxStatements -> 0, maxStatementsPerConnection -> 0, minPoolSize -> 2, numHelperThreads -> 3, preferredTestQuery -> null, properties -> {user=******, password=******}, propertyCycle -> 0, statementCacheNumDeferredCloseThreads -> 0, testConnectionOnCheckin -> false, testConnectionOnCheckout -> false, unreturnedConnectionTimeout -> 0, userOverrides -> {}, usesTraditionalReflectiveProxies -> false ]] of Hibernate SessionFactory for HibernateTransactionManager
七月 08, 2017 8:50:12 下午 org.springframework.web.context.ContextLoader initWebApplicationContext
信息: Root WebApplicationContext: initialization completed in 6832 ms
七月 08, 2017 8:50:12 下午 org.springframework.web.servlet.DispatcherServlet initServletBean
信息: FrameworkServlet 'dispatcher': initialization started
七月 08, 2017 8:50:12 下午 org.springframework.web.context.support.XmlWebApplicationContext prepareRefresh
信息: Refreshing WebApplicationContext for namespace 'dispatcher-servlet': startup date [Sat Jul 08 20:50:12 CST 2017]; parent: Root WebApplicationContext
七月 08, 2017 8:50:12 下午 org.springframework.beans.factory.xml.XmlBeanDefinitionReader loadBeanDefinitions
信息: Loading XML bean definitions from class path resource [springmvc.xml]
七月 08, 2017 8:50:13 下午 org.springframework.web.servlet.mvc.method.annotation.RequestMappingHandlerMapping registerHandlerMethod
信息: Mapped "{[/comment/add],methods=[],params=[],headers=[],consumes=[],produces=[],custom=[]}" onto public java.lang.Integer com.mini.controller.CommentController.add(com.mini.entity.Comment)
七月 08, 2017 8:50:13 下午 org.springframework.web.servlet.mvc.method.annotation.RequestMappingHandlerMapping registerHandlerMethod
信息: Mapped "{[/comment/delete],methods=[],params=[],headers=[],consumes=[],produces=[],custom=[]}" onto public java.lang.String com.mini.controller.CommentController.delete(net.sf.json.JSONObject)
七月 08, 2017 8:50:13 下午 org.springframework.web.servlet.mvc.method.annotation.RequestMappingHandlerMapping registerHandlerMethod
信息: Mapped "{[/comment/querycomment],methods=[],params=[],headers=[],consumes=[],produces=[],custom=[]}" onto public java.util.List com.mini.controller.CommentController.querycomment(net.sf.json.JSONObject)
七月 08, 2017 8:50:13 下午 org.springframework.web.servlet.mvc.method.annotation.RequestMappingHandlerMapping registerHandlerMethod
信息: Mapped "{[/comment/update1],methods=[],params=[],headers=[],consumes=[],produces=[],custom=[]}" onto public boolean com.mini.controller.CommentController.update1(com.mini.entity.Comment)
七月 08, 2017 8:50:13 下午 org.springframework.web.servlet.mvc.method.annotation.RequestMappingHandlerMapping registerHandlerMethod
信息: Mapped "{[/comment/addReply1],methods=[],params=[],headers=[],consumes=[],produces=[],custom=[]}" onto public boolean com.mini.controller.CommentController.addReply1(com.mini.entity.Reply)
七月 08, 2017 8:50:13 下午 org.springframework.web.servlet.mvc.method.annotation.RequestMappingHandlerMapping registerHandlerMethod
信息: Mapped "{[/comment/delete1],methods=[],params=[],headers=[],consumes=[],produces=[],custom=[]}" onto public boolean com.mini.controller.CommentController.delete1(java.lang.Integer)
七月 08, 2017 8:50:13 下午 org.springframework.web.servlet.mvc.method.annotation.RequestMappingHandlerMapping registerHandlerMethod
信息: Mapped "{[/comment/add1],methods=[],params=[],headers=[],consumes=[],produces=[],custom=[]}" onto public boolean com.mini.controller.CommentController.add1(com.mini.entity.Comment)
七月 08, 2017 8:50:13 下午 org.springframework.web.servlet.mvc.method.annotation.RequestMappingHandlerMapping registerHandlerMethod
信息: Mapped "{[/comment/queryAll],methods=[],params=[],headers=[],consumes=[],produces=[],custom=[]}" onto public java.util.List com.mini.controller.CommentController.queryAll()
七月 08, 2017 8:50:13 下午 org.springframework.web.servlet.mvc.method.annotation.RequestMappingHandlerMapping registerHandlerMethod
信息: Mapped "{[/comment/deleteReply],methods=[],params=[],headers=[],consumes=[],produces=[],custom=[]}" onto public boolean com.mini.controller.CommentController.deleteReply(java.lang.Integer)
七月 08, 2017 8:50:13 下午 org.springframework.web.servlet.mvc.method.annotation.RequestMappingHandlerMapping registerHandlerMethod
信息: Mapped "{[/comment/updateReply],methods=[],params=[],headers=[],consumes=[],produces=[],custom=[]}" onto public boolean com.mini.controller.CommentController.updateReply(com.mini.entity.Reply)
七月 08, 2017 8:50:13 下午 org.springframework.web.servlet.mvc.method.annotation.RequestMappingHandlerMapping registerHandlerMethod
信息: Mapped "{[/comment/deletereply],methods=[],params=[],headers=[],consumes=[],produces=[],custom=[]}" onto public java.lang.String com.mini.controller.CommentController.deletereply(net.sf.json.JSONObject)
七月 08, 2017 8:50:13 下午 org.springframework.web.servlet.mvc.method.annotation.RequestMappingHandlerMapping registerHandlerMethod
信息: Mapped "{[/comment/queryReplyAll],methods=[],params=[],headers=[],consumes=[],produces=[],custom=[]}" onto public java.util.List com.mini.controller.CommentController.queryReplyAll()
七月 08, 2017 8:50:13 下午 org.springframework.web.servlet.mvc.method.annotation.RequestMappingHandlerMapping registerHandlerMethod
信息: Mapped "{[/comment/addreply],methods=[],params=[],headers=[],consumes=[],produces=[],custom=[]}" onto public java.lang.Integer com.mini.controller.CommentController.addreply(net.sf.json.JSONObject)
七月 08, 2017 8:50:13 下午 org.springframework.web.servlet.mvc.method.annotation.RequestMappingHandlerMapping registerHandlerMethod
信息: Mapped "{[/user/add],methods=[],params=[],headers=[],consumes=[],produces=[],custom=[]}" onto public java.lang.Integer com.mini.controller.WeixinController.add(com.mini.entity.Wxuser)
七月 08, 2017 8:50:13 下午 org.springframework.web.servlet.mvc.method.annotation.RequestMappingHandlerMapping registerHandlerMethod
信息: Mapped "{[/user/update],methods=[],params=[],headers=[],consumes=[],produces=[],custom=[]}" onto public boolean com.mini.controller.WeixinController.update(com.mini.entity.Wxuser)
七月 08, 2017 8:50:13 下午 org.springframework.web.servlet.mvc.method.annotation.RequestMappingHandlerMapping registerHandlerMethod
信息: Mapped "{[/user/delete],methods=[],params=[],headers=[],consumes=[],produces=[],custom=[]}" onto public boolean com.mini.controller.WeixinController.delete(java.lang.Integer)
七月 08, 2017 8:50:13 下午 org.springframework.web.servlet.mvc.method.annotation.RequestMappingHandlerMapping registerHandlerMethod
信息: Mapped "{[/user/login],methods=[],params=[],headers=[],consumes=[],produces=[],custom=[]}" onto public java.lang.String com.mini.controller.WeixinController.login(java.lang.String)
七月 08, 2017 8:50:13 下午 org.springframework.web.servlet.mvc.method.annotation.RequestMappingHandlerMapping registerHandlerMethod
信息: Mapped "{[/user/mylogin],methods=[],params=[],headers=[],consumes=[],produces=[],custom=[]}" onto public void com.mini.controller.WeixinController.mylogin(javax.servlet.http.HttpServletRequest,javax.servlet.http.HttpServletResponse) throws java.io.IOException
七月 08, 2017 8:50:13 下午 org.springframework.web.servlet.mvc.method.annotation.RequestMappingHandlerMapping registerHandlerMethod
信息: Mapped "{[/user/add1],methods=[],params=[],headers=[],consumes=[],produces=[],custom=[]}" onto public boolean com.mini.controller.WeixinController.add1(com.mini.entity.Wxuser)
七月 08, 2017 8:50:13 下午 org.springframework.web.servlet.mvc.method.annotation.RequestMappingHandlerMapping registerHandlerMethod
信息: Mapped "{[/user/queryAll],methods=[],params=[],headers=[],consumes=[],produces=[],custom=[]}" onto public java.util.List com.mini.controller.WeixinController.queryAll()
七月 08, 2017 8:50:14 下午 org.springframework.web.servlet.handler.SimpleUrlHandlerMapping registerHandler
信息: Mapped URL path [/**] onto handler 'org.springframework.web.servlet.resource.DefaultServletHttpRequestHandler#0'
七月 08, 2017 8:50:14 下午 org.springframework.web.servlet.DispatcherServlet initServletBean
信息: FrameworkServlet 'dispatcher': initialization completed in 1453 ms
七月 08, 2017 8:50:14 下午 org.apache.catalina.startup.HostConfig deployWAR
信息: Deployment of web application archive C:\Program Files\Apache Software Foundation\apache-tomcat-7.0.56\webapps\mini.war has finished in 17,710 ms
七月 08, 2017 8:50:14 下午 org.apache.catalina.startup.HostConfig deployDirectory
信息: Deploying web application directory C:\Program Files\Apache Software Foundation\apache-tomcat-7.0.56\webapps\docs
七月 08, 2017 8:50:14 下午 org.apache.catalina.startup.HostConfig deployDirectory
信息: Deployment of web application directory C:\Program Files\Apache Software Foundation\apache-tomcat-7.0.56\webapps\docs has finished in 83 ms
七月 08, 2017 8:50:14 下午 org.apache.catalina.startup.HostConfig deployDirectory
信息: Deploying web application directory C:\Program Files\Apache Software Foundation\apache-tomcat-7.0.56\webapps\examples
七月 08, 2017 8:50:15 下午 org.apache.catalina.startup.HostConfig deployDirectory
信息: Deployment of web application directory C:\Program Files\Apache Software Foundation\apache-tomcat-7.0.56\webapps\examples has finished in 1,148 ms
七月 08, 2017 8:50:15 下午 org.apache.catalina.startup.HostConfig deployDirectory
信息: Deploying web application directory C:\Program Files\Apache Software Foundation\apache-tomcat-7.0.56\webapps\host-manager
七月 08, 2017 8:50:15 下午 org.apache.catalina.startup.HostConfig deployDirectory
信息: Deployment of web application directory C:\Program Files\Apache Software Foundation\apache-tomcat-7.0.56\webapps\host-manager has finished in 99 ms
七月 08, 2017 8:50:15 下午 org.apache.catalina.startup.HostConfig deployDirectory
信息: Deploying web application directory C:\Program Files\Apache Software Foundation\apache-tomcat-7.0.56\webapps\manager
七月 08, 2017 8:50:15 下午 org.apache.catalina.startup.HostConfig deployDirectory
信息: Deployment of web application directory C:\Program Files\Apache Software Foundation\apache-tomcat-7.0.56\webapps\manager has finished in 74 ms
七月 08, 2017 8:50:15 下午 org.apache.catalina.startup.HostConfig deployDirectory
信息: Deploying web application directory C:\Program Files\Apache Software Foundation\apache-tomcat-7.0.56\webapps\ROOT
七月 08, 2017 8:50:15 下午 org.apache.catalina.startup.HostConfig deployDirectory
信息: Deployment of web application directory C:\Program Files\Apache Software Foundation\apache-tomcat-7.0.56\webapps\ROOT has finished in 60 ms
七月 08, 2017 8:50:15 下午 org.apache.catalina.startup.HostConfig deployDirectory
信息: Deploying web application directory C:\Program Files\Apache Software Foundation\apache-tomcat-7.0.56\webapps\test01
七月 08, 2017 8:50:17 下午 com.opensymphony.xwork2.util.logging.jdk.JdkLogger info
信息: Parsing configuration file [struts-default.xml]
七月 08, 2017 8:50:17 下午 com.opensymphony.xwork2.util.logging.jdk.JdkLogger info
信息: Unable to locate configuration files of the name struts-plugin.xml, skipping
七月 08, 2017 8:50:17 下午 com.opensymphony.xwork2.util.logging.jdk.JdkLogger info
信息: Parsing configuration file [struts-plugin.xml]
七月 08, 2017 8:50:17 下午 com.opensymphony.xwork2.util.logging.jdk.JdkLogger info
信息: Parsing configuration file [struts.xml]
七月 08, 2017 8:50:17 下午 com.opensymphony.xwork2.util.logging.jdk.JdkLogger info
信息: Choosing bean (struts) for class com.opensymphony.xwork2.ObjectFactory
七月 08, 2017 8:50:17 下午 com.opensymphony.xwork2.util.logging.jdk.JdkLogger info
信息: Choosing bean (struts) for class com.opensymphony.xwork2.conversion.impl.XWorkConverter
七月 08, 2017 8:50:17 下午 com.opensymphony.xwork2.util.logging.jdk.JdkLogger info
信息: Choosing bean (struts) for interface com.opensymphony.xwork2.TextProvider
七月 08, 2017 8:50:17 下午 com.opensymphony.xwork2.util.logging.jdk.JdkLogger info
信息: Choosing bean (struts) for interface com.opensymphony.xwork2.ActionProxyFactory
七月 08, 2017 8:50:17 下午 com.opensymphony.xwork2.util.logging.jdk.JdkLogger info
信息: Choosing bean (struts) for interface com.opensymphony.xwork2.conversion.ObjectTypeDeterminer
七月 08, 2017 8:50:17 下午 com.opensymphony.xwork2.util.logging.jdk.JdkLogger info
信息: Choosing bean (struts) for interface org.apache.struts2.dispatcher.mapper.ActionMapper
七月 08, 2017 8:50:17 下午 com.opensymphony.xwork2.util.logging.jdk.JdkLogger info
信息: Choosing bean (jakarta) for interface org.apache.struts2.dispatcher.multipart.MultiPartRequest
七月 08, 2017 8:50:17 下午 com.opensymphony.xwork2.util.logging.jdk.JdkLogger info
信息: Choosing bean (struts) for class org.apache.struts2.views.freemarker.FreemarkerManager
七月 08, 2017 8:50:17 下午 com.opensymphony.xwork2.util.logging.jdk.JdkLogger info
信息: Choosing bean (struts) for interface org.apache.struts2.components.UrlRenderer
七月 08, 2017 8:50:17 下午 com.opensymphony.xwork2.util.logging.jdk.JdkLogger info
信息: Choosing bean (struts) for interface com.opensymphony.xwork2.validator.ActionValidatorManager
七月 08, 2017 8:50:17 下午 com.opensymphony.xwork2.util.logging.jdk.JdkLogger info
信息: Choosing bean (struts) for interface com.opensymphony.xwork2.util.ValueStackFactory
七月 08, 2017 8:50:17 下午 com.opensymphony.xwork2.util.logging.jdk.JdkLogger info
信息: Choosing bean (struts) for interface com.opensymphony.xwork2.util.reflection.ReflectionProvider
七月 08, 2017 8:50:17 下午 com.opensymphony.xwork2.util.logging.jdk.JdkLogger info
信息: Choosing bean (struts) for interface com.opensymphony.xwork2.util.reflection.ReflectionContextFactory
七月 08, 2017 8:50:17 下午 com.opensymphony.xwork2.util.logging.jdk.JdkLogger info
信息: Choosing bean (struts) for interface com.opensymphony.xwork2.util.PatternMatcher
七月 08, 2017 8:50:17 下午 com.opensymphony.xwork2.util.logging.jdk.JdkLogger info
信息: Choosing bean (struts) for interface org.apache.struts2.dispatcher.StaticContentLoader
七月 08, 2017 8:50:17 下午 com.opensymphony.xwork2.util.logging.jdk.JdkLogger info
信息: Choosing bean (struts) for interface com.opensymphony.xwork2.UnknownHandlerManager
七月 08, 2017 8:50:17 下午 com.opensymphony.xwork2.util.logging.jdk.JdkLogger info
信息: Overriding property struts.i18n.reload - old value: false new value: true
七月 08, 2017 8:50:17 下午 com.opensymphony.xwork2.util.logging.jdk.JdkLogger info
信息: Overriding property struts.configuration.xml.reload - old value: false new value: true
七月 08, 2017 8:50:18 下午 org.apache.catalina.startup.HostConfig deployDirectory
信息: Deployment of web application directory C:\Program Files\Apache Software Foundation\apache-tomcat-7.0.56\webapps\test01 has finished in 2,482 ms
七月 08, 2017 8:50:18 下午 org.apache.coyote.AbstractProtocol start
信息: Starting ProtocolHandler ["http-apr-8080"]
七月 08, 2017 8:50:18 下午 org.apache.coyote.AbstractProtocol start
信息: Starting ProtocolHandler ["ajp-apr-8009"]
七月 08, 2017 8:50:18 下午 org.apache.catalina.startup.Catalina start
信息: Server startup in 22033 ms
