十二月 31, 2017 12:48:14 上午 org.apache.catalina.core.AprLifecycleListener init
信息: Loaded APR based Apache Tomcat Native library 1.1.31 using APR version 1.4.8.
十二月 31, 2017 12:48:14 上午 org.apache.catalina.core.AprLifecycleListener init
信息: APR capabilities: IPv6 [true], sendfile [true], accept filters [false], random [true].
十二月 31, 2017 12:48:16 上午 org.apache.catalina.core.AprLifecycleListener initializeSSL
信息: OpenSSL successfully initialized (OpenSSL 1.0.1h 5 Jun 2014)
十二月 31, 2017 12:48:16 上午 org.apache.coyote.AbstractProtocol init
信息: Initializing ProtocolHandler ["http-apr-8181"]
十二月 31, 2017 12:48:16 上午 org.apache.coyote.AbstractProtocol init
信息: Initializing ProtocolHandler ["ajp-apr-8009"]
十二月 31, 2017 12:48:16 上午 org.apache.catalina.startup.Catalina load
信息: Initialization processed in 1773 ms
十二月 31, 2017 12:48:16 上午 org.apache.catalina.core.StandardService startInternal
信息: Starting service Catalina
十二月 31, 2017 12:48:16 上午 org.apache.catalina.core.StandardEngine startInternal
信息: Starting Servlet Engine: Apache Tomcat/7.0.56
十二月 31, 2017 12:48:16 上午 org.apache.catalina.startup.HostConfig deployDirectory
信息: Deploying web application directory D:\developTool\apache-tomcat-7.0.56bak\webapps\docs
十二月 31, 2017 12:48:17 上午 org.apache.catalina.util.SessionIdGenerator createSecureRandom
信息: Creation of SecureRandom instance for session ID generation using [SHA1PRNG] took [267] milliseconds.
十二月 31, 2017 12:48:17 上午 org.apache.catalina.startup.HostConfig deployDirectory
信息: Deployment of web application directory D:\developTool\apache-tomcat-7.0.56bak\webapps\docs has finished in 693 ms
十二月 31, 2017 12:48:17 上午 org.apache.catalina.startup.HostConfig deployDirectory
信息: Deploying web application directory D:\developTool\apache-tomcat-7.0.56bak\webapps\examples
十二月 31, 2017 12:48:17 上午 org.apache.catalina.startup.HostConfig deployDirectory
信息: Deployment of web application directory D:\developTool\apache-tomcat-7.0.56bak\webapps\examples has finished in 539 ms
十二月 31, 2017 12:48:17 上午 org.apache.catalina.startup.HostConfig deployDirectory
信息: Deploying web application directory D:\developTool\apache-tomcat-7.0.56bak\webapps\host-manager
十二月 31, 2017 12:48:17 上午 org.apache.catalina.startup.HostConfig deployDirectory
信息: Deployment of web application directory D:\developTool\apache-tomcat-7.0.56bak\webapps\host-manager has finished in 135 ms
十二月 31, 2017 12:48:17 上午 org.apache.catalina.startup.HostConfig deployDirectory
信息: Deploying web application directory D:\developTool\apache-tomcat-7.0.56bak\webapps\manager
十二月 31, 2017 12:48:17 上午 org.apache.catalina.startup.HostConfig deployDirectory
信息: Deployment of web application directory D:\developTool\apache-tomcat-7.0.56bak\webapps\manager has finished in 99 ms
十二月 31, 2017 12:48:17 上午 org.apache.catalina.startup.HostConfig deployDirectory
信息: Deploying web application directory D:\developTool\apache-tomcat-7.0.56bak\webapps\ROOT
十二月 31, 2017 12:48:18 上午 org.apache.catalina.startup.HostConfig deployDirectory
信息: Deployment of web application directory D:\developTool\apache-tomcat-7.0.56bak\webapps\ROOT has finished in 58 ms
十二月 31, 2017 12:48:18 上午 org.apache.catalina.startup.HostConfig deployDirectory
信息: Deploying web application directory D:\developTool\apache-tomcat-7.0.56bak\webapps\solr
十二月 31, 2017 12:48:42 上午 org.apache.catalina.startup.HostConfig deployDirectory
信息: Deployment of web application directory D:\developTool\apache-tomcat-7.0.56bak\webapps\solr has finished in 24,171 ms
十二月 31, 2017 12:48:42 上午 org.apache.coyote.AbstractProtocol start
信息: Starting ProtocolHandler ["http-apr-8181"]
十二月 31, 2017 12:48:42 上午 org.apache.coyote.AbstractProtocol start
信息: Starting ProtocolHandler ["ajp-apr-8009"]
十二月 31, 2017 12:48:42 上午 org.apache.catalina.startup.Catalina start
信息: Server startup in 25785 ms
十二月 31, 2017 12:54:03 上午 org.apache.catalina.core.AprLifecycleListener init
信息: Loaded APR based Apache Tomcat Native library 1.1.31 using APR version 1.4.8.
十二月 31, 2017 12:54:03 上午 org.apache.catalina.core.AprLifecycleListener init
信息: APR capabilities: IPv6 [true], sendfile [true], accept filters [false], random [true].
十二月 31, 2017 12:54:04 上午 org.apache.catalina.core.AprLifecycleListener initializeSSL
信息: OpenSSL successfully initialized (OpenSSL 1.0.1h 5 Jun 2014)
十二月 31, 2017 12:54:05 上午 org.apache.coyote.AbstractProtocol init
信息: Initializing ProtocolHandler ["http-apr-8081"]
十二月 31, 2017 12:54:05 上午 org.apache.coyote.AbstractProtocol init
信息: Initializing ProtocolHandler ["ajp-apr-8010"]
十二月 31, 2017 12:54:05 上午 org.apache.catalina.startup.Catalina load
信息: Initialization processed in 1606 ms
十二月 31, 2017 12:54:05 上午 org.apache.catalina.core.StandardService startInternal
信息: Starting service Catalina
十二月 31, 2017 12:54:05 上午 org.apache.catalina.core.StandardEngine startInternal
信息: Starting Servlet Engine: Apache Tomcat/7.0.56
十二月 31, 2017 12:54:05 上午 org.apache.catalina.startup.HostConfig deployDirectory
信息: Deploying web application directory D:\developTool\apache-tomcat-7.0.56bak\webapps\docs
十二月 31, 2017 12:54:05 上午 org.apache.catalina.util.SessionIdGenerator createSecureRandom
信息: Creation of SecureRandom instance for session ID generation using [SHA1PRNG] took [254] milliseconds.
十二月 31, 2017 12:54:05 上午 org.apache.catalina.startup.HostConfig deployDirectory
信息: Deployment of web application directory D:\developTool\apache-tomcat-7.0.56bak\webapps\docs has finished in 583 ms
十二月 31, 2017 12:54:05 上午 org.apache.catalina.startup.HostConfig deployDirectory
信息: Deploying web application directory D:\developTool\apache-tomcat-7.0.56bak\webapps\examples
十二月 31, 2017 12:54:06 上午 org.apache.catalina.startup.HostConfig deployDirectory
信息: Deployment of web application directory D:\developTool\apache-tomcat-7.0.56bak\webapps\examples has finished in 396 ms
十二月 31, 2017 12:54:06 上午 org.apache.catalina.startup.HostConfig deployDirectory
信息: Deploying web application directory D:\developTool\apache-tomcat-7.0.56bak\webapps\host-manager
十二月 31, 2017 12:54:06 上午 org.apache.catalina.startup.HostConfig deployDirectory
信息: Deployment of web application directory D:\developTool\apache-tomcat-7.0.56bak\webapps\host-manager has finished in 86 ms
十二月 31, 2017 12:54:06 上午 org.apache.catalina.startup.HostConfig deployDirectory
信息: Deploying web application directory D:\developTool\apache-tomcat-7.0.56bak\webapps\manager
十二月 31, 2017 12:54:06 上午 org.apache.catalina.startup.HostConfig deployDirectory
信息: Deployment of web application directory D:\developTool\apache-tomcat-7.0.56bak\webapps\manager has finished in 77 ms
十二月 31, 2017 12:54:06 上午 org.apache.catalina.startup.HostConfig deployDirectory
信息: Deploying web application directory D:\developTool\apache-tomcat-7.0.56bak\webapps\ROOT
十二月 31, 2017 12:54:06 上午 org.apache.catalina.startup.HostConfig deployDirectory
信息: Deployment of web application directory D:\developTool\apache-tomcat-7.0.56bak\webapps\ROOT has finished in 58 ms
十二月 31, 2017 12:54:06 上午 org.apache.catalina.startup.HostConfig deployDirectory
信息: Deploying web application directory D:\developTool\apache-tomcat-7.0.56bak\webapps\solr
十二月 31, 2017 12:54:30 上午 org.apache.catalina.startup.HostConfig deployDirectory
信息: Deployment of web application directory D:\developTool\apache-tomcat-7.0.56bak\webapps\solr has finished in 23,847 ms
十二月 31, 2017 12:54:30 上午 org.apache.coyote.AbstractProtocol start
信息: Starting ProtocolHandler ["http-apr-8081"]
十二月 31, 2017 12:54:30 上午 org.apache.coyote.AbstractProtocol start
信息: Starting ProtocolHandler ["ajp-apr-8010"]
十二月 31, 2017 12:54:30 上午 org.apache.catalina.startup.Catalina start
信息: Server startup in 25119 ms
十二月 31, 2017 8:51:00 下午 org.apache.catalina.core.AprLifecycleListener init
信息: Loaded APR based Apache Tomcat Native library 1.1.31 using APR version 1.4.8.
十二月 31, 2017 8:51:00 下午 org.apache.catalina.core.AprLifecycleListener init
信息: APR capabilities: IPv6 [true], sendfile [true], accept filters [false], random [true].
十二月 31, 2017 8:51:02 下午 org.apache.catalina.core.AprLifecycleListener initializeSSL
信息: OpenSSL successfully initialized (OpenSSL 1.0.1h 5 Jun 2014)
十二月 31, 2017 8:51:02 下午 org.apache.coyote.AbstractProtocol init
信息: Initializing ProtocolHandler ["http-apr-8081"]
十二月 31, 2017 8:51:02 下午 org.apache.coyote.AbstractProtocol init
信息: Initializing ProtocolHandler ["ajp-apr-8010"]
十二月 31, 2017 8:51:02 下午 org.apache.catalina.startup.Catalina load
信息: Initialization processed in 3905 ms
十二月 31, 2017 8:51:03 下午 org.apache.catalina.core.StandardService startInternal
信息: Starting service Catalina
十二月 31, 2017 8:51:03 下午 org.apache.catalina.core.StandardEngine startInternal
信息: Starting Servlet Engine: Apache Tomcat/7.0.56
十二月 31, 2017 8:51:03 下午 org.apache.catalina.startup.HostConfig deployDirectory
信息: Deploying web application directory D:\developTool\apache-tomcat-7.0.56bak\webapps\docs
十二月 31, 2017 8:51:04 下午 org.apache.catalina.util.SessionIdGenerator createSecureRandom
信息: Creation of SecureRandom instance for session ID generation using [SHA1PRNG] took [402] milliseconds.
十二月 31, 2017 8:51:04 下午 org.apache.catalina.startup.HostConfig deployDirectory
信息: Deployment of web application directory D:\developTool\apache-tomcat-7.0.56bak\webapps\docs has finished in 1,592 ms
十二月 31, 2017 8:51:04 下午 org.apache.catalina.startup.HostConfig deployDirectory
信息: Deploying web application directory D:\developTool\apache-tomcat-7.0.56bak\webapps\examples
十二月 31, 2017 8:51:05 下午 org.apache.catalina.startup.HostConfig deployDirectory
信息: Deployment of web application directory D:\developTool\apache-tomcat-7.0.56bak\webapps\examples has finished in 881 ms
十二月 31, 2017 8:51:05 下午 org.apache.catalina.startup.HostConfig deployDirectory
信息: Deploying web application directory D:\developTool\apache-tomcat-7.0.56bak\webapps\host-manager
十二月 31, 2017 8:51:05 下午 org.apache.catalina.startup.HostConfig deployDirectory
信息: Deployment of web application directory D:\developTool\apache-tomcat-7.0.56bak\webapps\host-manager has finished in 151 ms
十二月 31, 2017 8:51:05 下午 org.apache.catalina.startup.HostConfig deployDirectory
信息: Deploying web application directory D:\developTool\apache-tomcat-7.0.56bak\webapps\manager
十二月 31, 2017 8:51:05 下午 org.apache.catalina.startup.HostConfig deployDirectory
信息: Deployment of web application directory D:\developTool\apache-tomcat-7.0.56bak\webapps\manager has finished in 100 ms
十二月 31, 2017 8:51:05 下午 org.apache.catalina.startup.HostConfig deployDirectory
信息: Deploying web application directory D:\developTool\apache-tomcat-7.0.56bak\webapps\ROOT
十二月 31, 2017 8:51:05 下午 org.apache.catalina.startup.HostConfig deployDirectory
信息: Deployment of web application directory D:\developTool\apache-tomcat-7.0.56bak\webapps\ROOT has finished in 74 ms
十二月 31, 2017 8:51:05 下午 org.apache.catalina.startup.HostConfig deployDirectory
信息: Deploying web application directory D:\developTool\apache-tomcat-7.0.56bak\webapps\solr
十二月 31, 2017 8:51:36 下午 org.apache.catalina.startup.HostConfig deployDirectory
信息: Deployment of web application directory D:\developTool\apache-tomcat-7.0.56bak\webapps\solr has finished in 30,476 ms
十二月 31, 2017 8:51:36 下午 org.apache.coyote.AbstractProtocol start
信息: Starting ProtocolHandler ["http-apr-8081"]
十二月 31, 2017 8:51:36 下午 org.apache.coyote.AbstractProtocol start
信息: Starting ProtocolHandler ["ajp-apr-8010"]
十二月 31, 2017 8:51:36 下午 org.apache.catalina.startup.Catalina start
信息: Server startup in 33522 ms
