十二月 29, 2017 10:49:32 上午 org.apache.catalina.core.AprLifecycleListener init
信息: Loaded APR based Apache Tomcat Native library 1.1.31 using APR version 1.4.8.
十二月 29, 2017 10:49:32 上午 org.apache.catalina.core.AprLifecycleListener init
信息: APR capabilities: IPv6 [true], sendfile [true], accept filters [false], random [true].
十二月 29, 2017 10:49:34 上午 org.apache.catalina.core.AprLifecycleListener initializeSSL
信息: OpenSSL successfully initialized (OpenSSL 1.0.1h 5 Jun 2014)
十二月 29, 2017 10:49:35 上午 org.apache.coyote.AbstractProtocol init
信息: Initializing ProtocolHandler ["http-apr-8080"]
十二月 29, 2017 10:49:35 上午 org.apache.coyote.AbstractProtocol init
信息: Initializing ProtocolHandler ["ajp-apr-8009"]
十二月 29, 2017 10:49:35 上午 org.apache.catalina.startup.Catalina load
信息: Initialization processed in 4018 ms
十二月 29, 2017 10:49:35 上午 org.apache.catalina.core.StandardService startInternal
信息: Starting service Catalina
十二月 29, 2017 10:49:35 上午 org.apache.catalina.core.StandardEngine startInternal
信息: Starting Servlet Engine: Apache Tomcat/7.0.56
十二月 29, 2017 10:49:35 上午 org.apache.catalina.startup.HostConfig deployWAR
信息: Deploying web application archive D:\developTool\apache-tomcat-7.0.56bak\webapps\solr.war
十二月 29, 2017 10:49:41 上午 org.apache.catalina.util.SessionIdGenerator createSecureRandom
信息: Creation of SecureRandom instance for session ID generation using [SHA1PRNG] took [508] milliseconds.
十二月 29, 2017 10:49:41 上午 org.apache.catalina.core.StandardContext startInternal
严重: Error filterStart
十二月 29, 2017 10:49:41 上午 org.apache.catalina.core.StandardContext startInternal
严重: Context [/solr] startup failed due to previous errors
十二月 29, 2017 10:49:42 上午 org.apache.catalina.startup.HostConfig deployWAR
信息: Deployment of web application archive D:\developTool\apache-tomcat-7.0.56bak\webapps\solr.war has finished in 6,557 ms
十二月 29, 2017 10:49:42 上午 org.apache.catalina.startup.HostConfig deployDirectory
信息: Deploying web application directory D:\developTool\apache-tomcat-7.0.56bak\webapps\docs
十二月 29, 2017 10:49:42 上午 org.apache.catalina.startup.HostConfig deployDirectory
信息: Deployment of web application directory D:\developTool\apache-tomcat-7.0.56bak\webapps\docs has finished in 151 ms
十二月 29, 2017 10:49:42 上午 org.apache.catalina.startup.HostConfig deployDirectory
信息: Deploying web application directory D:\developTool\apache-tomcat-7.0.56bak\webapps\examples
十二月 29, 2017 10:49:42 上午 org.apache.catalina.startup.HostConfig deployDirectory
信息: Deployment of web application directory D:\developTool\apache-tomcat-7.0.56bak\webapps\examples has finished in 580 ms
十二月 29, 2017 10:49:42 上午 org.apache.catalina.startup.HostConfig deployDirectory
信息: Deploying web application directory D:\developTool\apache-tomcat-7.0.56bak\webapps\host-manager
十二月 29, 2017 10:49:42 上午 org.apache.catalina.startup.HostConfig deployDirectory
信息: Deployment of web application directory D:\developTool\apache-tomcat-7.0.56bak\webapps\host-manager has finished in 83 ms
十二月 29, 2017 10:49:42 上午 org.apache.catalina.startup.HostConfig deployDirectory
信息: Deploying web application directory D:\developTool\apache-tomcat-7.0.56bak\webapps\manager
十二月 29, 2017 10:49:42 上午 org.apache.catalina.startup.HostConfig deployDirectory
信息: Deployment of web application directory D:\developTool\apache-tomcat-7.0.56bak\webapps\manager has finished in 58 ms
十二月 29, 2017 10:49:42 上午 org.apache.catalina.startup.HostConfig deployDirectory
信息: Deploying web application directory D:\developTool\apache-tomcat-7.0.56bak\webapps\ROOT
十二月 29, 2017 10:49:42 上午 org.apache.catalina.startup.HostConfig deployDirectory
信息: Deployment of web application directory D:\developTool\apache-tomcat-7.0.56bak\webapps\ROOT has finished in 49 ms
十二月 29, 2017 10:49:42 上午 org.apache.coyote.AbstractProtocol start
信息: Starting ProtocolHandler ["http-apr-8080"]
十二月 29, 2017 10:49:43 上午 org.apache.coyote.AbstractProtocol start
信息: Starting ProtocolHandler ["ajp-apr-8009"]
十二月 29, 2017 10:49:43 上午 org.apache.catalina.startup.Catalina start
信息: Server startup in 7734 ms
十二月 29, 2017 10:50:03 上午 org.apache.catalina.startup.HostConfig undeploy
信息: Undeploying context [/solr]
十二月 29, 2017 10:52:14 上午 org.apache.catalina.startup.HostConfig deployWAR
信息: Deploying web application archive D:\developTool\apache-tomcat-7.0.56bak\webapps\solr.war
十二月 29, 2017 10:52:16 上午 org.apache.catalina.core.StandardContext startInternal
严重: Error filterStart
十二月 29, 2017 10:52:16 上午 org.apache.catalina.core.StandardContext startInternal
严重: Context [/solr] startup failed due to previous errors
十二月 29, 2017 10:52:16 上午 org.apache.catalina.startup.HostConfig deployWAR
信息: Deployment of web application archive D:\developTool\apache-tomcat-7.0.56bak\webapps\solr.war has finished in 2,205 ms
十二月 29, 2017 10:52:19 上午 org.apache.coyote.AbstractProtocol pause
信息: Pausing ProtocolHandler ["http-apr-8080"]
十二月 29, 2017 11:26:02 上午 org.apache.catalina.core.AprLifecycleListener init
信息: Loaded APR based Apache Tomcat Native library 1.1.31 using APR version 1.4.8.
十二月 29, 2017 11:26:02 上午 org.apache.catalina.core.AprLifecycleListener init
信息: APR capabilities: IPv6 [true], sendfile [true], accept filters [false], random [true].
十二月 29, 2017 11:26:03 上午 org.apache.catalina.core.AprLifecycleListener initializeSSL
信息: OpenSSL successfully initialized (OpenSSL 1.0.1h 5 Jun 2014)
十二月 29, 2017 11:26:03 上午 org.apache.coyote.AbstractProtocol init
信息: Initializing ProtocolHandler ["http-apr-8080"]
十二月 29, 2017 11:26:03 上午 org.apache.coyote.AbstractProtocol init
信息: Initializing ProtocolHandler ["ajp-apr-8009"]
十二月 29, 2017 11:26:03 上午 org.apache.catalina.startup.Catalina load
信息: Initialization processed in 1668 ms
十二月 29, 2017 11:26:04 上午 org.apache.catalina.core.StandardService startInternal
信息: Starting service Catalina
十二月 29, 2017 11:26:04 上午 org.apache.catalina.core.StandardEngine startInternal
信息: Starting Servlet Engine: Apache Tomcat/7.0.56
十二月 29, 2017 11:26:04 上午 org.apache.catalina.startup.HostConfig deployDirectory
信息: Deploying web application directory D:\developTool\apache-tomcat-7.0.56bak\webapps\docs
十二月 29, 2017 11:26:04 上午 org.apache.catalina.util.SessionIdGenerator createSecureRandom
信息: Creation of SecureRandom instance for session ID generation using [SHA1PRNG] took [278] milliseconds.
十二月 29, 2017 11:26:04 上午 org.apache.catalina.startup.HostConfig deployDirectory
信息: Deployment of web application directory D:\developTool\apache-tomcat-7.0.56bak\webapps\docs has finished in 639 ms
十二月 29, 2017 11:26:04 上午 org.apache.catalina.startup.HostConfig deployDirectory
信息: Deploying web application directory D:\developTool\apache-tomcat-7.0.56bak\webapps\examples
十二月 29, 2017 11:26:05 上午 org.apache.catalina.startup.HostConfig deployDirectory
信息: Deployment of web application directory D:\developTool\apache-tomcat-7.0.56bak\webapps\examples has finished in 417 ms
十二月 29, 2017 11:26:05 上午 org.apache.catalina.startup.HostConfig deployDirectory
信息: Deploying web application directory D:\developTool\apache-tomcat-7.0.56bak\webapps\host-manager
十二月 29, 2017 11:26:05 上午 org.apache.catalina.startup.HostConfig deployDirectory
信息: Deployment of web application directory D:\developTool\apache-tomcat-7.0.56bak\webapps\host-manager has finished in 92 ms
十二月 29, 2017 11:26:05 上午 org.apache.catalina.startup.HostConfig deployDirectory
信息: Deploying web application directory D:\developTool\apache-tomcat-7.0.56bak\webapps\manager
十二月 29, 2017 11:26:05 上午 org.apache.catalina.startup.HostConfig deployDirectory
信息: Deployment of web application directory D:\developTool\apache-tomcat-7.0.56bak\webapps\manager has finished in 76 ms
十二月 29, 2017 11:26:05 上午 org.apache.catalina.startup.HostConfig deployDirectory
信息: Deploying web application directory D:\developTool\apache-tomcat-7.0.56bak\webapps\ROOT
十二月 29, 2017 11:26:05 上午 org.apache.catalina.startup.HostConfig deployDirectory
信息: Deployment of web application directory D:\developTool\apache-tomcat-7.0.56bak\webapps\ROOT has finished in 49 ms
十二月 29, 2017 11:26:05 上午 org.apache.catalina.startup.HostConfig deployDirectory
信息: Deploying web application directory D:\developTool\apache-tomcat-7.0.56bak\webapps\solr
十二月 29, 2017 11:26:30 上午 org.apache.catalina.startup.HostConfig deployDirectory
信息: Deployment of web application directory D:\developTool\apache-tomcat-7.0.56bak\webapps\solr has finished in 25,030 ms
十二月 29, 2017 11:26:30 上午 org.apache.coyote.AbstractProtocol start
信息: Starting ProtocolHandler ["http-apr-8080"]
十二月 29, 2017 11:26:30 上午 org.apache.coyote.AbstractProtocol start
信息: Starting ProtocolHandler ["ajp-apr-8009"]
十二月 29, 2017 11:26:30 上午 org.apache.catalina.startup.Catalina start
信息: Server startup in 26380 ms
十二月 29, 2017 1:04:55 下午 org.apache.catalina.core.AprLifecycleListener init
信息: Loaded APR based Apache Tomcat Native library 1.1.31 using APR version 1.4.8.
十二月 29, 2017 1:04:55 下午 org.apache.catalina.core.AprLifecycleListener init
信息: APR capabilities: IPv6 [true], sendfile [true], accept filters [false], random [true].
十二月 29, 2017 1:04:57 下午 org.apache.catalina.core.AprLifecycleListener initializeSSL
信息: OpenSSL successfully initialized (OpenSSL 1.0.1h 5 Jun 2014)
十二月 29, 2017 1:04:57 下午 org.apache.coyote.AbstractProtocol init
信息: Initializing ProtocolHandler ["http-apr-8080"]
十二月 29, 2017 1:04:57 下午 org.apache.coyote.AbstractProtocol init
信息: Initializing ProtocolHandler ["ajp-apr-8009"]
十二月 29, 2017 1:04:57 下午 org.apache.catalina.startup.Catalina load
信息: Initialization processed in 1643 ms
十二月 29, 2017 1:04:57 下午 org.apache.catalina.core.StandardService startInternal
信息: Starting service Catalina
十二月 29, 2017 1:04:57 下午 org.apache.catalina.core.StandardEngine startInternal
信息: Starting Servlet Engine: Apache Tomcat/7.0.56
十二月 29, 2017 1:04:57 下午 org.apache.catalina.startup.HostConfig deployDirectory
信息: Deploying web application directory D:\developTool\apache-tomcat-7.0.56bak\webapps\docs
十二月 29, 2017 1:04:57 下午 org.apache.catalina.util.SessionIdGenerator createSecureRandom
信息: Creation of SecureRandom instance for session ID generation using [SHA1PRNG] took [266] milliseconds.
十二月 29, 2017 1:04:57 下午 org.apache.catalina.startup.HostConfig deployDirectory
信息: Deployment of web application directory D:\developTool\apache-tomcat-7.0.56bak\webapps\docs has finished in 609 ms
十二月 29, 2017 1:04:57 下午 org.apache.catalina.startup.HostConfig deployDirectory
信息: Deploying web application directory D:\developTool\apache-tomcat-7.0.56bak\webapps\examples
十二月 29, 2017 1:04:58 下午 org.apache.catalina.startup.HostConfig deployDirectory
信息: Deployment of web application directory D:\developTool\apache-tomcat-7.0.56bak\webapps\examples has finished in 375 ms
十二月 29, 2017 1:04:58 下午 org.apache.catalina.startup.HostConfig deployDirectory
信息: Deploying web application directory D:\developTool\apache-tomcat-7.0.56bak\webapps\host-manager
十二月 29, 2017 1:04:58 下午 org.apache.catalina.startup.HostConfig deployDirectory
信息: Deployment of web application directory D:\developTool\apache-tomcat-7.0.56bak\webapps\host-manager has finished in 69 ms
十二月 29, 2017 1:04:58 下午 org.apache.catalina.startup.HostConfig deployDirectory
信息: Deploying web application directory D:\developTool\apache-tomcat-7.0.56bak\webapps\manager
十二月 29, 2017 1:04:58 下午 org.apache.catalina.startup.HostConfig deployDirectory
信息: Deployment of web application directory D:\developTool\apache-tomcat-7.0.56bak\webapps\manager has finished in 78 ms
十二月 29, 2017 1:04:58 下午 org.apache.catalina.startup.HostConfig deployDirectory
信息: Deploying web application directory D:\developTool\apache-tomcat-7.0.56bak\webapps\ROOT
十二月 29, 2017 1:04:58 下午 org.apache.catalina.startup.HostConfig deployDirectory
信息: Deployment of web application directory D:\developTool\apache-tomcat-7.0.56bak\webapps\ROOT has finished in 50 ms
十二月 29, 2017 1:04:58 下午 org.apache.catalina.startup.HostConfig deployDirectory
信息: Deploying web application directory D:\developTool\apache-tomcat-7.0.56bak\webapps\solr
十二月 29, 2017 1:05:23 下午 org.apache.catalina.startup.HostConfig deployDirectory
信息: Deployment of web application directory D:\developTool\apache-tomcat-7.0.56bak\webapps\solr has finished in 25,102 ms
十二月 29, 2017 1:05:23 下午 org.apache.coyote.AbstractProtocol start
信息: Starting ProtocolHandler ["http-apr-8080"]
十二月 29, 2017 1:05:23 下午 org.apache.coyote.AbstractProtocol start
信息: Starting ProtocolHandler ["ajp-apr-8009"]
十二月 29, 2017 1:05:23 下午 org.apache.catalina.startup.Catalina start
信息: Server startup in 26368 ms
十二月 29, 2017 2:03:38 下午 org.apache.catalina.core.AprLifecycleListener init
信息: Loaded APR based Apache Tomcat Native library 1.1.31 using APR version 1.4.8.
十二月 29, 2017 2:03:38 下午 org.apache.catalina.core.AprLifecycleListener init
信息: APR capabilities: IPv6 [true], sendfile [true], accept filters [false], random [true].
十二月 29, 2017 2:03:39 下午 org.apache.catalina.core.AprLifecycleListener initializeSSL
信息: OpenSSL successfully initialized (OpenSSL 1.0.1h 5 Jun 2014)
十二月 29, 2017 2:03:40 下午 org.apache.coyote.AbstractProtocol init
信息: Initializing ProtocolHandler ["http-apr-8080"]
十二月 29, 2017 2:03:40 下午 org.apache.coyote.AbstractProtocol init
信息: Initializing ProtocolHandler ["ajp-apr-8009"]
十二月 29, 2017 2:03:40 下午 org.apache.catalina.startup.Catalina load
信息: Initialization processed in 1540 ms
十二月 29, 2017 2:03:40 下午 org.apache.catalina.core.StandardService startInternal
信息: Starting service Catalina
十二月 29, 2017 2:03:40 下午 org.apache.catalina.core.StandardEngine startInternal
信息: Starting Servlet Engine: Apache Tomcat/7.0.56
十二月 29, 2017 2:03:40 下午 org.apache.catalina.startup.HostConfig deployDirectory
信息: Deploying web application directory D:\developTool\apache-tomcat-7.0.56bak\webapps\docs
十二月 29, 2017 2:03:40 下午 org.apache.catalina.util.SessionIdGenerator createSecureRandom
信息: Creation of SecureRandom instance for session ID generation using [SHA1PRNG] took [250] milliseconds.
十二月 29, 2017 2:03:40 下午 org.apache.catalina.startup.HostConfig deployDirectory
信息: Deployment of web application directory D:\developTool\apache-tomcat-7.0.56bak\webapps\docs has finished in 545 ms
十二月 29, 2017 2:03:40 下午 org.apache.catalina.startup.HostConfig deployDirectory
信息: Deploying web application directory D:\developTool\apache-tomcat-7.0.56bak\webapps\examples
十二月 29, 2017 2:03:41 下午 org.apache.catalina.startup.HostConfig deployDirectory
信息: Deployment of web application directory D:\developTool\apache-tomcat-7.0.56bak\webapps\examples has finished in 382 ms
十二月 29, 2017 2:03:41 下午 org.apache.catalina.startup.HostConfig deployDirectory
信息: Deploying web application directory D:\developTool\apache-tomcat-7.0.56bak\webapps\host-manager
十二月 29, 2017 2:03:41 下午 org.apache.catalina.startup.HostConfig deployDirectory
信息: Deployment of web application directory D:\developTool\apache-tomcat-7.0.56bak\webapps\host-manager has finished in 67 ms
十二月 29, 2017 2:03:41 下午 org.apache.catalina.startup.HostConfig deployDirectory
信息: Deploying web application directory D:\developTool\apache-tomcat-7.0.56bak\webapps\manager
十二月 29, 2017 2:03:41 下午 org.apache.catalina.startup.HostConfig deployDirectory
信息: Deployment of web application directory D:\developTool\apache-tomcat-7.0.56bak\webapps\manager has finished in 60 ms
十二月 29, 2017 2:03:41 下午 org.apache.catalina.startup.HostConfig deployDirectory
信息: Deploying web application directory D:\developTool\apache-tomcat-7.0.56bak\webapps\ROOT
十二月 29, 2017 2:03:41 下午 org.apache.catalina.startup.HostConfig deployDirectory
信息: Deployment of web application directory D:\developTool\apache-tomcat-7.0.56bak\webapps\ROOT has finished in 54 ms
十二月 29, 2017 2:03:41 下午 org.apache.catalina.startup.HostConfig deployDirectory
信息: Deploying web application directory D:\developTool\apache-tomcat-7.0.56bak\webapps\solr
十二月 29, 2017 2:04:04 下午 org.apache.catalina.startup.HostConfig deployDirectory
信息: Deployment of web application directory D:\developTool\apache-tomcat-7.0.56bak\webapps\solr has finished in 23,701 ms
十二月 29, 2017 2:04:04 下午 org.apache.coyote.AbstractProtocol start
信息: Starting ProtocolHandler ["http-apr-8080"]
十二月 29, 2017 2:04:04 下午 org.apache.coyote.AbstractProtocol start
信息: Starting ProtocolHandler ["ajp-apr-8009"]
十二月 29, 2017 2:04:04 下午 org.apache.catalina.startup.Catalina start
信息: Server startup in 24882 ms
十二月 29, 2017 2:04:52 下午 org.apache.catalina.core.AprLifecycleListener init
信息: Loaded APR based Apache Tomcat Native library 1.1.31 using APR version 1.4.8.
十二月 29, 2017 2:04:52 下午 org.apache.catalina.core.AprLifecycleListener init
信息: APR capabilities: IPv6 [true], sendfile [true], accept filters [false], random [true].
十二月 29, 2017 2:04:53 下午 org.apache.catalina.core.AprLifecycleListener initializeSSL
信息: OpenSSL successfully initialized (OpenSSL 1.0.1h 5 Jun 2014)
十二月 29, 2017 2:04:53 下午 org.apache.coyote.AbstractProtocol init
信息: Initializing ProtocolHandler ["http-apr-8080"]
十二月 29, 2017 2:04:53 下午 org.apache.coyote.AbstractProtocol init
信息: Initializing ProtocolHandler ["ajp-apr-8009"]
十二月 29, 2017 2:04:53 下午 org.apache.catalina.startup.Catalina load
信息: Initialization processed in 1642 ms
十二月 29, 2017 2:04:53 下午 org.apache.catalina.core.StandardService startInternal
信息: Starting service Catalina
十二月 29, 2017 2:04:53 下午 org.apache.catalina.core.StandardEngine startInternal
信息: Starting Servlet Engine: Apache Tomcat/7.0.56
十二月 29, 2017 2:04:53 下午 org.apache.catalina.startup.HostConfig deployDirectory
信息: Deploying web application directory D:\developTool\apache-tomcat-7.0.56bak\webapps\docs
十二月 29, 2017 2:04:54 下午 org.apache.catalina.util.SessionIdGenerator createSecureRandom
信息: Creation of SecureRandom instance for session ID generation using [SHA1PRNG] took [269] milliseconds.
十二月 29, 2017 2:04:54 下午 org.apache.catalina.startup.HostConfig deployDirectory
信息: Deployment of web application directory D:\developTool\apache-tomcat-7.0.56bak\webapps\docs has finished in 602 ms
十二月 29, 2017 2:04:54 下午 org.apache.catalina.startup.HostConfig deployDirectory
信息: Deploying web application directory D:\developTool\apache-tomcat-7.0.56bak\webapps\examples
十二月 29, 2017 2:04:54 下午 org.apache.catalina.startup.HostConfig deployDirectory
信息: Deployment of web application directory D:\developTool\apache-tomcat-7.0.56bak\webapps\examples has finished in 391 ms
十二月 29, 2017 2:04:54 下午 org.apache.catalina.startup.HostConfig deployDirectory
信息: Deploying web application directory D:\developTool\apache-tomcat-7.0.56bak\webapps\host-manager
十二月 29, 2017 2:04:54 下午 org.apache.catalina.startup.HostConfig deployDirectory
信息: Deployment of web application directory D:\developTool\apache-tomcat-7.0.56bak\webapps\host-manager has finished in 75 ms
十二月 29, 2017 2:04:54 下午 org.apache.catalina.startup.HostConfig deployDirectory
信息: Deploying web application directory D:\developTool\apache-tomcat-7.0.56bak\webapps\manager
十二月 29, 2017 2:04:55 下午 org.apache.catalina.startup.HostConfig deployDirectory
信息: Deployment of web application directory D:\developTool\apache-tomcat-7.0.56bak\webapps\manager has finished in 69 ms
十二月 29, 2017 2:04:55 下午 org.apache.catalina.startup.HostConfig deployDirectory
信息: Deploying web application directory D:\developTool\apache-tomcat-7.0.56bak\webapps\ROOT
十二月 29, 2017 2:04:55 下午 org.apache.catalina.startup.HostConfig deployDirectory
信息: Deployment of web application directory D:\developTool\apache-tomcat-7.0.56bak\webapps\ROOT has finished in 48 ms
十二月 29, 2017 2:04:55 下午 org.apache.catalina.startup.HostConfig deployDirectory
信息: Deploying web application directory D:\developTool\apache-tomcat-7.0.56bak\webapps\solr
十二月 29, 2017 2:05:18 下午 org.apache.catalina.startup.HostConfig deployDirectory
信息: Deployment of web application directory D:\developTool\apache-tomcat-7.0.56bak\webapps\solr has finished in 23,672 ms
十二月 29, 2017 2:05:18 下午 org.apache.coyote.AbstractProtocol start
信息: Starting ProtocolHandler ["http-apr-8080"]
十二月 29, 2017 2:05:18 下午 org.apache.coyote.AbstractProtocol start
信息: Starting ProtocolHandler ["ajp-apr-8009"]
十二月 29, 2017 2:05:18 下午 org.apache.catalina.startup.Catalina start
信息: Server startup in 24943 ms
十二月 29, 2017 2:15:11 下午 org.apache.catalina.core.AprLifecycleListener init
信息: Loaded APR based Apache Tomcat Native library 1.1.31 using APR version 1.4.8.
十二月 29, 2017 2:15:11 下午 org.apache.catalina.core.AprLifecycleListener init
信息: APR capabilities: IPv6 [true], sendfile [true], accept filters [false], random [true].
十二月 29, 2017 2:15:12 下午 org.apache.catalina.core.AprLifecycleListener initializeSSL
信息: OpenSSL successfully initialized (OpenSSL 1.0.1h 5 Jun 2014)
十二月 29, 2017 2:15:12 下午 org.apache.coyote.AbstractProtocol init
信息: Initializing ProtocolHandler ["http-apr-8080"]
十二月 29, 2017 2:15:12 下午 org.apache.coyote.AbstractProtocol init
信息: Initializing ProtocolHandler ["ajp-apr-8009"]
十二月 29, 2017 2:15:12 下午 org.apache.catalina.startup.Catalina load
信息: Initialization processed in 1435 ms
十二月 29, 2017 2:15:12 下午 org.apache.catalina.core.StandardService startInternal
信息: Starting service Catalina
十二月 29, 2017 2:15:12 下午 org.apache.catalina.core.StandardEngine startInternal
信息: Starting Servlet Engine: Apache Tomcat/7.0.56
十二月 29, 2017 2:15:12 下午 org.apache.catalina.startup.HostConfig deployDirectory
信息: Deploying web application directory D:\developTool\apache-tomcat-7.0.56bak\webapps\docs
十二月 29, 2017 2:15:13 下午 org.apache.catalina.util.SessionIdGenerator createSecureRandom
信息: Creation of SecureRandom instance for session ID generation using [SHA1PRNG] took [244] milliseconds.
十二月 29, 2017 2:15:13 下午 org.apache.catalina.startup.HostConfig deployDirectory
信息: Deployment of web application directory D:\developTool\apache-tomcat-7.0.56bak\webapps\docs has finished in 564 ms
十二月 29, 2017 2:15:13 下午 org.apache.catalina.startup.HostConfig deployDirectory
信息: Deploying web application directory D:\developTool\apache-tomcat-7.0.56bak\webapps\examples
十二月 29, 2017 2:15:13 下午 org.apache.catalina.startup.HostConfig deployDirectory
信息: Deployment of web application directory D:\developTool\apache-tomcat-7.0.56bak\webapps\examples has finished in 345 ms
十二月 29, 2017 2:15:13 下午 org.apache.catalina.startup.HostConfig deployDirectory
信息: Deploying web application directory D:\developTool\apache-tomcat-7.0.56bak\webapps\host-manager
十二月 29, 2017 2:15:13 下午 org.apache.catalina.startup.HostConfig deployDirectory
信息: Deployment of web application directory D:\developTool\apache-tomcat-7.0.56bak\webapps\host-manager has finished in 81 ms
十二月 29, 2017 2:15:13 下午 org.apache.catalina.startup.HostConfig deployDirectory
信息: Deploying web application directory D:\developTool\apache-tomcat-7.0.56bak\webapps\manager
十二月 29, 2017 2:15:13 下午 org.apache.catalina.startup.HostConfig deployDirectory
信息: Deployment of web application directory D:\developTool\apache-tomcat-7.0.56bak\webapps\manager has finished in 57 ms
十二月 29, 2017 2:15:13 下午 org.apache.catalina.startup.HostConfig deployDirectory
信息: Deploying web application directory D:\developTool\apache-tomcat-7.0.56bak\webapps\ROOT
十二月 29, 2017 2:15:13 下午 org.apache.catalina.startup.HostConfig deployDirectory
信息: Deployment of web application directory D:\developTool\apache-tomcat-7.0.56bak\webapps\ROOT has finished in 63 ms
十二月 29, 2017 2:15:13 下午 org.apache.catalina.startup.HostConfig deployDirectory
信息: Deploying web application directory D:\developTool\apache-tomcat-7.0.56bak\webapps\solr
十二月 29, 2017 2:15:37 下午 org.apache.catalina.startup.HostConfig deployDirectory
信息: Deployment of web application directory D:\developTool\apache-tomcat-7.0.56bak\webapps\solr has finished in 24,047 ms
十二月 29, 2017 2:15:37 下午 org.apache.coyote.AbstractProtocol start
信息: Starting ProtocolHandler ["http-apr-8080"]
十二月 29, 2017 2:15:37 下午 org.apache.coyote.AbstractProtocol start
信息: Starting ProtocolHandler ["ajp-apr-8009"]
十二月 29, 2017 2:15:37 下午 org.apache.catalina.startup.Catalina start
信息: Server startup in 25225 ms
十二月 29, 2017 2:18:52 下午 org.apache.catalina.core.AprLifecycleListener init
信息: Loaded APR based Apache Tomcat Native library 1.1.31 using APR version 1.4.8.
十二月 29, 2017 2:18:52 下午 org.apache.catalina.core.AprLifecycleListener init
信息: APR capabilities: IPv6 [true], sendfile [true], accept filters [false], random [true].
十二月 29, 2017 2:18:53 下午 org.apache.catalina.core.AprLifecycleListener initializeSSL
信息: OpenSSL successfully initialized (OpenSSL 1.0.1h 5 Jun 2014)
十二月 29, 2017 2:18:54 下午 org.apache.coyote.AbstractProtocol init
信息: Initializing ProtocolHandler ["http-apr-8080"]
十二月 29, 2017 2:18:54 下午 org.apache.coyote.AbstractProtocol init
信息: Initializing ProtocolHandler ["ajp-apr-8009"]
十二月 29, 2017 2:18:54 下午 org.apache.catalina.startup.Catalina load
信息: Initialization processed in 1431 ms
十二月 29, 2017 2:18:54 下午 org.apache.catalina.core.StandardService startInternal
信息: Starting service Catalina
十二月 29, 2017 2:18:54 下午 org.apache.catalina.core.StandardEngine startInternal
信息: Starting Servlet Engine: Apache Tomcat/7.0.56
十二月 29, 2017 2:18:54 下午 org.apache.catalina.startup.HostConfig deployDirectory
信息: Deploying web application directory D:\developTool\apache-tomcat-7.0.56bak\webapps\docs
十二月 29, 2017 2:18:54 下午 org.apache.catalina.util.SessionIdGenerator createSecureRandom
信息: Creation of SecureRandom instance for session ID generation using [SHA1PRNG] took [245] milliseconds.
十二月 29, 2017 2:18:54 下午 org.apache.catalina.startup.HostConfig deployDirectory
信息: Deployment of web application directory D:\developTool\apache-tomcat-7.0.56bak\webapps\docs has finished in 552 ms
十二月 29, 2017 2:18:54 下午 org.apache.catalina.startup.HostConfig deployDirectory
信息: Deploying web application directory D:\developTool\apache-tomcat-7.0.56bak\webapps\examples
十二月 29, 2017 2:18:55 下午 org.apache.catalina.startup.HostConfig deployDirectory
信息: Deployment of web application directory D:\developTool\apache-tomcat-7.0.56bak\webapps\examples has finished in 353 ms
十二月 29, 2017 2:18:55 下午 org.apache.catalina.startup.HostConfig deployDirectory
信息: Deploying web application directory D:\developTool\apache-tomcat-7.0.56bak\webapps\host-manager
十二月 29, 2017 2:18:55 下午 org.apache.catalina.startup.HostConfig deployDirectory
信息: Deployment of web application directory D:\developTool\apache-tomcat-7.0.56bak\webapps\host-manager has finished in 71 ms
十二月 29, 2017 2:18:55 下午 org.apache.catalina.startup.HostConfig deployDirectory
信息: Deploying web application directory D:\developTool\apache-tomcat-7.0.56bak\webapps\manager
十二月 29, 2017 2:18:55 下午 org.apache.catalina.startup.HostConfig deployDirectory
信息: Deployment of web application directory D:\developTool\apache-tomcat-7.0.56bak\webapps\manager has finished in 62 ms
十二月 29, 2017 2:18:55 下午 org.apache.catalina.startup.HostConfig deployDirectory
信息: Deploying web application directory D:\developTool\apache-tomcat-7.0.56bak\webapps\ROOT
十二月 29, 2017 2:18:55 下午 org.apache.catalina.startup.HostConfig deployDirectory
信息: Deployment of web application directory D:\developTool\apache-tomcat-7.0.56bak\webapps\ROOT has finished in 48 ms
十二月 29, 2017 2:18:55 下午 org.apache.catalina.startup.HostConfig deployDirectory
信息: Deploying web application directory D:\developTool\apache-tomcat-7.0.56bak\webapps\solr
十二月 29, 2017 2:19:18 下午 org.apache.catalina.startup.HostConfig deployDirectory
信息: Deployment of web application directory D:\developTool\apache-tomcat-7.0.56bak\webapps\solr has finished in 23,494 ms
十二月 29, 2017 2:19:18 下午 org.apache.coyote.AbstractProtocol start
信息: Starting ProtocolHandler ["http-apr-8080"]
十二月 29, 2017 2:19:18 下午 org.apache.coyote.AbstractProtocol start
信息: Starting ProtocolHandler ["ajp-apr-8009"]
十二月 29, 2017 2:19:18 下午 org.apache.catalina.startup.Catalina start
信息: Server startup in 24654 ms
十二月 29, 2017 2:20:37 下午 org.apache.catalina.core.AprLifecycleListener init
信息: Loaded APR based Apache Tomcat Native library 1.1.31 using APR version 1.4.8.
十二月 29, 2017 2:20:37 下午 org.apache.catalina.core.AprLifecycleListener init
信息: APR capabilities: IPv6 [true], sendfile [true], accept filters [false], random [true].
十二月 29, 2017 2:20:38 下午 org.apache.catalina.core.AprLifecycleListener initializeSSL
信息: OpenSSL successfully initialized (OpenSSL 1.0.1h 5 Jun 2014)
十二月 29, 2017 2:20:39 下午 org.apache.coyote.AbstractProtocol init
信息: Initializing ProtocolHandler ["http-apr-8080"]
十二月 29, 2017 2:20:39 下午 org.apache.coyote.AbstractProtocol init
信息: Initializing ProtocolHandler ["ajp-apr-8009"]
十二月 29, 2017 2:20:39 下午 org.apache.catalina.startup.Catalina load
信息: Initialization processed in 1467 ms
十二月 29, 2017 2:20:39 下午 org.apache.catalina.core.StandardService startInternal
信息: Starting service Catalina
十二月 29, 2017 2:20:39 下午 org.apache.catalina.core.StandardEngine startInternal
信息: Starting Servlet Engine: Apache Tomcat/7.0.56
十二月 29, 2017 2:20:39 下午 org.apache.catalina.startup.HostConfig deployDirectory
信息: Deploying web application directory D:\developTool\apache-tomcat-7.0.56bak\webapps\docs
十二月 29, 2017 2:20:39 下午 org.apache.catalina.util.SessionIdGenerator createSecureRandom
信息: Creation of SecureRandom instance for session ID generation using [SHA1PRNG] took [229] milliseconds.
十二月 29, 2017 2:20:39 下午 org.apache.catalina.startup.HostConfig deployDirectory
信息: Deployment of web application directory D:\developTool\apache-tomcat-7.0.56bak\webapps\docs has finished in 519 ms
十二月 29, 2017 2:20:39 下午 org.apache.catalina.startup.HostConfig deployDirectory
信息: Deploying web application directory D:\developTool\apache-tomcat-7.0.56bak\webapps\examples
十二月 29, 2017 2:20:40 下午 org.apache.catalina.startup.HostConfig deployDirectory
信息: Deployment of web application directory D:\developTool\apache-tomcat-7.0.56bak\webapps\examples has finished in 358 ms
十二月 29, 2017 2:20:40 下午 org.apache.catalina.startup.HostConfig deployDirectory
信息: Deploying web application directory D:\developTool\apache-tomcat-7.0.56bak\webapps\host-manager
十二月 29, 2017 2:20:40 下午 org.apache.catalina.startup.HostConfig deployDirectory
信息: Deployment of web application directory D:\developTool\apache-tomcat-7.0.56bak\webapps\host-manager has finished in 85 ms
十二月 29, 2017 2:20:40 下午 org.apache.catalina.startup.HostConfig deployDirectory
信息: Deploying web application directory D:\developTool\apache-tomcat-7.0.56bak\webapps\manager
十二月 29, 2017 2:20:40 下午 org.apache.catalina.startup.HostConfig deployDirectory
信息: Deployment of web application directory D:\developTool\apache-tomcat-7.0.56bak\webapps\manager has finished in 61 ms
十二月 29, 2017 2:20:40 下午 org.apache.catalina.startup.HostConfig deployDirectory
信息: Deploying web application directory D:\developTool\apache-tomcat-7.0.56bak\webapps\ROOT
十二月 29, 2017 2:20:40 下午 org.apache.catalina.startup.HostConfig deployDirectory
信息: Deployment of web application directory D:\developTool\apache-tomcat-7.0.56bak\webapps\ROOT has finished in 51 ms
十二月 29, 2017 2:20:40 下午 org.apache.catalina.startup.HostConfig deployDirectory
信息: Deploying web application directory D:\developTool\apache-tomcat-7.0.56bak\webapps\solr
十二月 29, 2017 2:21:03 下午 org.apache.catalina.startup.HostConfig deployDirectory
信息: Deployment of web application directory D:\developTool\apache-tomcat-7.0.56bak\webapps\solr has finished in 23,284 ms
十二月 29, 2017 2:21:03 下午 org.apache.coyote.AbstractProtocol start
信息: Starting ProtocolHandler ["http-apr-8080"]
十二月 29, 2017 2:21:03 下午 org.apache.coyote.AbstractProtocol start
信息: Starting ProtocolHandler ["ajp-apr-8009"]
十二月 29, 2017 2:21:03 下午 org.apache.catalina.startup.Catalina start
信息: Server startup in 24435 ms
十二月 29, 2017 2:28:03 下午 org.apache.catalina.core.AprLifecycleListener init
信息: Loaded APR based Apache Tomcat Native library 1.1.31 using APR version 1.4.8.
十二月 29, 2017 2:28:03 下午 org.apache.catalina.core.AprLifecycleListener init
信息: APR capabilities: IPv6 [true], sendfile [true], accept filters [false], random [true].
十二月 29, 2017 2:28:04 下午 org.apache.catalina.core.AprLifecycleListener initializeSSL
信息: OpenSSL successfully initialized (OpenSSL 1.0.1h 5 Jun 2014)
十二月 29, 2017 2:28:04 下午 org.apache.coyote.AbstractProtocol init
信息: Initializing ProtocolHandler ["http-apr-8080"]
十二月 29, 2017 2:28:04 下午 org.apache.coyote.AbstractProtocol init
信息: Initializing ProtocolHandler ["ajp-apr-8009"]
十二月 29, 2017 2:28:04 下午 org.apache.catalina.startup.Catalina load
信息: Initialization processed in 1575 ms
十二月 29, 2017 2:28:04 下午 org.apache.catalina.core.StandardService startInternal
信息: Starting service Catalina
十二月 29, 2017 2:28:04 下午 org.apache.catalina.core.StandardEngine startInternal
信息: Starting Servlet Engine: Apache Tomcat/7.0.56
十二月 29, 2017 2:28:04 下午 org.apache.catalina.startup.HostConfig deployDirectory
信息: Deploying web application directory D:\developTool\apache-tomcat-7.0.56bak\webapps\docs
十二月 29, 2017 2:28:04 下午 org.apache.catalina.util.SessionIdGenerator createSecureRandom
信息: Creation of SecureRandom instance for session ID generation using [SHA1PRNG] took [224] milliseconds.
十二月 29, 2017 2:28:04 下午 org.apache.catalina.startup.HostConfig deployDirectory
信息: Deployment of web application directory D:\developTool\apache-tomcat-7.0.56bak\webapps\docs has finished in 543 ms
十二月 29, 2017 2:28:05 下午 org.apache.catalina.startup.HostConfig deployDirectory
信息: Deploying web application directory D:\developTool\apache-tomcat-7.0.56bak\webapps\examples
十二月 29, 2017 2:28:05 下午 org.apache.catalina.startup.HostConfig deployDirectory
信息: Deployment of web application directory D:\developTool\apache-tomcat-7.0.56bak\webapps\examples has finished in 347 ms
十二月 29, 2017 2:28:05 下午 org.apache.catalina.startup.HostConfig deployDirectory
信息: Deploying web application directory D:\developTool\apache-tomcat-7.0.56bak\webapps\host-manager
十二月 29, 2017 2:28:05 下午 org.apache.catalina.startup.HostConfig deployDirectory
信息: Deployment of web application directory D:\developTool\apache-tomcat-7.0.56bak\webapps\host-manager has finished in 67 ms
十二月 29, 2017 2:28:05 下午 org.apache.catalina.startup.HostConfig deployDirectory
信息: Deploying web application directory D:\developTool\apache-tomcat-7.0.56bak\webapps\manager
十二月 29, 2017 2:28:05 下午 org.apache.catalina.startup.HostConfig deployDirectory
信息: Deployment of web application directory D:\developTool\apache-tomcat-7.0.56bak\webapps\manager has finished in 63 ms
十二月 29, 2017 2:28:05 下午 org.apache.catalina.startup.HostConfig deployDirectory
信息: Deploying web application directory D:\developTool\apache-tomcat-7.0.56bak\webapps\ROOT
十二月 29, 2017 2:28:05 下午 org.apache.catalina.startup.HostConfig deployDirectory
信息: Deployment of web application directory D:\developTool\apache-tomcat-7.0.56bak\webapps\ROOT has finished in 49 ms
十二月 29, 2017 2:28:05 下午 org.apache.catalina.startup.HostConfig deployDirectory
信息: Deploying web application directory D:\developTool\apache-tomcat-7.0.56bak\webapps\solr
十二月 29, 2017 2:28:29 下午 org.apache.catalina.startup.HostConfig deployDirectory
信息: Deployment of web application directory D:\developTool\apache-tomcat-7.0.56bak\webapps\solr has finished in 23,839 ms
十二月 29, 2017 2:28:29 下午 org.apache.coyote.AbstractProtocol start
信息: Starting ProtocolHandler ["http-apr-8080"]
十二月 29, 2017 2:28:29 下午 org.apache.coyote.AbstractProtocol start
信息: Starting ProtocolHandler ["ajp-apr-8009"]
十二月 29, 2017 2:28:29 下午 org.apache.catalina.startup.Catalina start
信息: Server startup in 24979 ms
十二月 29, 2017 3:24:47 下午 org.apache.coyote.AbstractProtocol pause
信息: Pausing ProtocolHandler ["http-apr-8080"]
十二月 29, 2017 3:24:47 下午 org.apache.coyote.AbstractProtocol pause
信息: Pausing ProtocolHandler ["ajp-apr-8009"]
十二月 29, 2017 3:24:47 下午 org.apache.catalina.core.StandardService stopInternal
信息: Stopping service Catalina
十二月 29, 2017 3:24:48 下午 org.apache.catalina.loader.WebappClassLoader checkThreadLocalMapForLeaks
严重: The web application [/solr] created a ThreadLocal with key of type [org.apache.solr.schema.DateField.ThreadLocalDateFormat] (value [org.apache.solr.schema.DateField$ThreadLocalDateFormat@61d200d4]) and a value of type [org.apache.solr.schema.DateField.ISO8601CanonicalDateFormat] (value [org.apache.solr.schema.DateField$ISO8601CanonicalDateFormat@6b2ed43a]) but failed to remove it when the web application was stopped. Threads are going to be renewed over time to try and avoid a probable memory leak.
十二月 29, 2017 3:24:48 下午 org.apache.catalina.loader.WebappClassLoader checkThreadLocalMapForLeaks
严重: The web application [/solr] created a ThreadLocal with key of type [org.apache.solr.schema.DateField.ThreadLocalDateFormat] (value [org.apache.solr.schema.DateField$ThreadLocalDateFormat@61d200d4]) and a value of type [org.apache.solr.schema.DateField.ISO8601CanonicalDateFormat] (value [org.apache.solr.schema.DateField$ISO8601CanonicalDateFormat@6b2ed43a]) but failed to remove it when the web application was stopped. Threads are going to be renewed over time to try and avoid a probable memory leak.
十二月 29, 2017 3:24:48 下午 org.apache.catalina.loader.WebappClassLoader checkThreadLocalMapForLeaks
严重: The web application [/solr] created a ThreadLocal with key of type [org.apache.solr.schema.DateField.ThreadLocalDateFormat] (value [org.apache.solr.schema.DateField$ThreadLocalDateFormat@61d200d4]) and a value of type [org.apache.solr.schema.DateField.ISO8601CanonicalDateFormat] (value [org.apache.solr.schema.DateField$ISO8601CanonicalDateFormat@6b2ed43a]) but failed to remove it when the web application was stopped. Threads are going to be renewed over time to try and avoid a probable memory leak.
十二月 29, 2017 3:24:48 下午 org.apache.catalina.loader.WebappClassLoader checkThreadLocalMapForLeaks
严重: The web application [/solr] created a ThreadLocal with key of type [org.apache.solr.schema.DateField.ThreadLocalDateFormat] (value [org.apache.solr.schema.DateField$ThreadLocalDateFormat@61d200d4]) and a value of type [org.apache.solr.schema.DateField.ISO8601CanonicalDateFormat] (value [org.apache.solr.schema.DateField$ISO8601CanonicalDateFormat@6b2ed43a]) but failed to remove it when the web application was stopped. Threads are going to be renewed over time to try and avoid a probable memory leak.
十二月 29, 2017 3:24:49 下午 org.apache.catalina.loader.WebappClassLoader checkThreadLocalMapForLeaks
严重: The web application [/solr] created a ThreadLocal with key of type [org.apache.solr.schema.DateField.ThreadLocalDateFormat] (value [org.apache.solr.schema.DateField$ThreadLocalDateFormat@61d200d4]) and a value of type [org.apache.solr.schema.DateField.ISO8601CanonicalDateFormat] (value [org.apache.solr.schema.DateField$ISO8601CanonicalDateFormat@6b2ed43a]) but failed to remove it when the web application was stopped. Threads are going to be renewed over time to try and avoid a probable memory leak.
十二月 29, 2017 3:24:49 下午 org.apache.catalina.loader.WebappClassLoader checkThreadLocalMapForLeaks
严重: The web application [/solr] created a ThreadLocal with key of type [org.apache.solr.schema.DateField.ThreadLocalDateFormat] (value [org.apache.solr.schema.DateField$ThreadLocalDateFormat@61d200d4]) and a value of type [org.apache.solr.schema.DateField.ISO8601CanonicalDateFormat] (value [org.apache.solr.schema.DateField$ISO8601CanonicalDateFormat@6b2ed43a]) but failed to remove it when the web application was stopped. Threads are going to be renewed over time to try and avoid a probable memory leak.
十二月 29, 2017 3:24:49 下午 org.apache.coyote.AbstractProtocol stop
信息: Stopping ProtocolHandler ["http-apr-8080"]
十二月 29, 2017 3:24:49 下午 org.apache.coyote.AbstractProtocol stop
信息: Stopping ProtocolHandler ["ajp-apr-8009"]
十二月 29, 2017 3:24:49 下午 org.apache.coyote.AbstractProtocol destroy
信息: Destroying ProtocolHandler ["http-apr-8080"]
十二月 29, 2017 3:24:49 下午 org.apache.coyote.AbstractProtocol destroy
信息: Destroying ProtocolHandler ["ajp-apr-8009"]
十二月 29, 2017 3:25:10 下午 org.apache.catalina.core.AprLifecycleListener init
信息: Loaded APR based Apache Tomcat Native library 1.1.31 using APR version 1.4.8.
十二月 29, 2017 3:25:10 下午 org.apache.catalina.core.AprLifecycleListener init
信息: APR capabilities: IPv6 [true], sendfile [true], accept filters [false], random [true].
十二月 29, 2017 3:25:11 下午 org.apache.catalina.core.AprLifecycleListener initializeSSL
信息: OpenSSL successfully initialized (OpenSSL 1.0.1h 5 Jun 2014)
十二月 29, 2017 3:25:12 下午 org.apache.coyote.AbstractProtocol init
信息: Initializing ProtocolHandler ["http-apr-8080"]
十二月 29, 2017 3:25:12 下午 org.apache.coyote.AbstractProtocol init
信息: Initializing ProtocolHandler ["ajp-apr-8009"]
十二月 29, 2017 3:25:12 下午 org.apache.catalina.startup.Catalina load
信息: Initialization processed in 3599 ms
十二月 29, 2017 3:25:12 下午 org.apache.catalina.core.StandardService startInternal
信息: Starting service Catalina
十二月 29, 2017 3:25:12 下午 org.apache.catalina.core.StandardEngine startInternal
信息: Starting Servlet Engine: Apache Tomcat/7.0.56
十二月 29, 2017 3:25:12 下午 org.apache.catalina.startup.HostConfig deployDirectory
信息: Deploying web application directory D:\developTool\apache-tomcat-7.0.56bak\webapps\docs
十二月 29, 2017 3:25:13 下午 org.apache.catalina.util.SessionIdGenerator createSecureRandom
信息: Creation of SecureRandom instance for session ID generation using [SHA1PRNG] took [374] milliseconds.
十二月 29, 2017 3:25:13 下午 org.apache.catalina.startup.HostConfig deployDirectory
信息: Deployment of web application directory D:\developTool\apache-tomcat-7.0.56bak\webapps\docs has finished in 984 ms
十二月 29, 2017 3:25:13 下午 org.apache.catalina.startup.HostConfig deployDirectory
信息: Deploying web application directory D:\developTool\apache-tomcat-7.0.56bak\webapps\examples
十二月 29, 2017 3:25:14 下午 org.apache.catalina.startup.HostConfig deployDirectory
信息: Deployment of web application directory D:\developTool\apache-tomcat-7.0.56bak\webapps\examples has finished in 686 ms
十二月 29, 2017 3:25:14 下午 org.apache.catalina.startup.HostConfig deployDirectory
信息: Deploying web application directory D:\developTool\apache-tomcat-7.0.56bak\webapps\host-manager
十二月 29, 2017 3:25:14 下午 org.apache.catalina.startup.HostConfig deployDirectory
信息: Deployment of web application directory D:\developTool\apache-tomcat-7.0.56bak\webapps\host-manager has finished in 165 ms
十二月 29, 2017 3:25:14 下午 org.apache.catalina.startup.HostConfig deployDirectory
信息: Deploying web application directory D:\developTool\apache-tomcat-7.0.56bak\webapps\manager
十二月 29, 2017 3:25:14 下午 org.apache.catalina.startup.HostConfig deployDirectory
信息: Deployment of web application directory D:\developTool\apache-tomcat-7.0.56bak\webapps\manager has finished in 175 ms
十二月 29, 2017 3:25:14 下午 org.apache.catalina.startup.HostConfig deployDirectory
信息: Deploying web application directory D:\developTool\apache-tomcat-7.0.56bak\webapps\ROOT
十二月 29, 2017 3:25:14 下午 org.apache.catalina.startup.HostConfig deployDirectory
信息: Deployment of web application directory D:\developTool\apache-tomcat-7.0.56bak\webapps\ROOT has finished in 90 ms
十二月 29, 2017 3:25:14 下午 org.apache.catalina.startup.HostConfig deployDirectory
信息: Deploying web application directory D:\developTool\apache-tomcat-7.0.56bak\webapps\solr
十二月 29, 2017 3:25:44 下午 org.apache.catalina.startup.HostConfig deployDirectory
信息: Deployment of web application directory D:\developTool\apache-tomcat-7.0.56bak\webapps\solr has finished in 29,268 ms
十二月 29, 2017 3:25:44 下午 org.apache.coyote.AbstractProtocol start
信息: Starting ProtocolHandler ["http-apr-8080"]
十二月 29, 2017 3:25:44 下午 org.apache.coyote.AbstractProtocol start
信息: Starting ProtocolHandler ["ajp-apr-8009"]
十二月 29, 2017 3:25:44 下午 org.apache.catalina.startup.Catalina start
信息: Server startup in 31525 ms
十二月 29, 2017 3:30:48 下午 org.apache.catalina.core.AprLifecycleListener init
信息: Loaded APR based Apache Tomcat Native library 1.1.31 using APR version 1.4.8.
十二月 29, 2017 3:30:48 下午 org.apache.catalina.core.AprLifecycleListener init
信息: APR capabilities: IPv6 [true], sendfile [true], accept filters [false], random [true].
十二月 29, 2017 3:30:49 下午 org.apache.catalina.core.AprLifecycleListener initializeSSL
信息: OpenSSL successfully initialized (OpenSSL 1.0.1h 5 Jun 2014)
十二月 29, 2017 3:30:49 下午 org.apache.coyote.AbstractProtocol init
信息: Initializing ProtocolHandler ["http-apr-8080"]
十二月 29, 2017 3:30:49 下午 org.apache.coyote.AbstractProtocol init
信息: Initializing ProtocolHandler ["ajp-apr-8009"]
十二月 29, 2017 3:30:49 下午 org.apache.catalina.startup.Catalina load
信息: Initialization processed in 1434 ms
十二月 29, 2017 3:30:49 下午 org.apache.catalina.core.StandardService startInternal
信息: Starting service Catalina
十二月 29, 2017 3:30:49 下午 org.apache.catalina.core.StandardEngine startInternal
信息: Starting Servlet Engine: Apache Tomcat/7.0.56
十二月 29, 2017 3:30:49 下午 org.apache.catalina.startup.HostConfig deployDirectory
信息: Deploying web application directory D:\developTool\apache-tomcat-7.0.56bak\webapps\docs
十二月 29, 2017 3:30:50 下午 org.apache.catalina.util.SessionIdGenerator createSecureRandom
信息: Creation of SecureRandom instance for session ID generation using [SHA1PRNG] took [246] milliseconds.
十二月 29, 2017 3:30:50 下午 org.apache.catalina.startup.HostConfig deployDirectory
信息: Deployment of web application directory D:\developTool\apache-tomcat-7.0.56bak\webapps\docs has finished in 552 ms
十二月 29, 2017 3:30:50 下午 org.apache.catalina.startup.HostConfig deployDirectory
信息: Deploying web application directory D:\developTool\apache-tomcat-7.0.56bak\webapps\examples
十二月 29, 2017 3:30:50 下午 org.apache.catalina.startup.HostConfig deployDirectory
信息: Deployment of web application directory D:\developTool\apache-tomcat-7.0.56bak\webapps\examples has finished in 349 ms
十二月 29, 2017 3:30:50 下午 org.apache.catalina.startup.HostConfig deployDirectory
信息: Deploying web application directory D:\developTool\apache-tomcat-7.0.56bak\webapps\host-manager
十二月 29, 2017 3:30:50 下午 org.apache.catalina.startup.HostConfig deployDirectory
信息: Deployment of web application directory D:\developTool\apache-tomcat-7.0.56bak\webapps\host-manager has finished in 66 ms
十二月 29, 2017 3:30:50 下午 org.apache.catalina.startup.HostConfig deployDirectory
信息: Deploying web application directory D:\developTool\apache-tomcat-7.0.56bak\webapps\manager
十二月 29, 2017 3:30:50 下午 org.apache.catalina.startup.HostConfig deployDirectory
信息: Deployment of web application directory D:\developTool\apache-tomcat-7.0.56bak\webapps\manager has finished in 59 ms
十二月 29, 2017 3:30:50 下午 org.apache.catalina.startup.HostConfig deployDirectory
信息: Deploying web application directory D:\developTool\apache-tomcat-7.0.56bak\webapps\ROOT
十二月 29, 2017 3:30:50 下午 org.apache.catalina.startup.HostConfig deployDirectory
信息: Deployment of web application directory D:\developTool\apache-tomcat-7.0.56bak\webapps\ROOT has finished in 55 ms
十二月 29, 2017 3:30:50 下午 org.apache.catalina.startup.HostConfig deployDirectory
信息: Deploying web application directory D:\developTool\apache-tomcat-7.0.56bak\webapps\solr
十二月 29, 2017 3:31:15 下午 org.apache.catalina.startup.HostConfig deployDirectory
信息: Deployment of web application directory D:\developTool\apache-tomcat-7.0.56bak\webapps\solr has finished in 24,131 ms
十二月 29, 2017 3:31:15 下午 org.apache.coyote.AbstractProtocol start
信息: Starting ProtocolHandler ["http-apr-8080"]
十二月 29, 2017 3:31:15 下午 org.apache.coyote.AbstractProtocol start
信息: Starting ProtocolHandler ["ajp-apr-8009"]
十二月 29, 2017 3:31:15 下午 org.apache.catalina.startup.Catalina start
信息: Server startup in 25279 ms
十二月 29, 2017 3:34:38 下午 org.apache.catalina.core.AprLifecycleListener init
信息: Loaded APR based Apache Tomcat Native library 1.1.31 using APR version 1.4.8.
十二月 29, 2017 3:34:38 下午 org.apache.catalina.core.AprLifecycleListener init
信息: APR capabilities: IPv6 [true], sendfile [true], accept filters [false], random [true].
十二月 29, 2017 3:34:39 下午 org.apache.catalina.core.AprLifecycleListener initializeSSL
信息: OpenSSL successfully initialized (OpenSSL 1.0.1h 5 Jun 2014)
十二月 29, 2017 3:34:39 下午 org.apache.coyote.AbstractProtocol init
信息: Initializing ProtocolHandler ["http-apr-8080"]
十二月 29, 2017 3:34:39 下午 org.apache.coyote.AbstractProtocol init
信息: Initializing ProtocolHandler ["ajp-apr-8009"]
十二月 29, 2017 3:34:39 下午 org.apache.catalina.startup.Catalina load
信息: Initialization processed in 1596 ms
十二月 29, 2017 3:34:39 下午 org.apache.catalina.core.StandardService startInternal
信息: Starting service Catalina
十二月 29, 2017 3:34:39 下午 org.apache.catalina.core.StandardEngine startInternal
信息: Starting Servlet Engine: Apache Tomcat/7.0.56
十二月 29, 2017 3:34:39 下午 org.apache.catalina.startup.HostConfig deployDirectory
信息: Deploying web application directory D:\developTool\apache-tomcat-7.0.56bak\webapps\docs
十二月 29, 2017 3:34:40 下午 org.apache.catalina.util.SessionIdGenerator createSecureRandom
信息: Creation of SecureRandom instance for session ID generation using [SHA1PRNG] took [256] milliseconds.
十二月 29, 2017 3:34:40 下午 org.apache.catalina.startup.HostConfig deployDirectory
信息: Deployment of web application directory D:\developTool\apache-tomcat-7.0.56bak\webapps\docs has finished in 567 ms
十二月 29, 2017 3:34:40 下午 org.apache.catalina.startup.HostConfig deployDirectory
信息: Deploying web application directory D:\developTool\apache-tomcat-7.0.56bak\webapps\examples
十二月 29, 2017 3:34:40 下午 org.apache.catalina.startup.HostConfig deployDirectory
信息: Deployment of web application directory D:\developTool\apache-tomcat-7.0.56bak\webapps\examples has finished in 354 ms
十二月 29, 2017 3:34:40 下午 org.apache.catalina.startup.HostConfig deployDirectory
信息: Deploying web application directory D:\developTool\apache-tomcat-7.0.56bak\webapps\host-manager
十二月 29, 2017 3:34:40 下午 org.apache.catalina.startup.HostConfig deployDirectory
信息: Deployment of web application directory D:\developTool\apache-tomcat-7.0.56bak\webapps\host-manager has finished in 72 ms
十二月 29, 2017 3:34:40 下午 org.apache.catalina.startup.HostConfig deployDirectory
信息: Deploying web application directory D:\developTool\apache-tomcat-7.0.56bak\webapps\manager
十二月 29, 2017 3:34:40 下午 org.apache.catalina.startup.HostConfig deployDirectory
信息: Deployment of web application directory D:\developTool\apache-tomcat-7.0.56bak\webapps\manager has finished in 58 ms
十二月 29, 2017 3:34:40 下午 org.apache.catalina.startup.HostConfig deployDirectory
信息: Deploying web application directory D:\developTool\apache-tomcat-7.0.56bak\webapps\ROOT
十二月 29, 2017 3:34:40 下午 org.apache.catalina.startup.HostConfig deployDirectory
信息: Deployment of web application directory D:\developTool\apache-tomcat-7.0.56bak\webapps\ROOT has finished in 57 ms
十二月 29, 2017 3:34:40 下午 org.apache.catalina.startup.HostConfig deployDirectory
信息: Deploying web application directory D:\developTool\apache-tomcat-7.0.56bak\webapps\solr
十二月 29, 2017 3:35:05 下午 org.apache.catalina.startup.HostConfig deployDirectory
信息: Deployment of web application directory D:\developTool\apache-tomcat-7.0.56bak\webapps\solr has finished in 24,127 ms
十二月 29, 2017 3:35:05 下午 org.apache.coyote.AbstractProtocol start
信息: Starting ProtocolHandler ["http-apr-8080"]
十二月 29, 2017 3:35:05 下午 org.apache.coyote.AbstractProtocol start
信息: Starting ProtocolHandler ["ajp-apr-8009"]
十二月 29, 2017 3:35:05 下午 org.apache.catalina.startup.Catalina start
信息: Server startup in 25315 ms
十二月 29, 2017 5:00:47 下午 org.apache.catalina.core.AprLifecycleListener init
信息: Loaded APR based Apache Tomcat Native library 1.1.31 using APR version 1.4.8.
十二月 29, 2017 5:00:47 下午 org.apache.catalina.core.AprLifecycleListener init
信息: APR capabilities: IPv6 [true], sendfile [true], accept filters [false], random [true].
十二月 29, 2017 5:00:48 下午 org.apache.catalina.core.AprLifecycleListener initializeSSL
信息: OpenSSL successfully initialized (OpenSSL 1.0.1h 5 Jun 2014)
十二月 29, 2017 5:00:49 下午 org.apache.coyote.AbstractProtocol init
信息: Initializing ProtocolHandler ["http-apr-8080"]
十二月 29, 2017 5:00:49 下午 org.apache.coyote.AbstractProtocol init
信息: Initializing ProtocolHandler ["ajp-apr-8009"]
十二月 29, 2017 5:00:49 下午 org.apache.catalina.startup.Catalina load
信息: Initialization processed in 2983 ms
十二月 29, 2017 5:00:49 下午 org.apache.catalina.core.StandardService startInternal
信息: Starting service Catalina
十二月 29, 2017 5:00:49 下午 org.apache.catalina.core.StandardEngine startInternal
信息: Starting Servlet Engine: Apache Tomcat/7.0.56
十二月 29, 2017 5:00:49 下午 org.apache.catalina.startup.HostConfig deployDirectory
信息: Deploying web application directory D:\developTool\apache-tomcat-7.0.56bak\webapps\docs
十二月 29, 2017 5:00:50 下午 org.apache.catalina.util.SessionIdGenerator createSecureRandom
信息: Creation of SecureRandom instance for session ID generation using [SHA1PRNG] took [336] milliseconds.
十二月 29, 2017 5:00:50 下午 org.apache.catalina.startup.HostConfig deployDirectory
信息: Deployment of web application directory D:\developTool\apache-tomcat-7.0.56bak\webapps\docs has finished in 951 ms
十二月 29, 2017 5:00:50 下午 org.apache.catalina.startup.HostConfig deployDirectory
信息: Deploying web application directory D:\developTool\apache-tomcat-7.0.56bak\webapps\examples
十二月 29, 2017 5:00:51 下午 org.apache.catalina.startup.HostConfig deployDirectory
信息: Deployment of web application directory D:\developTool\apache-tomcat-7.0.56bak\webapps\examples has finished in 648 ms
十二月 29, 2017 5:00:51 下午 org.apache.catalina.startup.HostConfig deployDirectory
信息: Deploying web application directory D:\developTool\apache-tomcat-7.0.56bak\webapps\host-manager
十二月 29, 2017 5:00:51 下午 org.apache.catalina.startup.HostConfig deployDirectory
信息: Deployment of web application directory D:\developTool\apache-tomcat-7.0.56bak\webapps\host-manager has finished in 124 ms
十二月 29, 2017 5:00:51 下午 org.apache.catalina.startup.HostConfig deployDirectory
信息: Deploying web application directory D:\developTool\apache-tomcat-7.0.56bak\webapps\manager
十二月 29, 2017 5:00:51 下午 org.apache.catalina.startup.HostConfig deployDirectory
信息: Deployment of web application directory D:\developTool\apache-tomcat-7.0.56bak\webapps\manager has finished in 71 ms
十二月 29, 2017 5:00:51 下午 org.apache.catalina.startup.HostConfig deployDirectory
信息: Deploying web application directory D:\developTool\apache-tomcat-7.0.56bak\webapps\ROOT
十二月 29, 2017 5:00:51 下午 org.apache.catalina.startup.HostConfig deployDirectory
信息: Deployment of web application directory D:\developTool\apache-tomcat-7.0.56bak\webapps\ROOT has finished in 56 ms
十二月 29, 2017 5:00:51 下午 org.apache.catalina.startup.HostConfig deployDirectory
信息: Deploying web application directory D:\developTool\apache-tomcat-7.0.56bak\webapps\solr
十二月 29, 2017 5:01:18 下午 org.apache.catalina.startup.HostConfig deployDirectory
信息: Deployment of web application directory D:\developTool\apache-tomcat-7.0.56bak\webapps\solr has finished in 27,255 ms
十二月 29, 2017 5:01:18 下午 org.apache.coyote.AbstractProtocol start
信息: Starting ProtocolHandler ["http-apr-8080"]
十二月 29, 2017 5:01:18 下午 org.apache.coyote.AbstractProtocol start
信息: Starting ProtocolHandler ["ajp-apr-8009"]
十二月 29, 2017 5:01:18 下午 org.apache.catalina.startup.Catalina start
信息: Server startup in 29287 ms
十二月 29, 2017 5:03:09 下午 org.apache.catalina.core.AprLifecycleListener init
信息: Loaded APR based Apache Tomcat Native library 1.1.31 using APR version 1.4.8.
十二月 29, 2017 5:03:09 下午 org.apache.catalina.core.AprLifecycleListener init
信息: APR capabilities: IPv6 [true], sendfile [true], accept filters [false], random [true].
十二月 29, 2017 5:03:10 下午 org.apache.catalina.core.AprLifecycleListener initializeSSL
信息: OpenSSL successfully initialized (OpenSSL 1.0.1h 5 Jun 2014)
十二月 29, 2017 5:03:10 下午 org.apache.coyote.AbstractProtocol init
信息: Initializing ProtocolHandler ["http-apr-8080"]
十二月 29, 2017 5:03:10 下午 org.apache.coyote.AbstractProtocol init
信息: Initializing ProtocolHandler ["ajp-apr-8009"]
十二月 29, 2017 5:03:10 下午 org.apache.catalina.startup.Catalina load
信息: Initialization processed in 1405 ms
十二月 29, 2017 5:03:10 下午 org.apache.catalina.core.StandardService startInternal
信息: Starting service Catalina
十二月 29, 2017 5:03:10 下午 org.apache.catalina.core.StandardEngine startInternal
信息: Starting Servlet Engine: Apache Tomcat/7.0.56
十二月 29, 2017 5:03:10 下午 org.apache.catalina.startup.HostConfig deployDirectory
信息: Deploying web application directory D:\developTool\apache-tomcat-7.0.56bak\webapps\docs
十二月 29, 2017 5:03:11 下午 org.apache.catalina.util.SessionIdGenerator createSecureRandom
信息: Creation of SecureRandom instance for session ID generation using [SHA1PRNG] took [232] milliseconds.
十二月 29, 2017 5:03:11 下午 org.apache.catalina.startup.HostConfig deployDirectory
信息: Deployment of web application directory D:\developTool\apache-tomcat-7.0.56bak\webapps\docs has finished in 558 ms
十二月 29, 2017 5:03:11 下午 org.apache.catalina.startup.HostConfig deployDirectory
信息: Deploying web application directory D:\developTool\apache-tomcat-7.0.56bak\webapps\examples
十二月 29, 2017 5:03:11 下午 org.apache.catalina.startup.HostConfig deployDirectory
信息: Deployment of web application directory D:\developTool\apache-tomcat-7.0.56bak\webapps\examples has finished in 405 ms
十二月 29, 2017 5:03:11 下午 org.apache.catalina.startup.HostConfig deployDirectory
信息: Deploying web application directory D:\developTool\apache-tomcat-7.0.56bak\webapps\host-manager
十二月 29, 2017 5:03:11 下午 org.apache.catalina.startup.HostConfig deployDirectory
信息: Deployment of web application directory D:\developTool\apache-tomcat-7.0.56bak\webapps\host-manager has finished in 81 ms
十二月 29, 2017 5:03:11 下午 org.apache.catalina.startup.HostConfig deployDirectory
信息: Deploying web application directory D:\developTool\apache-tomcat-7.0.56bak\webapps\manager
十二月 29, 2017 5:03:11 下午 org.apache.catalina.startup.HostConfig deployDirectory
信息: Deployment of web application directory D:\developTool\apache-tomcat-7.0.56bak\webapps\manager has finished in 83 ms
十二月 29, 2017 5:03:11 下午 org.apache.catalina.startup.HostConfig deployDirectory
信息: Deploying web application directory D:\developTool\apache-tomcat-7.0.56bak\webapps\ROOT
十二月 29, 2017 5:03:11 下午 org.apache.catalina.startup.HostConfig deployDirectory
信息: Deployment of web application directory D:\developTool\apache-tomcat-7.0.56bak\webapps\ROOT has finished in 61 ms
十二月 29, 2017 5:03:11 下午 org.apache.catalina.startup.HostConfig deployDirectory
信息: Deploying web application directory D:\developTool\apache-tomcat-7.0.56bak\webapps\solr
十二月 29, 2017 5:03:36 下午 org.apache.catalina.startup.HostConfig deployDirectory
信息: Deployment of web application directory D:\developTool\apache-tomcat-7.0.56bak\webapps\solr has finished in 24,189 ms
十二月 29, 2017 5:03:36 下午 org.apache.coyote.AbstractProtocol start
信息: Starting ProtocolHandler ["http-apr-8080"]
十二月 29, 2017 5:03:36 下午 org.apache.coyote.AbstractProtocol start
信息: Starting ProtocolHandler ["ajp-apr-8009"]
十二月 29, 2017 5:03:36 下午 org.apache.catalina.startup.Catalina start
信息: Server startup in 25481 ms
十二月 29, 2017 5:06:28 下午 org.apache.catalina.core.AprLifecycleListener init
信息: Loaded APR based Apache Tomcat Native library 1.1.31 using APR version 1.4.8.
十二月 29, 2017 5:06:28 下午 org.apache.catalina.core.AprLifecycleListener init
信息: APR capabilities: IPv6 [true], sendfile [true], accept filters [false], random [true].
十二月 29, 2017 5:06:29 下午 org.apache.catalina.core.AprLifecycleListener initializeSSL
信息: OpenSSL successfully initialized (OpenSSL 1.0.1h 5 Jun 2014)
十二月 29, 2017 5:06:29 下午 org.apache.coyote.AbstractProtocol init
信息: Initializing ProtocolHandler ["http-apr-8080"]
十二月 29, 2017 5:06:29 下午 org.apache.coyote.AbstractProtocol init
信息: Initializing ProtocolHandler ["ajp-apr-8009"]
十二月 29, 2017 5:06:29 下午 org.apache.catalina.startup.Catalina load
信息: Initialization processed in 1343 ms
十二月 29, 2017 5:06:29 下午 org.apache.catalina.core.StandardService startInternal
信息: Starting service Catalina
十二月 29, 2017 5:06:29 下午 org.apache.catalina.core.StandardEngine startInternal
信息: Starting Servlet Engine: Apache Tomcat/7.0.56
十二月 29, 2017 5:06:29 下午 org.apache.catalina.startup.HostConfig deployDirectory
信息: Deploying web application directory D:\developTool\apache-tomcat-7.0.56bak\webapps\docs
十二月 29, 2017 5:06:29 下午 org.apache.catalina.util.SessionIdGenerator createSecureRandom
信息: Creation of SecureRandom instance for session ID generation using [SHA1PRNG] took [220] milliseconds.
十二月 29, 2017 5:06:29 下午 org.apache.catalina.startup.HostConfig deployDirectory
信息: Deployment of web application directory D:\developTool\apache-tomcat-7.0.56bak\webapps\docs has finished in 493 ms
十二月 29, 2017 5:06:29 下午 org.apache.catalina.startup.HostConfig deployDirectory
信息: Deploying web application directory D:\developTool\apache-tomcat-7.0.56bak\webapps\examples
十二月 29, 2017 5:06:30 下午 org.apache.catalina.startup.HostConfig deployDirectory
信息: Deployment of web application directory D:\developTool\apache-tomcat-7.0.56bak\webapps\examples has finished in 330 ms
十二月 29, 2017 5:06:30 下午 org.apache.catalina.startup.HostConfig deployDirectory
信息: Deploying web application directory D:\developTool\apache-tomcat-7.0.56bak\webapps\host-manager
十二月 29, 2017 5:06:30 下午 org.apache.catalina.startup.HostConfig deployDirectory
信息: Deployment of web application directory D:\developTool\apache-tomcat-7.0.56bak\webapps\host-manager has finished in 67 ms
十二月 29, 2017 5:06:30 下午 org.apache.catalina.startup.HostConfig deployDirectory
信息: Deploying web application directory D:\developTool\apache-tomcat-7.0.56bak\webapps\manager
十二月 29, 2017 5:06:30 下午 org.apache.catalina.startup.HostConfig deployDirectory
信息: Deployment of web application directory D:\developTool\apache-tomcat-7.0.56bak\webapps\manager has finished in 62 ms
十二月 29, 2017 5:06:30 下午 org.apache.catalina.startup.HostConfig deployDirectory
信息: Deploying web application directory D:\developTool\apache-tomcat-7.0.56bak\webapps\ROOT
十二月 29, 2017 5:06:30 下午 org.apache.catalina.startup.HostConfig deployDirectory
信息: Deployment of web application directory D:\developTool\apache-tomcat-7.0.56bak\webapps\ROOT has finished in 48 ms
十二月 29, 2017 5:06:30 下午 org.apache.catalina.startup.HostConfig deployDirectory
信息: Deploying web application directory D:\developTool\apache-tomcat-7.0.56bak\webapps\solr
十二月 29, 2017 5:06:53 下午 org.apache.catalina.startup.HostConfig deployDirectory
信息: Deployment of web application directory D:\developTool\apache-tomcat-7.0.56bak\webapps\solr has finished in 22,749 ms
十二月 29, 2017 5:06:53 下午 org.apache.coyote.AbstractProtocol start
信息: Starting ProtocolHandler ["http-apr-8080"]
十二月 29, 2017 5:06:53 下午 org.apache.coyote.AbstractProtocol start
信息: Starting ProtocolHandler ["ajp-apr-8009"]
十二月 29, 2017 5:06:53 下午 org.apache.catalina.startup.Catalina start
信息: Server startup in 23883 ms
十二月 29, 2017 8:59:24 下午 org.apache.catalina.core.AprLifecycleListener init
信息: Loaded APR based Apache Tomcat Native library 1.1.31 using APR version 1.4.8.
十二月 29, 2017 8:59:24 下午 org.apache.catalina.core.AprLifecycleListener init
信息: APR capabilities: IPv6 [true], sendfile [true], accept filters [false], random [true].
十二月 29, 2017 8:59:26 下午 org.apache.catalina.core.AprLifecycleListener initializeSSL
信息: OpenSSL successfully initialized (OpenSSL 1.0.1h 5 Jun 2014)
十二月 29, 2017 8:59:27 下午 org.apache.coyote.AbstractProtocol init
信息: Initializing ProtocolHandler ["http-apr-8080"]
十二月 29, 2017 8:59:27 下午 org.apache.coyote.AbstractProtocol init
信息: Initializing ProtocolHandler ["ajp-apr-8009"]
十二月 29, 2017 8:59:27 下午 org.apache.catalina.startup.Catalina load
信息: Initialization processed in 4181 ms
十二月 29, 2017 8:59:27 下午 org.apache.catalina.core.StandardService startInternal
信息: Starting service Catalina
十二月 29, 2017 8:59:27 下午 org.apache.catalina.core.StandardEngine startInternal
信息: Starting Servlet Engine: Apache Tomcat/7.0.56
十二月 29, 2017 8:59:27 下午 org.apache.catalina.startup.HostConfig deployDirectory
信息: Deploying web application directory D:\developTool\apache-tomcat-7.0.56bak\webapps\docs
十二月 29, 2017 8:59:28 下午 org.apache.catalina.util.SessionIdGenerator createSecureRandom
信息: Creation of SecureRandom instance for session ID generation using [SHA1PRNG] took [300] milliseconds.
十二月 29, 2017 8:59:28 下午 org.apache.catalina.startup.HostConfig deployDirectory
信息: Deployment of web application directory D:\developTool\apache-tomcat-7.0.56bak\webapps\docs has finished in 1,376 ms
十二月 29, 2017 8:59:28 下午 org.apache.catalina.startup.HostConfig deployDirectory
信息: Deploying web application directory D:\developTool\apache-tomcat-7.0.56bak\webapps\examples
十二月 29, 2017 8:59:29 下午 org.apache.catalina.startup.HostConfig deployDirectory
信息: Deployment of web application directory D:\developTool\apache-tomcat-7.0.56bak\webapps\examples has finished in 722 ms
十二月 29, 2017 8:59:29 下午 org.apache.catalina.startup.HostConfig deployDirectory
信息: Deploying web application directory D:\developTool\apache-tomcat-7.0.56bak\webapps\host-manager
十二月 29, 2017 8:59:29 下午 org.apache.catalina.startup.HostConfig deployDirectory
信息: Deployment of web application directory D:\developTool\apache-tomcat-7.0.56bak\webapps\host-manager has finished in 85 ms
十二月 29, 2017 8:59:29 下午 org.apache.catalina.startup.HostConfig deployDirectory
信息: Deploying web application directory D:\developTool\apache-tomcat-7.0.56bak\webapps\manager
十二月 29, 2017 8:59:29 下午 org.apache.catalina.startup.HostConfig deployDirectory
信息: Deployment of web application directory D:\developTool\apache-tomcat-7.0.56bak\webapps\manager has finished in 71 ms
十二月 29, 2017 8:59:29 下午 org.apache.catalina.startup.HostConfig deployDirectory
信息: Deploying web application directory D:\developTool\apache-tomcat-7.0.56bak\webapps\ROOT
十二月 29, 2017 8:59:29 下午 org.apache.catalina.startup.HostConfig deployDirectory
信息: Deployment of web application directory D:\developTool\apache-tomcat-7.0.56bak\webapps\ROOT has finished in 63 ms
十二月 29, 2017 8:59:29 下午 org.apache.catalina.startup.HostConfig deployDirectory
信息: Deploying web application directory D:\developTool\apache-tomcat-7.0.56bak\webapps\solr
十二月 29, 2017 9:00:00 下午 org.apache.catalina.startup.HostConfig deployDirectory
信息: Deployment of web application directory D:\developTool\apache-tomcat-7.0.56bak\webapps\solr has finished in 30,818 ms
十二月 29, 2017 9:00:00 下午 org.apache.coyote.AbstractProtocol start
信息: Starting ProtocolHandler ["http-apr-8080"]
十二月 29, 2017 9:00:00 下午 org.apache.coyote.AbstractProtocol start
信息: Starting ProtocolHandler ["ajp-apr-8009"]
十二月 29, 2017 9:00:00 下午 org.apache.catalina.startup.Catalina start
信息: Server startup in 33335 ms
