十二月 25, 2017 2:51:07 下午 org.apache.catalina.core.ApplicationContext log
信息: ContextListener: contextInitialized()
十二月 25, 2017 2:51:07 下午 org.apache.catalina.core.ApplicationContext log
信息: SessionListener: contextInitialized()
十二月 25, 2017 2:51:07 下午 org.apache.catalina.core.ApplicationContext log
信息: ContextListener: attributeAdded('org.apache.jasper.compiler.TldLocationsCache', 'org.apache.jasper.compiler.TldLocationsCache@2bc18be5')
十二月 25, 2017 2:51:07 下午 org.apache.catalina.core.ApplicationContext log
信息: SessionListener: contextDestroyed()
十二月 25, 2017 2:51:07 下午 org.apache.catalina.core.ApplicationContext log
信息: ContextListener: contextDestroyed()
十二月 25, 2017 2:51:34 下午 org.apache.catalina.core.ApplicationContext log
信息: ContextListener: contextInitialized()
十二月 25, 2017 2:51:34 下午 org.apache.catalina.core.ApplicationContext log
信息: SessionListener: contextInitialized()
十二月 25, 2017 2:51:34 下午 org.apache.catalina.core.ApplicationContext log
信息: ContextListener: attributeAdded('org.apache.jasper.compiler.TldLocationsCache', 'org.apache.jasper.compiler.TldLocationsCache@1cc72357')
十二月 25, 2017 2:51:54 下午 org.apache.catalina.core.ApplicationContext log
信息: ContextListener: contextInitialized()
十二月 25, 2017 2:51:54 下午 org.apache.catalina.core.ApplicationContext log
信息: SessionListener: contextInitialized()
十二月 25, 2017 2:51:54 下午 org.apache.catalina.core.ApplicationContext log
信息: ContextListener: attributeAdded('org.apache.jasper.compiler.TldLocationsCache', 'org.apache.jasper.compiler.TldLocationsCache@32856168')
十二月 25, 2017 2:51:54 下午 org.apache.catalina.core.ApplicationContext log
信息: SessionListener: contextDestroyed()
十二月 25, 2017 2:51:54 下午 org.apache.catalina.core.ApplicationContext log
信息: ContextListener: contextDestroyed()
十二月 25, 2017 2:53:09 下午 org.apache.catalina.core.ApplicationContext log
信息: ContextListener: contextInitialized()
十二月 25, 2017 2:53:09 下午 org.apache.catalina.core.ApplicationContext log
信息: SessionListener: contextInitialized()
十二月 25, 2017 2:53:09 下午 org.apache.catalina.core.ApplicationContext log
信息: ContextListener: attributeAdded('org.apache.jasper.compiler.TldLocationsCache', 'org.apache.jasper.compiler.TldLocationsCache@7b4d795a')
十二月 25, 2017 2:53:09 下午 org.apache.catalina.core.ApplicationContext log
信息: SessionListener: contextDestroyed()
十二月 25, 2017 2:53:09 下午 org.apache.catalina.core.ApplicationContext log
信息: ContextListener: contextDestroyed()
十二月 25, 2017 3:06:59 下午 org.apache.catalina.core.ApplicationContext log
信息: ContextListener: contextInitialized()
十二月 25, 2017 3:06:59 下午 org.apache.catalina.core.ApplicationContext log
信息: SessionListener: contextInitialized()
十二月 25, 2017 3:06:59 下午 org.apache.catalina.core.ApplicationContext log
信息: ContextListener: attributeAdded('org.apache.jasper.compiler.TldLocationsCache', 'org.apache.jasper.compiler.TldLocationsCache@53d0b00d')
十二月 25, 2017 3:08:54 下午 org.apache.catalina.core.ApplicationContext log
信息: ContextListener: contextInitialized()
十二月 25, 2017 3:08:54 下午 org.apache.catalina.core.ApplicationContext log
信息: SessionListener: contextInitialized()
十二月 25, 2017 3:08:54 下午 org.apache.catalina.core.ApplicationContext log
信息: ContextListener: attributeAdded('org.apache.jasper.compiler.TldLocationsCache', 'org.apache.jasper.compiler.TldLocationsCache@53d0b00d')
