五月 19, 2018 12:32:43 上午 org.apache.catalina.core.ApplicationContext log
信息: ContextListener: contextInitialized()
五月 19, 2018 12:32:43 上午 org.apache.catalina.core.ApplicationContext log
信息: SessionListener: contextInitialized()
五月 19, 2018 12:32:43 上午 org.apache.catalina.core.ApplicationContext log
信息: ContextListener: attributeAdded('org.apache.jasper.compiler.TldLocationsCache', 'org.apache.jasper.compiler.TldLocationsCache@7b26e1a9')
五月 19, 2018 12:34:25 上午 org.apache.catalina.core.ApplicationContext log
信息: ContextListener: contextInitialized()
五月 19, 2018 12:34:25 上午 org.apache.catalina.core.ApplicationContext log
信息: SessionListener: contextInitialized()
五月 19, 2018 12:34:25 上午 org.apache.catalina.core.ApplicationContext log
信息: ContextListener: attributeAdded('org.apache.jasper.compiler.TldLocationsCache', 'org.apache.jasper.compiler.TldLocationsCache@4dcb3dab')
五月 19, 2018 1:45:03 上午 org.apache.catalina.core.ApplicationContext log
信息: ContextListener: contextInitialized()
五月 19, 2018 1:45:03 上午 org.apache.catalina.core.ApplicationContext log
信息: SessionListener: contextInitialized()
五月 19, 2018 1:45:03 上午 org.apache.catalina.core.ApplicationContext log
信息: ContextListener: attributeAdded('org.apache.jasper.compiler.TldLocationsCache', 'org.apache.jasper.compiler.TldLocationsCache@2cd685fe')
五月 19, 2018 2:16:56 下午 org.apache.catalina.core.ApplicationContext log
信息: ContextListener: contextInitialized()
五月 19, 2018 2:16:56 下午 org.apache.catalina.core.ApplicationContext log
信息: SessionListener: contextInitialized()
五月 19, 2018 2:16:56 下午 org.apache.catalina.core.ApplicationContext log
信息: ContextListener: attributeAdded('org.apache.jasper.compiler.TldLocationsCache', 'org.apache.jasper.compiler.TldLocationsCache@1288088c')
五月 19, 2018 6:20:53 下午 org.apache.catalina.core.ApplicationContext log
信息: ContextListener: contextInitialized()
五月 19, 2018 6:20:53 下午 org.apache.catalina.core.ApplicationContext log
信息: SessionListener: contextInitialized()
五月 19, 2018 6:20:53 下午 org.apache.catalina.core.ApplicationContext log
信息: ContextListener: attributeAdded('org.apache.jasper.compiler.TldLocationsCache', 'org.apache.jasper.compiler.TldLocationsCache@69aa1cb5')
